{"D:\\NGODING\\Phincon training\\Week 7\\AL-meme\\server\\app.js": {"path":"D:\\NGODING\\Phincon training\\Week 7\\AL-meme\\server\\app.js","statementMap":{"0":{"start":{"line":1,"column":15},"end":{"line":1,"column":41}},"1":{"start":{"line":2,"column":16},"end":{"line":2,"column":34}},"2":{"start":{"line":3,"column":13},"end":{"line":3,"column":28}},"3":{"start":{"line":4,"column":12},"end":{"line":4,"column":21}},"4":{"start":{"line":5,"column":13},"end":{"line":5,"column":17}},"5":{"start":{"line":6,"column":15},"end":{"line":6,"column":40}},"6":{"start":{"line":8,"column":0},"end":{"line":8,"column":6}},"7":{"start":{"line":9,"column":0},"end":{"line":9,"column":15}},"8":{"start":{"line":10,"column":0},"end":{"line":10,"column":23}},"9":{"start":{"line":11,"column":0},"end":{"line":11,"column":48}},"10":{"start":{"line":12,"column":0},"end":{"line":12,"column":23}},"11":{"start":{"line":13,"column":0},"end":{"line":13,"column":62}},"12":{"start":{"line":15,"column":0},"end":{"line":19,"column":1}},"13":{"start":{"line":16,"column":2},"end":{"line":18,"column":4}},"14":{"start":{"line":17,"column":4},"end":{"line":17,"column":56}},"15":{"start":{"line":21,"column":0},"end":{"line":21,"column":20}}},"fnMap":{"0":{"name":"(anonymous_0)","decl":{"start":{"line":16,"column":19},"end":{"line":16,"column":20}},"loc":{"start":{"line":16,"column":25},"end":{"line":18,"column":3}},"line":16}},"branchMap":{"0":{"loc":{"start":{"line":15,"column":0},"end":{"line":19,"column":1}},"type":"if","locations":[{"start":{"line":15,"column":0},"end":{"line":19,"column":1}},{"start":{},"end":{}}],"line":15}},"s":{"0":5,"1":5,"2":5,"3":5,"4":5,"5":5,"6":5,"7":5,"8":5,"9":5,"10":5,"11":5,"12":5,"13":0,"14":0,"15":5},"f":{"0":0},"b":{"0":[0,5]},"_coverageSchema":"1a1c01bbd47fc00a2c39e90264f33305004495a9","hash":"4a39ffc4f39666d2554d7e0295f8db1363e7007e"}
,"D:\\NGODING\\Phincon training\\Week 7\\AL-meme\\server\\controllers\\commentController.js": {"path":"D:\\NGODING\\Phincon training\\Week 7\\AL-meme\\server\\controllers\\commentController.js","statementMap":{"0":{"start":{"line":1,"column":76},"end":{"line":1,"column":109}},"1":{"start":{"line":2,"column":32},"end":{"line":2,"column":52}},"2":{"start":{"line":3,"column":12},"end":{"line":3,"column":26}},"3":{"start":{"line":4,"column":20},"end":{"line":4,"column":52}},"4":{"start":{"line":6,"column":0},"end":{"line":48,"column":1}},"5":{"start":{"line":7,"column":4},"end":{"line":47,"column":5}},"6":{"start":{"line":8,"column":27},"end":{"line":8,"column":35}},"7":{"start":{"line":9,"column":27},"end":{"line":9,"column":37}},"8":{"start":{"line":10,"column":23},"end":{"line":10,"column":34}},"9":{"start":{"line":13,"column":23},"end":{"line":15,"column":10}},"10":{"start":{"line":17,"column":26},"end":{"line":17,"column":53}},"11":{"start":{"line":19,"column":8},"end":{"line":21,"column":9}},"12":{"start":{"line":20,"column":12},"end":{"line":20,"column":52}},"13":{"start":{"line":23,"column":25},"end":{"line":23,"column":52}},"14":{"start":{"line":25,"column":8},"end":{"line":27,"column":9}},"15":{"start":{"line":26,"column":12},"end":{"line":26,"column":52}},"16":{"start":{"line":29,"column":23},"end":{"line":33,"column":10}},"17":{"start":{"line":35,"column":25},"end":{"line":35,"column":48}},"18":{"start":{"line":36,"column":35},"end":{"line":36,"column":69}},"19":{"start":{"line":38,"column":8},"end":{"line":41,"column":9}},"20":{"start":{"line":39,"column":12},"end":{"line":39,"column":44}},"21":{"start":{"line":43,"column":8},"end":{"line":43,"column":63}},"22":{"start":{"line":46,"column":8},"end":{"line":46,"column":39}},"23":{"start":{"line":50,"column":0},"end":{"line":89,"column":1}},"24":{"start":{"line":51,"column":4},"end":{"line":88,"column":5}},"25":{"start":{"line":52,"column":27},"end":{"line":52,"column":37}},"26":{"start":{"line":54,"column":25},"end":{"line":54,"column":48}},"27":{"start":{"line":55,"column":30},"end":{"line":55,"column":61}},"28":{"start":{"line":57,"column":8},"end":{"line":60,"column":9}},"29":{"start":{"line":58,"column":29},"end":{"line":58,"column":54}},"30":{"start":{"line":59,"column":12},"end":{"line":59,"column":72}},"31":{"start":{"line":62,"column":28},"end":{"line":80,"column":10}},"32":{"start":{"line":82,"column":8},"end":{"line":82,"column":80}},"33":{"start":{"line":84,"column":8},"end":{"line":84,"column":41}},"34":{"start":{"line":87,"column":8},"end":{"line":87,"column":39}},"35":{"start":{"line":91,"column":0},"end":{"line":131,"column":1}},"36":{"start":{"line":92,"column":4},"end":{"line":130,"column":5}},"37":{"start":{"line":93,"column":30},"end":{"line":93,"column":40}},"38":{"start":{"line":94,"column":23},"end":{"line":94,"column":34}},"39":{"start":{"line":95,"column":28},"end":{"line":105,"column":10}},"40":{"start":{"line":107,"column":8},"end":{"line":109,"column":9}},"41":{"start":{"line":108,"column":12},"end":{"line":108,"column":55}},"42":{"start":{"line":111,"column":23},"end":{"line":116,"column":10}},"43":{"start":{"line":118,"column":25},"end":{"line":118,"column":61}},"44":{"start":{"line":119,"column":35},"end":{"line":119,"column":69}},"45":{"start":{"line":121,"column":8},"end":{"line":124,"column":9}},"46":{"start":{"line":122,"column":12},"end":{"line":122,"column":44}},"47":{"start":{"line":126,"column":8},"end":{"line":126,"column":71}},"48":{"start":{"line":129,"column":8},"end":{"line":129,"column":39}}},"fnMap":{"0":{"name":"(anonymous_0)","decl":{"start":{"line":6,"column":21},"end":{"line":6,"column":22}},"loc":{"start":{"line":6,"column":41},"end":{"line":48,"column":1}},"line":6},"1":{"name":"(anonymous_1)","decl":{"start":{"line":50,"column":24},"end":{"line":50,"column":25}},"loc":{"start":{"line":50,"column":44},"end":{"line":89,"column":1}},"line":50},"2":{"name":"(anonymous_2)","decl":{"start":{"line":91,"column":24},"end":{"line":91,"column":25}},"loc":{"start":{"line":91,"column":44},"end":{"line":131,"column":1}},"line":91}},"branchMap":{"0":{"loc":{"start":{"line":19,"column":8},"end":{"line":21,"column":9}},"type":"if","locations":[{"start":{"line":19,"column":8},"end":{"line":21,"column":9}},{"start":{},"end":{}}],"line":19},"1":{"loc":{"start":{"line":25,"column":8},"end":{"line":27,"column":9}},"type":"if","locations":[{"start":{"line":25,"column":8},"end":{"line":27,"column":9}},{"start":{},"end":{}}],"line":25},"2":{"loc":{"start":{"line":38,"column":8},"end":{"line":41,"column":9}},"type":"if","locations":[{"start":{"line":38,"column":8},"end":{"line":41,"column":9}},{"start":{},"end":{}}],"line":38},"3":{"loc":{"start":{"line":57,"column":8},"end":{"line":60,"column":9}},"type":"if","locations":[{"start":{"line":57,"column":8},"end":{"line":60,"column":9}},{"start":{},"end":{}}],"line":57},"4":{"loc":{"start":{"line":107,"column":8},"end":{"line":109,"column":9}},"type":"if","locations":[{"start":{"line":107,"column":8},"end":{"line":109,"column":9}},{"start":{},"end":{}}],"line":107},"5":{"loc":{"start":{"line":121,"column":8},"end":{"line":124,"column":9}},"type":"if","locations":[{"start":{"line":121,"column":8},"end":{"line":124,"column":9}},{"start":{},"end":{}}],"line":121}},"s":{"0":5,"1":5,"2":5,"3":5,"4":5,"5":3,"6":3,"7":3,"8":3,"9":3,"10":3,"11":3,"12":1,"13":2,"14":2,"15":1,"16":1,"17":1,"18":1,"19":1,"20":1,"21":1,"22":0,"23":5,"24":1,"25":1,"26":1,"27":1,"28":1,"29":0,"30":0,"31":1,"32":1,"33":1,"34":0,"35":5,"36":2,"37":2,"38":2,"39":2,"40":2,"41":1,"42":1,"43":1,"44":1,"45":1,"46":0,"47":1,"48":0},"f":{"0":3,"1":1,"2":2},"b":{"0":[1,2],"1":[1,1],"2":[1,0],"3":[0,1],"4":[1,1],"5":[0,1]},"_coverageSchema":"1a1c01bbd47fc00a2c39e90264f33305004495a9","hash":"971b12d0c568a42cea7c1a996c65e8fe9102fd17"}
,"D:\\NGODING\\Phincon training\\Week 7\\AL-meme\\server\\controllers\\likeController.js": {"path":"D:\\NGODING\\Phincon training\\Week 7\\AL-meme\\server\\controllers\\likeController.js","statementMap":{"0":{"start":{"line":1,"column":80},"end":{"line":1,"column":113}},"1":{"start":{"line":2,"column":29},"end":{"line":2,"column":49}},"2":{"start":{"line":3,"column":20},"end":{"line":3,"column":52}},"3":{"start":{"line":5,"column":0},"end":{"line":44,"column":1}},"4":{"start":{"line":6,"column":4},"end":{"line":43,"column":5}},"5":{"start":{"line":7,"column":27},"end":{"line":7,"column":37}},"6":{"start":{"line":9,"column":25},"end":{"line":9,"column":45}},"7":{"start":{"line":10,"column":27},"end":{"line":10,"column":58}},"8":{"start":{"line":12,"column":8},"end":{"line":20,"column":9}},"9":{"start":{"line":13,"column":26},"end":{"line":13,"column":48}},"10":{"start":{"line":14,"column":30},"end":{"line":14,"column":42}},"11":{"start":{"line":15,"column":12},"end":{"line":19,"column":14}},"12":{"start":{"line":22,"column":25},"end":{"line":34,"column":10}},"13":{"start":{"line":36,"column":8},"end":{"line":36,"column":77}},"14":{"start":{"line":38,"column":26},"end":{"line":38,"column":41}},"15":{"start":{"line":39,"column":8},"end":{"line":39,"column":59}},"16":{"start":{"line":42,"column":8},"end":{"line":42,"column":39}},"17":{"start":{"line":46,"column":0},"end":{"line":87,"column":1}},"18":{"start":{"line":47,"column":4},"end":{"line":86,"column":5}},"19":{"start":{"line":48,"column":27},"end":{"line":48,"column":37}},"20":{"start":{"line":49,"column":23},"end":{"line":49,"column":34}},"21":{"start":{"line":51,"column":25},"end":{"line":51,"column":52}},"22":{"start":{"line":53,"column":8},"end":{"line":55,"column":9}},"23":{"start":{"line":54,"column":12},"end":{"line":54,"column":52}},"24":{"start":{"line":57,"column":29},"end":{"line":62,"column":10}},"25":{"start":{"line":64,"column":8},"end":{"line":66,"column":9}},"26":{"start":{"line":65,"column":12},"end":{"line":65,"column":77}},"27":{"start":{"line":68,"column":23},"end":{"line":71,"column":10}},"28":{"start":{"line":73,"column":25},"end":{"line":73,"column":45}},"29":{"start":{"line":75,"column":32},"end":{"line":75,"column":66}},"30":{"start":{"line":77,"column":8},"end":{"line":80,"column":9}},"31":{"start":{"line":78,"column":12},"end":{"line":78,"column":44}},"32":{"start":{"line":82,"column":8},"end":{"line":82,"column":66}},"33":{"start":{"line":85,"column":8},"end":{"line":85,"column":39}},"34":{"start":{"line":89,"column":0},"end":{"line":126,"column":1}},"35":{"start":{"line":90,"column":4},"end":{"line":125,"column":5}},"36":{"start":{"line":91,"column":27},"end":{"line":91,"column":37}},"37":{"start":{"line":92,"column":23},"end":{"line":92,"column":34}},"38":{"start":{"line":94,"column":25},"end":{"line":94,"column":52}},"39":{"start":{"line":96,"column":8},"end":{"line":98,"column":9}},"40":{"start":{"line":97,"column":12},"end":{"line":97,"column":52}},"41":{"start":{"line":100,"column":28},"end":{"line":105,"column":10}},"42":{"start":{"line":107,"column":8},"end":{"line":121,"column":9}},"43":{"start":{"line":109,"column":29},"end":{"line":109,"column":49}},"44":{"start":{"line":111,"column":36},"end":{"line":111,"column":70}},"45":{"start":{"line":113,"column":12},"end":{"line":116,"column":13}},"46":{"start":{"line":114,"column":16},"end":{"line":114,"column":48}},"47":{"start":{"line":118,"column":12},"end":{"line":118,"column":73}},"48":{"start":{"line":120,"column":12},"end":{"line":120,"column":91}},"49":{"start":{"line":124,"column":8},"end":{"line":124,"column":39}}},"fnMap":{"0":{"name":"(anonymous_0)","decl":{"start":{"line":5,"column":18},"end":{"line":5,"column":19}},"loc":{"start":{"line":5,"column":38},"end":{"line":44,"column":1}},"line":5},"1":{"name":"(anonymous_1)","decl":{"start":{"line":46,"column":18},"end":{"line":46,"column":19}},"loc":{"start":{"line":46,"column":38},"end":{"line":87,"column":1}},"line":46},"2":{"name":"(anonymous_2)","decl":{"start":{"line":89,"column":21},"end":{"line":89,"column":22}},"loc":{"start":{"line":89,"column":41},"end":{"line":126,"column":1}},"line":89}},"branchMap":{"0":{"loc":{"start":{"line":12,"column":8},"end":{"line":20,"column":9}},"type":"if","locations":[{"start":{"line":12,"column":8},"end":{"line":20,"column":9}},{"start":{},"end":{}}],"line":12},"1":{"loc":{"start":{"line":53,"column":8},"end":{"line":55,"column":9}},"type":"if","locations":[{"start":{"line":53,"column":8},"end":{"line":55,"column":9}},{"start":{},"end":{}}],"line":53},"2":{"loc":{"start":{"line":64,"column":8},"end":{"line":66,"column":9}},"type":"if","locations":[{"start":{"line":64,"column":8},"end":{"line":66,"column":9}},{"start":{},"end":{}}],"line":64},"3":{"loc":{"start":{"line":77,"column":8},"end":{"line":80,"column":9}},"type":"if","locations":[{"start":{"line":77,"column":8},"end":{"line":80,"column":9}},{"start":{},"end":{}}],"line":77},"4":{"loc":{"start":{"line":96,"column":8},"end":{"line":98,"column":9}},"type":"if","locations":[{"start":{"line":96,"column":8},"end":{"line":98,"column":9}},{"start":{},"end":{}}],"line":96},"5":{"loc":{"start":{"line":107,"column":8},"end":{"line":121,"column":9}},"type":"if","locations":[{"start":{"line":107,"column":8},"end":{"line":121,"column":9}},{"start":{"line":119,"column":15},"end":{"line":121,"column":9}}],"line":107},"6":{"loc":{"start":{"line":113,"column":12},"end":{"line":116,"column":13}},"type":"if","locations":[{"start":{"line":113,"column":12},"end":{"line":116,"column":13}},{"start":{},"end":{}}],"line":113}},"s":{"0":5,"1":5,"2":5,"3":5,"4":1,"5":1,"6":1,"7":1,"8":1,"9":0,"10":0,"11":0,"12":1,"13":1,"14":1,"15":1,"16":0,"17":5,"18":3,"19":3,"20":3,"21":3,"22":3,"23":1,"24":2,"25":2,"26":1,"27":1,"28":1,"29":1,"30":1,"31":0,"32":1,"33":0,"34":5,"35":3,"36":3,"37":3,"38":3,"39":3,"40":1,"41":2,"42":2,"43":1,"44":1,"45":1,"46":1,"47":1,"48":1,"49":0},"f":{"0":1,"1":3,"2":3},"b":{"0":[0,1],"1":[1,2],"2":[1,1],"3":[0,1],"4":[1,2],"5":[1,1],"6":[1,0]},"_coverageSchema":"1a1c01bbd47fc00a2c39e90264f33305004495a9","hash":"4a14fb53d2310357cc53f27db787c59f8b29fd87"}
,"D:\\NGODING\\Phincon training\\Week 7\\AL-meme\\server\\controllers\\memeController.js": {"path":"D:\\NGODING\\Phincon training\\Week 7\\AL-meme\\server\\controllers\\memeController.js","statementMap":{"0":{"start":{"line":1,"column":53},"end":{"line":1,"column":86}},"1":{"start":{"line":3,"column":17},"end":{"line":3,"column":37}},"2":{"start":{"line":4,"column":14},"end":{"line":4,"column":30}},"3":{"start":{"line":6,"column":0},"end":{"line":55,"column":1}},"4":{"start":{"line":7,"column":4},"end":{"line":54,"column":5}},"5":{"start":{"line":9,"column":21},"end":{"line":9,"column":34}},"6":{"start":{"line":10,"column":21},"end":{"line":10,"column":40}},"7":{"start":{"line":11,"column":25},"end":{"line":11,"column":27}},"8":{"start":{"line":13,"column":23},"end":{"line":13,"column":44}},"9":{"start":{"line":17,"column":8},"end":{"line":36,"column":9}},"10":{"start":{"line":18,"column":12},"end":{"line":27,"column":15}},"11":{"start":{"line":29,"column":12},"end":{"line":35,"column":15}},"12":{"start":{"line":38,"column":29},"end":{"line":43,"column":15}},"13":{"start":{"line":45,"column":28},"end":{"line":45,"column":62}},"14":{"start":{"line":47,"column":8},"end":{"line":50,"column":11}},"15":{"start":{"line":53,"column":8},"end":{"line":53,"column":39}},"16":{"start":{"line":57,"column":0},"end":{"line":97,"column":1}},"17":{"start":{"line":58,"column":4},"end":{"line":96,"column":5}},"18":{"start":{"line":59,"column":27},"end":{"line":59,"column":37}},"19":{"start":{"line":60,"column":21},"end":{"line":60,"column":48}},"20":{"start":{"line":62,"column":8},"end":{"line":64,"column":9}},"21":{"start":{"line":63,"column":12},"end":{"line":63,"column":52}},"22":{"start":{"line":66,"column":25},"end":{"line":66,"column":53}},"23":{"start":{"line":67,"column":25},"end":{"line":67,"column":53}},"24":{"start":{"line":68,"column":24},"end":{"line":68,"column":26}},"25":{"start":{"line":70,"column":8},"end":{"line":72,"column":9}},"26":{"start":{"line":70,"column":21},"end":{"line":70,"column":22}},"27":{"start":{"line":71,"column":12},"end":{"line":71,"column":48}},"28":{"start":{"line":75,"column":28},"end":{"line":75,"column":40}},"29":{"start":{"line":77,"column":23},"end":{"line":88,"column":9}},"30":{"start":{"line":90,"column":28},"end":{"line":90,"column":48}},"31":{"start":{"line":92,"column":8},"end":{"line":92,"column":49}},"32":{"start":{"line":95,"column":8},"end":{"line":95,"column":39}},"33":{"start":{"line":100,"column":0},"end":{"line":153,"column":1}},"34":{"start":{"line":101,"column":4},"end":{"line":152,"column":5}},"35":{"start":{"line":102,"column":27},"end":{"line":102,"column":37}},"36":{"start":{"line":103,"column":61},"end":{"line":103,"column":69}},"37":{"start":{"line":105,"column":25},"end":{"line":105,"column":53}},"38":{"start":{"line":106,"column":25},"end":{"line":106,"column":53}},"39":{"start":{"line":107,"column":24},"end":{"line":107,"column":26}},"40":{"start":{"line":109,"column":8},"end":{"line":111,"column":9}},"41":{"start":{"line":110,"column":12},"end":{"line":110,"column":42}},"42":{"start":{"line":112,"column":8},"end":{"line":114,"column":9}},"43":{"start":{"line":113,"column":12},"end":{"line":113,"column":42}},"44":{"start":{"line":115,"column":8},"end":{"line":117,"column":9}},"45":{"start":{"line":116,"column":12},"end":{"line":116,"column":42}},"46":{"start":{"line":118,"column":8},"end":{"line":120,"column":9}},"47":{"start":{"line":119,"column":12},"end":{"line":119,"column":42}},"48":{"start":{"line":121,"column":8},"end":{"line":123,"column":9}},"49":{"start":{"line":122,"column":12},"end":{"line":122,"column":42}},"50":{"start":{"line":124,"column":8},"end":{"line":126,"column":9}},"51":{"start":{"line":125,"column":12},"end":{"line":125,"column":42}},"52":{"start":{"line":129,"column":25},"end":{"line":129,"column":52}},"53":{"start":{"line":131,"column":28},"end":{"line":131,"column":44}},"54":{"start":{"line":133,"column":23},"end":{"line":144,"column":9}},"55":{"start":{"line":146,"column":28},"end":{"line":146,"column":39}},"56":{"start":{"line":147,"column":8},"end":{"line":147,"column":41}},"57":{"start":{"line":151,"column":8},"end":{"line":151,"column":39}},"58":{"start":{"line":156,"column":0},"end":{"line":191,"column":1}},"59":{"start":{"line":157,"column":4},"end":{"line":190,"column":5}},"60":{"start":{"line":158,"column":27},"end":{"line":158,"column":37}},"61":{"start":{"line":160,"column":25},"end":{"line":160,"column":53}},"62":{"start":{"line":161,"column":25},"end":{"line":161,"column":53}},"63":{"start":{"line":162,"column":24},"end":{"line":162,"column":26}},"64":{"start":{"line":164,"column":8},"end":{"line":166,"column":9}},"65":{"start":{"line":164,"column":21},"end":{"line":164,"column":22}},"66":{"start":{"line":165,"column":12},"end":{"line":165,"column":48}},"67":{"start":{"line":168,"column":25},"end":{"line":168,"column":52}},"68":{"start":{"line":169,"column":28},"end":{"line":169,"column":44}},"69":{"start":{"line":171,"column":23},"end":{"line":182,"column":9}},"70":{"start":{"line":184,"column":28},"end":{"line":184,"column":39}},"71":{"start":{"line":185,"column":8},"end":{"line":185,"column":42}},"72":{"start":{"line":189,"column":8},"end":{"line":189,"column":39}}},"fnMap":{"0":{"name":"(anonymous_0)","decl":{"start":{"line":6,"column":21},"end":{"line":6,"column":22}},"loc":{"start":{"line":6,"column":41},"end":{"line":55,"column":1}},"line":6},"1":{"name":"(anonymous_1)","decl":{"start":{"line":57,"column":22},"end":{"line":57,"column":23}},"loc":{"start":{"line":57,"column":42},"end":{"line":97,"column":1}},"line":57},"2":{"name":"(anonymous_2)","decl":{"start":{"line":100,"column":23},"end":{"line":100,"column":24}},"loc":{"start":{"line":100,"column":43},"end":{"line":153,"column":1}},"line":100},"3":{"name":"(anonymous_3)","decl":{"start":{"line":156,"column":23},"end":{"line":156,"column":24}},"loc":{"start":{"line":156,"column":43},"end":{"line":191,"column":1}},"line":156}},"branchMap":{"0":{"loc":{"start":{"line":10,"column":21},"end":{"line":10,"column":40}},"type":"binary-expr","locations":[{"start":{"line":10,"column":21},"end":{"line":10,"column":35}},{"start":{"line":10,"column":39},"end":{"line":10,"column":40}}],"line":10},"1":{"loc":{"start":{"line":17,"column":8},"end":{"line":36,"column":9}},"type":"if","locations":[{"start":{"line":17,"column":8},"end":{"line":36,"column":9}},{"start":{"line":28,"column":15},"end":{"line":36,"column":9}}],"line":17},"2":{"loc":{"start":{"line":38,"column":29},"end":{"line":43,"column":15}},"type":"cond-expr","locations":[{"start":{"line":38,"column":40},"end":{"line":43,"column":10}},{"start":{"line":43,"column":13},"end":{"line":43,"column":15}}],"line":38},"3":{"loc":{"start":{"line":62,"column":8},"end":{"line":64,"column":9}},"type":"if","locations":[{"start":{"line":62,"column":8},"end":{"line":64,"column":9}},{"start":{},"end":{}}],"line":62},"4":{"loc":{"start":{"line":109,"column":8},"end":{"line":111,"column":9}},"type":"if","locations":[{"start":{"line":109,"column":8},"end":{"line":111,"column":9}},{"start":{},"end":{}}],"line":109},"5":{"loc":{"start":{"line":112,"column":8},"end":{"line":114,"column":9}},"type":"if","locations":[{"start":{"line":112,"column":8},"end":{"line":114,"column":9}},{"start":{},"end":{}}],"line":112},"6":{"loc":{"start":{"line":115,"column":8},"end":{"line":117,"column":9}},"type":"if","locations":[{"start":{"line":115,"column":8},"end":{"line":117,"column":9}},{"start":{},"end":{}}],"line":115},"7":{"loc":{"start":{"line":118,"column":8},"end":{"line":120,"column":9}},"type":"if","locations":[{"start":{"line":118,"column":8},"end":{"line":120,"column":9}},{"start":{},"end":{}}],"line":118},"8":{"loc":{"start":{"line":121,"column":8},"end":{"line":123,"column":9}},"type":"if","locations":[{"start":{"line":121,"column":8},"end":{"line":123,"column":9}},{"start":{},"end":{}}],"line":121},"9":{"loc":{"start":{"line":124,"column":8},"end":{"line":126,"column":9}},"type":"if","locations":[{"start":{"line":124,"column":8},"end":{"line":126,"column":9}},{"start":{},"end":{}}],"line":124}},"s":{"0":5,"1":5,"2":5,"3":5,"4":1,"5":1,"6":1,"7":1,"8":1,"9":1,"10":1,"11":0,"12":1,"13":1,"14":1,"15":0,"16":5,"17":2,"18":2,"19":2,"20":2,"21":1,"22":1,"23":1,"24":1,"25":1,"26":1,"27":5,"28":1,"29":1,"30":1,"31":1,"32":0,"33":5,"34":0,"35":0,"36":0,"37":0,"38":0,"39":0,"40":0,"41":0,"42":0,"43":0,"44":0,"45":0,"46":0,"47":0,"48":0,"49":0,"50":0,"51":0,"52":0,"53":0,"54":0,"55":0,"56":0,"57":0,"58":5,"59":0,"60":0,"61":0,"62":0,"63":0,"64":0,"65":0,"66":0,"67":0,"68":0,"69":0,"70":0,"71":0,"72":0},"f":{"0":1,"1":2,"2":0,"3":0},"b":{"0":[1,0],"1":[1,0],"2":[0,1],"3":[1,1],"4":[0,0],"5":[0,0],"6":[0,0],"7":[0,0],"8":[0,0],"9":[0,0]},"_coverageSchema":"1a1c01bbd47fc00a2c39e90264f33305004495a9","hash":"7adceb128784333ddb7db8dae330e680dac368f8"}
,"D:\\NGODING\\Phincon training\\Week 7\\AL-meme\\server\\controllers\\myMemeController.js": {"path":"D:\\NGODING\\Phincon training\\Week 7\\AL-meme\\server\\controllers\\myMemeController.js","statementMap":{"0":{"start":{"line":1,"column":76},"end":{"line":1,"column":109}},"1":{"start":{"line":2,"column":31},"end":{"line":2,"column":51}},"2":{"start":{"line":3,"column":12},"end":{"line":3,"column":26}},"3":{"start":{"line":5,"column":0},"end":{"line":22,"column":1}},"4":{"start":{"line":6,"column":4},"end":{"line":21,"column":5}},"5":{"start":{"line":7,"column":25},"end":{"line":16,"column":10}},"6":{"start":{"line":17,"column":8},"end":{"line":17,"column":38}},"7":{"start":{"line":20,"column":8},"end":{"line":20,"column":39}},"8":{"start":{"line":24,"column":0},"end":{"line":50,"column":1}},"9":{"start":{"line":25,"column":4},"end":{"line":49,"column":5}},"10":{"start":{"line":26,"column":29},"end":{"line":26,"column":39}},"11":{"start":{"line":27,"column":23},"end":{"line":27,"column":34}},"12":{"start":{"line":28,"column":25},"end":{"line":38,"column":10}},"13":{"start":{"line":40,"column":8},"end":{"line":42,"column":9}},"14":{"start":{"line":41,"column":12},"end":{"line":41,"column":52}},"15":{"start":{"line":44,"column":8},"end":{"line":44,"column":38}},"16":{"start":{"line":48,"column":8},"end":{"line":48,"column":39}},"17":{"start":{"line":52,"column":0},"end":{"line":87,"column":1}},"18":{"start":{"line":53,"column":4},"end":{"line":86,"column":5}},"19":{"start":{"line":54,"column":27},"end":{"line":54,"column":37}},"20":{"start":{"line":55,"column":24},"end":{"line":55,"column":32}},"21":{"start":{"line":56,"column":23},"end":{"line":56,"column":34}},"22":{"start":{"line":58,"column":25},"end":{"line":58,"column":52}},"23":{"start":{"line":60,"column":8},"end":{"line":62,"column":9}},"24":{"start":{"line":61,"column":12},"end":{"line":61,"column":52}},"25":{"start":{"line":64,"column":23},"end":{"line":67,"column":10}},"26":{"start":{"line":69,"column":26},"end":{"line":69,"column":50}},"27":{"start":{"line":71,"column":8},"end":{"line":73,"column":9}},"28":{"start":{"line":72,"column":12},"end":{"line":72,"column":52}},"29":{"start":{"line":75,"column":23},"end":{"line":80,"column":10}},"30":{"start":{"line":82,"column":8},"end":{"line":82,"column":59}},"31":{"start":{"line":85,"column":8},"end":{"line":85,"column":39}},"32":{"start":{"line":90,"column":0},"end":{"line":139,"column":1}},"33":{"start":{"line":91,"column":4},"end":{"line":138,"column":5}},"34":{"start":{"line":92,"column":29},"end":{"line":92,"column":39}},"35":{"start":{"line":93,"column":23},"end":{"line":93,"column":34}},"36":{"start":{"line":94,"column":24},"end":{"line":94,"column":32}},"37":{"start":{"line":96,"column":25},"end":{"line":106,"column":10}},"38":{"start":{"line":108,"column":8},"end":{"line":110,"column":9}},"39":{"start":{"line":109,"column":12},"end":{"line":109,"column":52}},"40":{"start":{"line":112,"column":23},"end":{"line":115,"column":10}},"41":{"start":{"line":117,"column":26},"end":{"line":117,"column":50}},"42":{"start":{"line":119,"column":8},"end":{"line":121,"column":9}},"43":{"start":{"line":120,"column":12},"end":{"line":120,"column":52}},"44":{"start":{"line":123,"column":27},"end":{"line":132,"column":10}},"45":{"start":{"line":134,"column":8},"end":{"line":134,"column":63}},"46":{"start":{"line":137,"column":8},"end":{"line":137,"column":39}},"47":{"start":{"line":142,"column":0},"end":{"line":164,"column":1}},"48":{"start":{"line":143,"column":4},"end":{"line":163,"column":5}},"49":{"start":{"line":144,"column":29},"end":{"line":144,"column":39}},"50":{"start":{"line":145,"column":25},"end":{"line":145,"column":56}},"51":{"start":{"line":146,"column":23},"end":{"line":146,"column":34}},"52":{"start":{"line":148,"column":8},"end":{"line":150,"column":9}},"53":{"start":{"line":149,"column":12},"end":{"line":149,"column":52}},"54":{"start":{"line":152,"column":23},"end":{"line":157,"column":10}},"55":{"start":{"line":159,"column":8},"end":{"line":159,"column":68}},"56":{"start":{"line":162,"column":8},"end":{"line":162,"column":39}}},"fnMap":{"0":{"name":"(anonymous_0)","decl":{"start":{"line":5,"column":20},"end":{"line":5,"column":21}},"loc":{"start":{"line":5,"column":40},"end":{"line":22,"column":1}},"line":5},"1":{"name":"(anonymous_1)","decl":{"start":{"line":24,"column":24},"end":{"line":24,"column":25}},"loc":{"start":{"line":24,"column":44},"end":{"line":50,"column":1}},"line":24},"2":{"name":"(anonymous_2)","decl":{"start":{"line":52,"column":20},"end":{"line":52,"column":21}},"loc":{"start":{"line":52,"column":40},"end":{"line":87,"column":1}},"line":52},"3":{"name":"(anonymous_3)","decl":{"start":{"line":90,"column":21},"end":{"line":90,"column":22}},"loc":{"start":{"line":90,"column":41},"end":{"line":139,"column":1}},"line":90},"4":{"name":"(anonymous_4)","decl":{"start":{"line":142,"column":23},"end":{"line":142,"column":24}},"loc":{"start":{"line":142,"column":43},"end":{"line":164,"column":1}},"line":142}},"branchMap":{"0":{"loc":{"start":{"line":40,"column":8},"end":{"line":42,"column":9}},"type":"if","locations":[{"start":{"line":40,"column":8},"end":{"line":42,"column":9}},{"start":{},"end":{}}],"line":40},"1":{"loc":{"start":{"line":60,"column":8},"end":{"line":62,"column":9}},"type":"if","locations":[{"start":{"line":60,"column":8},"end":{"line":62,"column":9}},{"start":{},"end":{}}],"line":60},"2":{"loc":{"start":{"line":71,"column":8},"end":{"line":73,"column":9}},"type":"if","locations":[{"start":{"line":71,"column":8},"end":{"line":73,"column":9}},{"start":{},"end":{}}],"line":71},"3":{"loc":{"start":{"line":108,"column":8},"end":{"line":110,"column":9}},"type":"if","locations":[{"start":{"line":108,"column":8},"end":{"line":110,"column":9}},{"start":{},"end":{}}],"line":108},"4":{"loc":{"start":{"line":119,"column":8},"end":{"line":121,"column":9}},"type":"if","locations":[{"start":{"line":119,"column":8},"end":{"line":121,"column":9}},{"start":{},"end":{}}],"line":119},"5":{"loc":{"start":{"line":148,"column":8},"end":{"line":150,"column":9}},"type":"if","locations":[{"start":{"line":148,"column":8},"end":{"line":150,"column":9}},{"start":{},"end":{}}],"line":148}},"s":{"0":5,"1":5,"2":5,"3":5,"4":1,"5":1,"6":1,"7":0,"8":5,"9":2,"10":2,"11":2,"12":2,"13":2,"14":1,"15":1,"16":0,"17":5,"18":3,"19":3,"20":3,"21":3,"22":3,"23":3,"24":1,"25":2,"26":2,"27":2,"28":1,"29":1,"30":1,"31":0,"32":5,"33":3,"34":3,"35":3,"36":3,"37":3,"38":3,"39":1,"40":2,"41":2,"42":2,"43":1,"44":1,"45":1,"46":0,"47":5,"48":2,"49":2,"50":2,"51":2,"52":2,"53":1,"54":1,"55":1,"56":0},"f":{"0":1,"1":2,"2":3,"3":3,"4":2},"b":{"0":[1,1],"1":[1,2],"2":[1,1],"3":[1,2],"4":[1,1],"5":[1,1]},"_coverageSchema":"1a1c01bbd47fc00a2c39e90264f33305004495a9","hash":"703c98a15b39f351210462ffd458848fb7a41478"}
,"D:\\NGODING\\Phincon training\\Week 7\\AL-meme\\server\\controllers\\userController.js": {"path":"D:\\NGODING\\Phincon training\\Week 7\\AL-meme\\server\\controllers\\userController.js","statementMap":{"0":{"start":{"line":1,"column":121},"end":{"line":1,"column":154}},"1":{"start":{"line":2,"column":17},"end":{"line":2,"column":37}},"2":{"start":{"line":3,"column":12},"end":{"line":3,"column":26}},"3":{"start":{"line":4,"column":17},"end":{"line":4,"column":41}},"4":{"start":{"line":5,"column":11},"end":{"line":5,"column":24}},"5":{"start":{"line":6,"column":26},"end":{"line":6,"column":53}},"6":{"start":{"line":7,"column":23},"end":{"line":7,"column":49}},"7":{"start":{"line":8,"column":22},"end":{"line":8,"column":59}},"8":{"start":{"line":9,"column":23},"end":{"line":9,"column":66}},"9":{"start":{"line":10,"column":17},"end":{"line":10,"column":37}},"10":{"start":{"line":12,"column":0},"end":{"line":57,"column":1}},"11":{"start":{"line":13,"column":4},"end":{"line":56,"column":5}},"12":{"start":{"line":14,"column":24},"end":{"line":14,"column":32}},"13":{"start":{"line":15,"column":32},"end":{"line":15,"column":126}},"14":{"start":{"line":17,"column":8},"end":{"line":17,"column":42}},"15":{"start":{"line":19,"column":23},"end":{"line":23,"column":10}},"16":{"start":{"line":25,"column":26},"end":{"line":25,"column":50}},"17":{"start":{"line":27,"column":8},"end":{"line":29,"column":9}},"18":{"start":{"line":28,"column":12},"end":{"line":28,"column":52}},"19":{"start":{"line":31,"column":29},"end":{"line":35,"column":10}},"20":{"start":{"line":37,"column":8},"end":{"line":39,"column":9}},"21":{"start":{"line":38,"column":12},"end":{"line":38,"column":103}},"22":{"start":{"line":41,"column":28},"end":{"line":41,"column":43}},"23":{"start":{"line":43,"column":23},"end":{"line":49,"column":10}},"24":{"start":{"line":51,"column":8},"end":{"line":51,"column":32}},"25":{"start":{"line":53,"column":8},"end":{"line":53,"column":68}},"26":{"start":{"line":55,"column":8},"end":{"line":55,"column":39}},"27":{"start":{"line":59,"column":0},"end":{"line":76,"column":1}},"28":{"start":{"line":60,"column":4},"end":{"line":75,"column":5}},"29":{"start":{"line":61,"column":26},"end":{"line":61,"column":35}},"30":{"start":{"line":62,"column":21},"end":{"line":66,"column":10}},"31":{"start":{"line":68,"column":8},"end":{"line":68,"column":32}},"32":{"start":{"line":69,"column":8},"end":{"line":69,"column":29}},"33":{"start":{"line":71,"column":8},"end":{"line":71,"column":26}},"34":{"start":{"line":72,"column":8},"end":{"line":72,"column":52}},"35":{"start":{"line":74,"column":8},"end":{"line":74,"column":39}},"36":{"start":{"line":78,"column":0},"end":{"line":125,"column":1}},"37":{"start":{"line":79,"column":4},"end":{"line":124,"column":5}},"38":{"start":{"line":80,"column":26},"end":{"line":80,"column":34}},"39":{"start":{"line":81,"column":32},"end":{"line":81,"column":128}},"40":{"start":{"line":83,"column":8},"end":{"line":83,"column":44}},"41":{"start":{"line":85,"column":23},"end":{"line":88,"column":10}},"42":{"start":{"line":90,"column":26},"end":{"line":90,"column":52}},"43":{"start":{"line":92,"column":8},"end":{"line":94,"column":9}},"44":{"start":{"line":93,"column":12},"end":{"line":93,"column":52}},"45":{"start":{"line":96,"column":23},"end":{"line":100,"column":10}},"46":{"start":{"line":102,"column":8},"end":{"line":104,"column":9}},"47":{"start":{"line":103,"column":12},"end":{"line":103,"column":51}},"48":{"start":{"line":107,"column":26},"end":{"line":107,"column":72}},"49":{"start":{"line":109,"column":8},"end":{"line":111,"column":9}},"50":{"start":{"line":110,"column":12},"end":{"line":110,"column":40}},"51":{"start":{"line":113,"column":8},"end":{"line":115,"column":9}},"52":{"start":{"line":114,"column":12},"end":{"line":114,"column":91}},"53":{"start":{"line":117,"column":36},"end":{"line":117,"column":44}},"54":{"start":{"line":119,"column":27},"end":{"line":119,"column":52}},"55":{"start":{"line":121,"column":8},"end":{"line":121,"column":62}},"56":{"start":{"line":123,"column":8},"end":{"line":123,"column":39}},"57":{"start":{"line":127,"column":0},"end":{"line":167,"column":1}},"58":{"start":{"line":128,"column":4},"end":{"line":166,"column":5}},"59":{"start":{"line":129,"column":36},"end":{"line":129,"column":44}},"60":{"start":{"line":130,"column":31},"end":{"line":130,"column":74}},"61":{"start":{"line":132,"column":26},"end":{"line":145,"column":10}},"62":{"start":{"line":147,"column":20},"end":{"line":151,"column":10}},"63":{"start":{"line":153,"column":31},"end":{"line":153,"column":59}},"64":{"start":{"line":155,"column":8},"end":{"line":161,"column":9}},"65":{"start":{"line":156,"column":12},"end":{"line":160,"column":14}},"66":{"start":{"line":163,"column":8},"end":{"line":163,"column":69}},"67":{"start":{"line":165,"column":8},"end":{"line":165,"column":39}},"68":{"start":{"line":169,"column":0},"end":{"line":178,"column":1}},"69":{"start":{"line":170,"column":4},"end":{"line":177,"column":5}},"70":{"start":{"line":171,"column":22},"end":{"line":173,"column":10}},"71":{"start":{"line":174,"column":8},"end":{"line":174,"column":35}},"72":{"start":{"line":176,"column":8},"end":{"line":176,"column":39}},"73":{"start":{"line":180,"column":0},"end":{"line":193,"column":1}},"74":{"start":{"line":181,"column":4},"end":{"line":192,"column":5}},"75":{"start":{"line":182,"column":23},"end":{"line":182,"column":34}},"76":{"start":{"line":183,"column":25},"end":{"line":183,"column":52}},"77":{"start":{"line":185,"column":8},"end":{"line":187,"column":9}},"78":{"start":{"line":186,"column":12},"end":{"line":186,"column":52}},"79":{"start":{"line":189,"column":8},"end":{"line":189,"column":38}},"80":{"start":{"line":191,"column":8},"end":{"line":191,"column":39}},"81":{"start":{"line":195,"column":0},"end":{"line":250,"column":1}},"82":{"start":{"line":196,"column":4},"end":{"line":249,"column":5}},"83":{"start":{"line":197,"column":23},"end":{"line":197,"column":34}},"84":{"start":{"line":198,"column":24},"end":{"line":198,"column":32}},"85":{"start":{"line":200,"column":25},"end":{"line":200,"column":52}},"86":{"start":{"line":202,"column":8},"end":{"line":204,"column":9}},"87":{"start":{"line":203,"column":12},"end":{"line":203,"column":52}},"88":{"start":{"line":206,"column":25},"end":{"line":206,"column":42}},"89":{"start":{"line":208,"column":23},"end":{"line":211,"column":10}},"90":{"start":{"line":213,"column":26},"end":{"line":213,"column":50}},"91":{"start":{"line":215,"column":8},"end":{"line":217,"column":9}},"92":{"start":{"line":216,"column":12},"end":{"line":216,"column":52}},"93":{"start":{"line":219,"column":27},"end":{"line":219,"column":71}},"94":{"start":{"line":221,"column":23},"end":{"line":229,"column":10}},"95":{"start":{"line":231,"column":8},"end":{"line":246,"column":9}},"96":{"start":{"line":232,"column":12},"end":{"line":238,"column":13}},"97":{"start":{"line":233,"column":16},"end":{"line":237,"column":17}},"98":{"start":{"line":234,"column":20},"end":{"line":234,"column":44}},"99":{"start":{"line":236,"column":20},"end":{"line":236,"column":76}},"100":{"start":{"line":240,"column":12},"end":{"line":240,"column":72}},"101":{"start":{"line":244,"column":12},"end":{"line":244,"column":78}},"102":{"start":{"line":248,"column":8},"end":{"line":248,"column":39}},"103":{"start":{"line":252,"column":0},"end":{"line":287,"column":1}},"104":{"start":{"line":253,"column":4},"end":{"line":286,"column":5}},"105":{"start":{"line":254,"column":23},"end":{"line":254,"column":34}},"106":{"start":{"line":255,"column":30},"end":{"line":255,"column":38}},"107":{"start":{"line":257,"column":21},"end":{"line":257,"column":48}},"108":{"start":{"line":259,"column":8},"end":{"line":261,"column":9}},"109":{"start":{"line":260,"column":12},"end":{"line":260,"column":52}},"110":{"start":{"line":263,"column":23},"end":{"line":266,"column":10}},"111":{"start":{"line":268,"column":26},"end":{"line":268,"column":56}},"112":{"start":{"line":270,"column":8},"end":{"line":272,"column":9}},"113":{"start":{"line":271,"column":12},"end":{"line":271,"column":52}},"114":{"start":{"line":274,"column":30},"end":{"line":274,"column":79}},"115":{"start":{"line":276,"column":8},"end":{"line":278,"column":9}},"116":{"start":{"line":277,"column":12},"end":{"line":277,"column":76}},"117":{"start":{"line":280,"column":8},"end":{"line":280,"column":56}},"118":{"start":{"line":281,"column":8},"end":{"line":281,"column":26}},"119":{"start":{"line":283,"column":8},"end":{"line":283,"column":74}},"120":{"start":{"line":285,"column":8},"end":{"line":285,"column":39}},"121":{"start":{"line":289,"column":0},"end":{"line":359,"column":1}},"122":{"start":{"line":290,"column":4},"end":{"line":358,"column":5}},"123":{"start":{"line":291,"column":23},"end":{"line":291,"column":34}},"124":{"start":{"line":292,"column":25},"end":{"line":292,"column":52}},"125":{"start":{"line":294,"column":8},"end":{"line":296,"column":9}},"126":{"start":{"line":295,"column":12},"end":{"line":295,"column":52}},"127":{"start":{"line":298,"column":8},"end":{"line":329,"column":9}},"128":{"start":{"line":299,"column":12},"end":{"line":328,"column":13}},"129":{"start":{"line":300,"column":35},"end":{"line":311,"column":17}},"130":{"start":{"line":313,"column":38},"end":{"line":313,"column":65}},"131":{"start":{"line":315,"column":16},"end":{"line":319,"column":18}},"132":{"start":{"line":321,"column":44},"end":{"line":321,"column":57}},"133":{"start":{"line":322,"column":35},"end":{"line":322,"column":60}},"134":{"start":{"line":324,"column":16},"end":{"line":324,"column":136}},"135":{"start":{"line":327,"column":16},"end":{"line":327,"column":97}},"136":{"start":{"line":331,"column":27},"end":{"line":342,"column":9}},"137":{"start":{"line":344,"column":30},"end":{"line":344,"column":57}},"138":{"start":{"line":346,"column":8},"end":{"line":350,"column":10}},"139":{"start":{"line":352,"column":36},"end":{"line":352,"column":49}},"140":{"start":{"line":353,"column":27},"end":{"line":353,"column":52}},"141":{"start":{"line":355,"column":8},"end":{"line":355,"column":103}},"142":{"start":{"line":357,"column":8},"end":{"line":357,"column":40}},"143":{"start":{"line":361,"column":0},"end":{"line":397,"column":1}},"144":{"start":{"line":362,"column":4},"end":{"line":396,"column":5}},"145":{"start":{"line":363,"column":23},"end":{"line":363,"column":34}},"146":{"start":{"line":364,"column":25},"end":{"line":364,"column":52}},"147":{"start":{"line":366,"column":8},"end":{"line":368,"column":9}},"148":{"start":{"line":367,"column":12},"end":{"line":367,"column":52}},"149":{"start":{"line":370,"column":8},"end":{"line":372,"column":9}},"150":{"start":{"line":371,"column":12},"end":{"line":371,"column":91}},"151":{"start":{"line":374,"column":19},"end":{"line":377,"column":10}},"152":{"start":{"line":379,"column":24},"end":{"line":390,"column":9}},"153":{"start":{"line":392,"column":30},"end":{"line":392,"column":69}},"154":{"start":{"line":393,"column":8},"end":{"line":393,"column":43}},"155":{"start":{"line":395,"column":8},"end":{"line":395,"column":39}}},"fnMap":{"0":{"name":"(anonymous_0)","decl":{"start":{"line":12,"column":19},"end":{"line":12,"column":20}},"loc":{"start":{"line":12,"column":39},"end":{"line":57,"column":1}},"line":12},"1":{"name":"(anonymous_1)","decl":{"start":{"line":59,"column":20},"end":{"line":59,"column":21}},"loc":{"start":{"line":59,"column":40},"end":{"line":76,"column":1}},"line":59},"2":{"name":"(anonymous_2)","decl":{"start":{"line":78,"column":16},"end":{"line":78,"column":17}},"loc":{"start":{"line":78,"column":36},"end":{"line":125,"column":1}},"line":78},"3":{"name":"(anonymous_3)","decl":{"start":{"line":127,"column":22},"end":{"line":127,"column":23}},"loc":{"start":{"line":127,"column":42},"end":{"line":167,"column":1}},"line":127},"4":{"name":"(anonymous_4)","decl":{"start":{"line":169,"column":22},"end":{"line":169,"column":23}},"loc":{"start":{"line":169,"column":42},"end":{"line":178,"column":1}},"line":169},"5":{"name":"(anonymous_5)","decl":{"start":{"line":180,"column":22},"end":{"line":180,"column":23}},"loc":{"start":{"line":180,"column":42},"end":{"line":193,"column":1}},"line":180},"6":{"name":"(anonymous_6)","decl":{"start":{"line":195,"column":19},"end":{"line":195,"column":20}},"loc":{"start":{"line":195,"column":39},"end":{"line":250,"column":1}},"line":195},"7":{"name":"(anonymous_7)","decl":{"start":{"line":252,"column":25},"end":{"line":252,"column":26}},"loc":{"start":{"line":252,"column":45},"end":{"line":287,"column":1}},"line":252},"8":{"name":"(anonymous_8)","decl":{"start":{"line":289,"column":21},"end":{"line":289,"column":22}},"loc":{"start":{"line":289,"column":41},"end":{"line":359,"column":1}},"line":289},"9":{"name":"(anonymous_9)","decl":{"start":{"line":361,"column":26},"end":{"line":361,"column":27}},"loc":{"start":{"line":361,"column":46},"end":{"line":397,"column":1}},"line":361}},"branchMap":{"0":{"loc":{"start":{"line":27,"column":8},"end":{"line":29,"column":9}},"type":"if","locations":[{"start":{"line":27,"column":8},"end":{"line":29,"column":9}},{"start":{},"end":{}}],"line":27},"1":{"loc":{"start":{"line":37,"column":8},"end":{"line":39,"column":9}},"type":"if","locations":[{"start":{"line":37,"column":8},"end":{"line":39,"column":9}},{"start":{},"end":{}}],"line":37},"2":{"loc":{"start":{"line":92,"column":8},"end":{"line":94,"column":9}},"type":"if","locations":[{"start":{"line":92,"column":8},"end":{"line":94,"column":9}},{"start":{},"end":{}}],"line":92},"3":{"loc":{"start":{"line":102,"column":8},"end":{"line":104,"column":9}},"type":"if","locations":[{"start":{"line":102,"column":8},"end":{"line":104,"column":9}},{"start":{},"end":{}}],"line":102},"4":{"loc":{"start":{"line":109,"column":8},"end":{"line":111,"column":9}},"type":"if","locations":[{"start":{"line":109,"column":8},"end":{"line":111,"column":9}},{"start":{},"end":{}}],"line":109},"5":{"loc":{"start":{"line":113,"column":8},"end":{"line":115,"column":9}},"type":"if","locations":[{"start":{"line":113,"column":8},"end":{"line":115,"column":9}},{"start":{},"end":{}}],"line":113},"6":{"loc":{"start":{"line":155,"column":8},"end":{"line":161,"column":9}},"type":"if","locations":[{"start":{"line":155,"column":8},"end":{"line":161,"column":9}},{"start":{},"end":{}}],"line":155},"7":{"loc":{"start":{"line":185,"column":8},"end":{"line":187,"column":9}},"type":"if","locations":[{"start":{"line":185,"column":8},"end":{"line":187,"column":9}},{"start":{},"end":{}}],"line":185},"8":{"loc":{"start":{"line":202,"column":8},"end":{"line":204,"column":9}},"type":"if","locations":[{"start":{"line":202,"column":8},"end":{"line":204,"column":9}},{"start":{},"end":{}}],"line":202},"9":{"loc":{"start":{"line":215,"column":8},"end":{"line":217,"column":9}},"type":"if","locations":[{"start":{"line":215,"column":8},"end":{"line":217,"column":9}},{"start":{},"end":{}}],"line":215},"10":{"loc":{"start":{"line":219,"column":27},"end":{"line":219,"column":71}},"type":"cond-expr","locations":[{"start":{"line":219,"column":38},"end":{"line":219,"column":51}},{"start":{"line":219,"column":54},"end":{"line":219,"column":71}}],"line":219},"11":{"loc":{"start":{"line":231,"column":8},"end":{"line":246,"column":9}},"type":"if","locations":[{"start":{"line":231,"column":8},"end":{"line":246,"column":9}},{"start":{"line":242,"column":15},"end":{"line":246,"column":9}}],"line":231},"12":{"loc":{"start":{"line":232,"column":12},"end":{"line":238,"column":13}},"type":"if","locations":[{"start":{"line":232,"column":12},"end":{"line":238,"column":13}},{"start":{},"end":{}}],"line":232},"13":{"loc":{"start":{"line":232,"column":16},"end":{"line":232,"column":36}},"type":"binary-expr","locations":[{"start":{"line":232,"column":16},"end":{"line":232,"column":24}},{"start":{"line":232,"column":28},"end":{"line":232,"column":36}}],"line":232},"14":{"loc":{"start":{"line":259,"column":8},"end":{"line":261,"column":9}},"type":"if","locations":[{"start":{"line":259,"column":8},"end":{"line":261,"column":9}},{"start":{},"end":{}}],"line":259},"15":{"loc":{"start":{"line":270,"column":8},"end":{"line":272,"column":9}},"type":"if","locations":[{"start":{"line":270,"column":8},"end":{"line":272,"column":9}},{"start":{},"end":{}}],"line":270},"16":{"loc":{"start":{"line":276,"column":8},"end":{"line":278,"column":9}},"type":"if","locations":[{"start":{"line":276,"column":8},"end":{"line":278,"column":9}},{"start":{},"end":{}}],"line":276},"17":{"loc":{"start":{"line":294,"column":8},"end":{"line":296,"column":9}},"type":"if","locations":[{"start":{"line":294,"column":8},"end":{"line":296,"column":9}},{"start":{},"end":{}}],"line":294},"18":{"loc":{"start":{"line":298,"column":8},"end":{"line":329,"column":9}},"type":"if","locations":[{"start":{"line":298,"column":8},"end":{"line":329,"column":9}},{"start":{},"end":{}}],"line":298},"19":{"loc":{"start":{"line":299,"column":12},"end":{"line":328,"column":13}},"type":"if","locations":[{"start":{"line":299,"column":12},"end":{"line":328,"column":13}},{"start":{"line":325,"column":19},"end":{"line":328,"column":13}}],"line":299},"20":{"loc":{"start":{"line":366,"column":8},"end":{"line":368,"column":9}},"type":"if","locations":[{"start":{"line":366,"column":8},"end":{"line":368,"column":9}},{"start":{},"end":{}}],"line":366},"21":{"loc":{"start":{"line":370,"column":8},"end":{"line":372,"column":9}},"type":"if","locations":[{"start":{"line":370,"column":8},"end":{"line":372,"column":9}},{"start":{},"end":{}}],"line":370}},"s":{"0":5,"1":5,"2":5,"3":5,"4":5,"5":5,"6":5,"7":5,"8":5,"9":5,"10":5,"11":3,"12":3,"13":3,"14":3,"15":3,"16":3,"17":3,"18":2,"19":1,"20":1,"21":0,"22":1,"23":1,"24":1,"25":1,"26":0,"27":5,"28":0,"29":0,"30":0,"31":0,"32":0,"33":0,"34":0,"35":0,"36":5,"37":3,"38":3,"39":3,"40":3,"41":3,"42":3,"43":3,"44":0,"45":3,"46":3,"47":1,"48":2,"49":2,"50":1,"51":1,"52":0,"53":1,"54":1,"55":1,"56":0,"57":5,"58":1,"59":1,"60":1,"61":1,"62":1,"63":1,"64":1,"65":1,"66":1,"67":0,"68":5,"69":1,"70":1,"71":1,"72":0,"73":5,"74":1,"75":1,"76":1,"77":1,"78":0,"79":1,"80":0,"81":5,"82":2,"83":2,"84":2,"85":2,"86":2,"87":0,"88":2,"89":2,"90":2,"91":2,"92":1,"93":1,"94":1,"95":1,"96":1,"97":1,"98":1,"99":1,"100":1,"101":0,"102":0,"103":5,"104":4,"105":4,"106":4,"107":4,"108":4,"109":0,"110":4,"111":4,"112":4,"113":2,"114":2,"115":2,"116":1,"117":1,"118":1,"119":1,"120":0,"121":5,"122":0,"123":0,"124":0,"125":0,"126":0,"127":0,"128":0,"129":0,"130":0,"131":0,"132":0,"133":0,"134":0,"135":0,"136":0,"137":0,"138":0,"139":0,"140":0,"141":0,"142":0,"143":5,"144":1,"145":1,"146":1,"147":1,"148":0,"149":1,"150":0,"151":1,"152":1,"153":1,"154":1,"155":0},"f":{"0":3,"1":0,"2":3,"3":1,"4":1,"5":1,"6":2,"7":4,"8":0,"9":1},"b":{"0":[2,1],"1":[0,1],"2":[0,3],"3":[1,2],"4":[1,1],"5":[0,1],"6":[1,0],"7":[0,1],"8":[0,2],"9":[1,1],"10":[1,0],"11":[1,0],"12":[1,0],"13":[1,1],"14":[0,4],"15":[2,2],"16":[1,1],"17":[0,0],"18":[0,0],"19":[0,0],"20":[0,1],"21":[0,1]},"_coverageSchema":"1a1c01bbd47fc00a2c39e90264f33305004495a9","hash":"45b642676e44bc2ff442a02635bbc4d8d8a477de"}
,"D:\\NGODING\\Phincon training\\Week 7\\AL-meme\\server\\helper\\bcrypt.js": {"path":"D:\\NGODING\\Phincon training\\Week 7\\AL-meme\\server\\helper\\bcrypt.js","statementMap":{"0":{"start":{"line":1,"column":15},"end":{"line":1,"column":34}},"1":{"start":{"line":3,"column":0},"end":{"line":12,"column":1}},"2":{"start":{"line":5,"column":21},"end":{"line":5,"column":43}},"3":{"start":{"line":6,"column":21},"end":{"line":6,"column":52}},"4":{"start":{"line":7,"column":8},"end":{"line":7,"column":19}},"5":{"start":{"line":10,"column":8},"end":{"line":10,"column":57}}},"fnMap":{"0":{"name":"(anonymous_0)","decl":{"start":{"line":4,"column":10},"end":{"line":4,"column":11}},"loc":{"start":{"line":4,"column":24},"end":{"line":8,"column":5}},"line":4},"1":{"name":"(anonymous_1)","decl":{"start":{"line":9,"column":13},"end":{"line":9,"column":14}},"loc":{"start":{"line":9,"column":41},"end":{"line":11,"column":5}},"line":9}},"branchMap":{},"s":{"0":5,"1":5,"2":8,"3":8,"4":8,"5":4},"f":{"0":8,"1":4},"b":{},"_coverageSchema":"1a1c01bbd47fc00a2c39e90264f33305004495a9","hash":"a7b0bd366da26e7859e25946c41a5bfc53c4eb22"}
,"D:\\NGODING\\Phincon training\\Week 7\\AL-meme\\server\\helper\\errorHandler.js": {"path":"D:\\NGODING\\Phincon training\\Week 7\\AL-meme\\server\\helper\\errorHandler.js","statementMap":{"0":{"start":{"line":1,"column":0},"end":{"line":3,"column":2}},"1":{"start":{"line":2,"column":4},"end":{"line":2,"column":63}},"2":{"start":{"line":5,"column":0},"end":{"line":7,"column":2}},"3":{"start":{"line":6,"column":4},"end":{"line":6,"column":93}},"4":{"start":{"line":9,"column":0},"end":{"line":11,"column":2}},"5":{"start":{"line":10,"column":4},"end":{"line":10,"column":55}},"6":{"start":{"line":13,"column":0},"end":{"line":15,"column":2}},"7":{"start":{"line":14,"column":4},"end":{"line":14,"column":84}},"8":{"start":{"line":17,"column":0},"end":{"line":19,"column":2}},"9":{"start":{"line":18,"column":4},"end":{"line":18,"column":82}}},"fnMap":{"0":{"name":"(anonymous_0)","decl":{"start":{"line":1,"column":30},"end":{"line":1,"column":31}},"loc":{"start":{"line":1,"column":39},"end":{"line":3,"column":1}},"line":1},"1":{"name":"(anonymous_1)","decl":{"start":{"line":5,"column":32},"end":{"line":5,"column":33}},"loc":{"start":{"line":5,"column":48},"end":{"line":7,"column":1}},"line":5},"2":{"name":"(anonymous_2)","decl":{"start":{"line":9,"column":36},"end":{"line":9,"column":37}},"loc":{"start":{"line":9,"column":54},"end":{"line":11,"column":1}},"line":9},"3":{"name":"(anonymous_3)","decl":{"start":{"line":13,"column":27},"end":{"line":13,"column":28}},"loc":{"start":{"line":13,"column":36},"end":{"line":15,"column":1}},"line":13},"4":{"name":"(anonymous_4)","decl":{"start":{"line":17,"column":30},"end":{"line":17,"column":31}},"loc":{"start":{"line":17,"column":45},"end":{"line":19,"column":1}},"line":17}},"branchMap":{},"s":{"0":5,"1":0,"2":5,"3":8,"4":5,"5":1,"6":5,"7":1,"8":5,"9":10},"f":{"0":0,"1":8,"2":1,"3":1,"4":10},"b":{},"_coverageSchema":"1a1c01bbd47fc00a2c39e90264f33305004495a9","hash":"7993cdd7fbf77d8c240c8a517ece9fe3f65b03e2"}
,"D:\\NGODING\\Phincon training\\Week 7\\AL-meme\\server\\helper\\jwt.js": {"path":"D:\\NGODING\\Phincon training\\Week 7\\AL-meme\\server\\helper\\jwt.js","statementMap":{"0":{"start":{"line":1,"column":12},"end":{"line":1,"column":35}},"1":{"start":{"line":2,"column":23},"end":{"line":2,"column":49}},"2":{"start":{"line":4,"column":0},"end":{"line":11,"column":1}},"3":{"start":{"line":6,"column":8},"end":{"line":6,"column":48}},"4":{"start":{"line":9,"column":8},"end":{"line":9,"column":48}}},"fnMap":{"0":{"name":"(anonymous_0)","decl":{"start":{"line":5,"column":10},"end":{"line":5,"column":11}},"loc":{"start":{"line":5,"column":23},"end":{"line":7,"column":5}},"line":5},"1":{"name":"(anonymous_1)","decl":{"start":{"line":8,"column":17},"end":{"line":8,"column":18}},"loc":{"start":{"line":8,"column":28},"end":{"line":10,"column":5}},"line":8}},"branchMap":{},"s":{"0":5,"1":5,"2":5,"3":7,"4":36},"f":{"0":7,"1":36},"b":{},"_coverageSchema":"1a1c01bbd47fc00a2c39e90264f33305004495a9","hash":"b5d7017ec779f98a3b8a411bbdbf9e0e9e3d6752"}
,"D:\\NGODING\\Phincon training\\Week 7\\AL-meme\\server\\helper\\nodeMailerVerify.js": {"path":"D:\\NGODING\\Phincon training\\Week 7\\AL-meme\\server\\helper\\nodeMailerVerify.js","statementMap":{"0":{"start":{"line":1,"column":17},"end":{"line":1,"column":38}},"1":{"start":{"line":4,"column":20},"end":{"line":10,"column":4}},"2":{"start":{"line":12,"column":15},"end":{"line":12,"column":87}},"3":{"start":{"line":15,"column":20},"end":{"line":414,"column":3}},"4":{"start":{"line":416,"column":2},"end":{"line":422,"column":5}},"5":{"start":{"line":417,"column":4},"end":{"line":421,"column":5}},"6":{"start":{"line":418,"column":6},"end":{"line":418,"column":23}},"7":{"start":{"line":420,"column":6},"end":{"line":420,"column":50}},"8":{"start":{"line":425,"column":0},"end":{"line":425,"column":31}}},"fnMap":{"0":{"name":"sendEmail","decl":{"start":{"line":3,"column":15},"end":{"line":3,"column":24}},"loc":{"start":{"line":3,"column":34},"end":{"line":423,"column":1}},"line":3},"1":{"name":"(anonymous_1)","decl":{"start":{"line":416,"column":36},"end":{"line":416,"column":37}},"loc":{"start":{"line":416,"column":51},"end":{"line":422,"column":3}},"line":416}},"branchMap":{"0":{"loc":{"start":{"line":417,"column":4},"end":{"line":421,"column":5}},"type":"if","locations":[{"start":{"line":417,"column":4},"end":{"line":421,"column":5}},{"start":{"line":419,"column":11},"end":{"line":421,"column":5}}],"line":417}},"s":{"0":5,"1":1,"2":1,"3":1,"4":1,"5":1,"6":0,"7":1,"8":5},"f":{"0":1,"1":1},"b":{"0":[0,1]},"_coverageSchema":"1a1c01bbd47fc00a2c39e90264f33305004495a9","hash":"a41e24b570d2bd148b2e2665c87e24a054833a8e"}
,"D:\\NGODING\\Phincon training\\Week 7\\AL-meme\\server\\helper\\nodemailerNotifPremium.js": {"path":"D:\\NGODING\\Phincon training\\Week 7\\AL-meme\\server\\helper\\nodemailerNotifPremium.js","statementMap":{"0":{"start":{"line":1,"column":19},"end":{"line":1,"column":40}},"1":{"start":{"line":3,"column":23},"end":{"line":24,"column":1}},"2":{"start":{"line":4,"column":2},"end":{"line":23,"column":3}},"3":{"start":{"line":5,"column":24},"end":{"line":11,"column":6}},"4":{"start":{"line":13,"column":24},"end":{"line":18,"column":5}},"5":{"start":{"line":20,"column":4},"end":{"line":20,"column":44}},"6":{"start":{"line":22,"column":4},"end":{"line":22,"column":49}},"7":{"start":{"line":26,"column":0},"end":{"line":26,"column":32}}},"fnMap":{"0":{"name":"(anonymous_0)","decl":{"start":{"line":3,"column":23},"end":{"line":3,"column":24}},"loc":{"start":{"line":3,"column":52},"end":{"line":24,"column":1}},"line":3}},"branchMap":{},"s":{"0":5,"1":5,"2":1,"3":1,"4":1,"5":1,"6":0,"7":5},"f":{"0":1},"b":{},"_coverageSchema":"1a1c01bbd47fc00a2c39e90264f33305004495a9","hash":"4f76172bacadeb3d6881c667f3dcafa065a4f006"}
,"D:\\NGODING\\Phincon training\\Week 7\\AL-meme\\server\\helper\\redisClient.js": {"path":"D:\\NGODING\\Phincon training\\Week 7\\AL-meme\\server\\helper\\redisClient.js","statementMap":{"0":{"start":{"line":1,"column":14},"end":{"line":1,"column":32}},"1":{"start":{"line":3,"column":20},"end":{"line":6,"column":2}},"2":{"start":{"line":8,"column":0},"end":{"line":10,"column":3}},"3":{"start":{"line":9,"column":4},"end":{"line":9,"column":51}},"4":{"start":{"line":12,"column":0},"end":{"line":14,"column":3}},"5":{"start":{"line":13,"column":4},"end":{"line":13,"column":51}},"6":{"start":{"line":17,"column":0},"end":{"line":17,"column":29}}},"fnMap":{"0":{"name":"(anonymous_0)","decl":{"start":{"line":8,"column":26},"end":{"line":8,"column":27}},"loc":{"start":{"line":8,"column":32},"end":{"line":10,"column":1}},"line":8},"1":{"name":"(anonymous_1)","decl":{"start":{"line":12,"column":24},"end":{"line":12,"column":25}},"loc":{"start":{"line":12,"column":33},"end":{"line":14,"column":1}},"line":12}},"branchMap":{},"s":{"0":5,"1":5,"2":5,"3":5,"4":5,"5":0,"6":5},"f":{"0":5,"1":0},"b":{},"_coverageSchema":"1a1c01bbd47fc00a2c39e90264f33305004495a9","hash":"3ebceaf41df368b6c3619f102c178ca6855f4e5b"}
,"D:\\NGODING\\Phincon training\\Week 7\\AL-meme\\server\\middleware\\auth.js": {"path":"D:\\NGODING\\Phincon training\\Week 7\\AL-meme\\server\\middleware\\auth.js","statementMap":{"0":{"start":{"line":1,"column":32},"end":{"line":1,"column":65}},"1":{"start":{"line":2,"column":24},"end":{"line":2,"column":48}},"2":{"start":{"line":3,"column":31},"end":{"line":3,"column":51}},"3":{"start":{"line":6,"column":0},"end":{"line":23,"column":1}},"4":{"start":{"line":7,"column":4},"end":{"line":22,"column":5}},"5":{"start":{"line":8,"column":28},"end":{"line":8,"column":53}},"6":{"start":{"line":10,"column":8},"end":{"line":12,"column":9}},"7":{"start":{"line":11,"column":12},"end":{"line":11,"column":69}},"8":{"start":{"line":14,"column":29},"end":{"line":14,"column":63}},"9":{"start":{"line":15,"column":23},"end":{"line":15,"column":48}},"10":{"start":{"line":16,"column":8},"end":{"line":16,"column":25}},"11":{"start":{"line":18,"column":8},"end":{"line":18,"column":14}},"12":{"start":{"line":21,"column":8},"end":{"line":21,"column":39}},"13":{"start":{"line":26,"column":0},"end":{"line":39,"column":1}},"14":{"start":{"line":27,"column":4},"end":{"line":38,"column":5}},"15":{"start":{"line":28,"column":21},"end":{"line":28,"column":34}},"16":{"start":{"line":30,"column":8},"end":{"line":32,"column":9}},"17":{"start":{"line":31,"column":12},"end":{"line":31,"column":79}},"18":{"start":{"line":34,"column":8},"end":{"line":34,"column":14}},"19":{"start":{"line":37,"column":8},"end":{"line":37,"column":39}},"20":{"start":{"line":41,"column":0},"end":{"line":71,"column":1}},"21":{"start":{"line":42,"column":4},"end":{"line":70,"column":5}},"22":{"start":{"line":43,"column":21},"end":{"line":43,"column":34}},"23":{"start":{"line":45,"column":25},"end":{"line":57,"column":10}},"24":{"start":{"line":59,"column":8},"end":{"line":63,"column":9}},"25":{"start":{"line":60,"column":12},"end":{"line":62,"column":15}},"26":{"start":{"line":65,"column":8},"end":{"line":65,"column":14}},"27":{"start":{"line":69,"column":8},"end":{"line":69,"column":39}}},"fnMap":{"0":{"name":"(anonymous_0)","decl":{"start":{"line":6,"column":25},"end":{"line":6,"column":26}},"loc":{"start":{"line":6,"column":51},"end":{"line":23,"column":1}},"line":6},"1":{"name":"(anonymous_1)","decl":{"start":{"line":26,"column":32},"end":{"line":26,"column":33}},"loc":{"start":{"line":26,"column":58},"end":{"line":39,"column":1}},"line":26},"2":{"name":"(anonymous_2)","decl":{"start":{"line":41,"column":33},"end":{"line":41,"column":34}},"loc":{"start":{"line":41,"column":59},"end":{"line":71,"column":1}},"line":41}},"branchMap":{"0":{"loc":{"start":{"line":10,"column":8},"end":{"line":12,"column":9}},"type":"if","locations":[{"start":{"line":10,"column":8},"end":{"line":12,"column":9}},{"start":{},"end":{}}],"line":10},"1":{"loc":{"start":{"line":30,"column":8},"end":{"line":32,"column":9}},"type":"if","locations":[{"start":{"line":30,"column":8},"end":{"line":32,"column":9}},{"start":{},"end":{}}],"line":30},"2":{"loc":{"start":{"line":59,"column":8},"end":{"line":63,"column":9}},"type":"if","locations":[{"start":{"line":59,"column":8},"end":{"line":63,"column":9}},{"start":{},"end":{}}],"line":59},"3":{"loc":{"start":{"line":59,"column":12},"end":{"line":59,"column":54}},"type":"binary-expr","locations":[{"start":{"line":59,"column":12},"end":{"line":59,"column":30}},{"start":{"line":59,"column":34},"end":{"line":59,"column":54}}],"line":59}},"s":{"0":5,"1":5,"2":5,"3":5,"4":36,"5":36,"6":36,"7":0,"8":36,"9":36,"10":36,"11":36,"12":0,"13":5,"14":3,"15":3,"16":3,"17":0,"18":3,"19":0,"20":5,"21":3,"22":3,"23":3,"24":3,"25":0,"26":3,"27":0},"f":{"0":36,"1":3,"2":3},"b":{"0":[0,36],"1":[0,3],"2":[0,3],"3":[3,0]},"_coverageSchema":"1a1c01bbd47fc00a2c39e90264f33305004495a9","hash":"d93d39e89a23e3c411c7e423d7d5753ac0a692c4"}
,"D:\\NGODING\\Phincon training\\Week 7\\AL-meme\\server\\middleware\\multer.js": {"path":"D:\\NGODING\\Phincon training\\Week 7\\AL-meme\\server\\middleware\\multer.js","statementMap":{"0":{"start":{"line":1,"column":15},"end":{"line":1,"column":32}},"1":{"start":{"line":2,"column":13},"end":{"line":2,"column":28}},"2":{"start":{"line":4,"column":16},"end":{"line":13,"column":2}},"3":{"start":{"line":6,"column":8},"end":{"line":6,"column":34}},"4":{"start":{"line":10,"column":20},"end":{"line":10,"column":51}},"5":{"start":{"line":11,"column":8},"end":{"line":11,"column":35}},"6":{"start":{"line":15,"column":20},"end":{"line":25,"column":1}},"7":{"start":{"line":16,"column":29},"end":{"line":16,"column":47}},"8":{"start":{"line":17,"column":20},"end":{"line":17,"column":88}},"9":{"start":{"line":18,"column":21},"end":{"line":18,"column":57}},"10":{"start":{"line":20,"column":4},"end":{"line":24,"column":5}},"11":{"start":{"line":21,"column":8},"end":{"line":21,"column":30}},"12":{"start":{"line":23,"column":8},"end":{"line":23,"column":99}},"13":{"start":{"line":27,"column":15},"end":{"line":27,"column":59}},"14":{"start":{"line":29,"column":0},"end":{"line":29,"column":24}}},"fnMap":{"0":{"name":"(anonymous_0)","decl":{"start":{"line":5,"column":17},"end":{"line":5,"column":18}},"loc":{"start":{"line":5,"column":42},"end":{"line":7,"column":5}},"line":5},"1":{"name":"(anonymous_1)","decl":{"start":{"line":9,"column":14},"end":{"line":9,"column":15}},"loc":{"start":{"line":9,"column":39},"end":{"line":12,"column":5}},"line":9},"2":{"name":"(anonymous_2)","decl":{"start":{"line":15,"column":20},"end":{"line":15,"column":21}},"loc":{"start":{"line":15,"column":45},"end":{"line":25,"column":1}},"line":15}},"branchMap":{"0":{"loc":{"start":{"line":20,"column":4},"end":{"line":24,"column":5}},"type":"if","locations":[{"start":{"line":20,"column":4},"end":{"line":24,"column":5}},{"start":{"line":22,"column":11},"end":{"line":24,"column":5}}],"line":20},"1":{"loc":{"start":{"line":20,"column":8},"end":{"line":20,"column":27}},"type":"binary-expr","locations":[{"start":{"line":20,"column":8},"end":{"line":20,"column":15}},{"start":{"line":20,"column":19},"end":{"line":20,"column":27}}],"line":20}},"s":{"0":5,"1":5,"2":5,"3":5,"4":5,"5":5,"6":5,"7":5,"8":5,"9":5,"10":5,"11":5,"12":0,"13":5,"14":5},"f":{"0":5,"1":5,"2":5},"b":{"0":[5,0],"1":[5,5]},"_coverageSchema":"1a1c01bbd47fc00a2c39e90264f33305004495a9","hash":"91ae0998dae56321aa4fbfdaf98a32d90a79aec7"}
,"D:\\NGODING\\Phincon training\\Week 7\\AL-meme\\server\\models\\comment.js": {"path":"D:\\NGODING\\Phincon training\\Week 7\\AL-meme\\server\\models\\comment.js","statementMap":{"0":{"start":{"line":4,"column":4},"end":{"line":4,"column":24}},"1":{"start":{"line":5,"column":0},"end":{"line":27,"column":2}},"2":{"start":{"line":14,"column":6},"end":{"line":14,"column":60}},"3":{"start":{"line":15,"column":6},"end":{"line":15,"column":60}},"4":{"start":{"line":18,"column":2},"end":{"line":25,"column":5}},"5":{"start":{"line":26,"column":2},"end":{"line":26,"column":17}}},"fnMap":{"0":{"name":"(anonymous_0)","decl":{"start":{"line":5,"column":17},"end":{"line":5,"column":18}},"loc":{"start":{"line":5,"column":43},"end":{"line":27,"column":1}},"line":5},"1":{"name":"(anonymous_1)","decl":{"start":{"line":12,"column":4},"end":{"line":12,"column":5}},"loc":{"start":{"line":12,"column":29},"end":{"line":16,"column":5}},"line":12}},"branchMap":{},"s":{"0":5,"1":5,"2":5,"3":5,"4":5,"5":5},"f":{"0":5,"1":5},"b":{},"_coverageSchema":"1a1c01bbd47fc00a2c39e90264f33305004495a9","hash":"a53c2622acdf4d569b50f8fe5eccd19a3dacbb2f"}
,"D:\\NGODING\\Phincon training\\Week 7\\AL-meme\\server\\models\\index.js": {"path":"D:\\NGODING\\Phincon training\\Week 7\\AL-meme\\server\\models\\index.js","statementMap":{"0":{"start":{"line":3,"column":11},"end":{"line":3,"column":24}},"1":{"start":{"line":4,"column":13},"end":{"line":4,"column":28}},"2":{"start":{"line":5,"column":18},"end":{"line":5,"column":38}},"3":{"start":{"line":6,"column":16},"end":{"line":6,"column":34}},"4":{"start":{"line":7,"column":17},"end":{"line":7,"column":42}},"5":{"start":{"line":8,"column":12},"end":{"line":8,"column":49}},"6":{"start":{"line":9,"column":15},"end":{"line":9,"column":65}},"7":{"start":{"line":10,"column":11},"end":{"line":10,"column":13}},"8":{"start":{"line":13,"column":0},"end":{"line":17,"column":1}},"9":{"start":{"line":14,"column":2},"end":{"line":14,"column":74}},"10":{"start":{"line":16,"column":2},"end":{"line":16,"column":87}},"11":{"start":{"line":19,"column":0},"end":{"line":27,"column":5}},"12":{"start":{"line":22,"column":4},"end":{"line":22,"column":90}},"13":{"start":{"line":25,"column":18},"end":{"line":25,"column":85}},"14":{"start":{"line":26,"column":4},"end":{"line":26,"column":27}},"15":{"start":{"line":29,"column":0},"end":{"line":33,"column":3}},"16":{"start":{"line":30,"column":2},"end":{"line":32,"column":3}},"17":{"start":{"line":31,"column":4},"end":{"line":31,"column":32}},"18":{"start":{"line":35,"column":0},"end":{"line":35,"column":25}},"19":{"start":{"line":36,"column":0},"end":{"line":36,"column":25}},"20":{"start":{"line":38,"column":0},"end":{"line":38,"column":20}}},"fnMap":{"0":{"name":"(anonymous_0)","decl":{"start":{"line":21,"column":10},"end":{"line":21,"column":11}},"loc":{"start":{"line":21,"column":18},"end":{"line":23,"column":3}},"line":21},"1":{"name":"(anonymous_1)","decl":{"start":{"line":24,"column":11},"end":{"line":24,"column":12}},"loc":{"start":{"line":24,"column":19},"end":{"line":27,"column":3}},"line":24},"2":{"name":"(anonymous_2)","decl":{"start":{"line":29,"column":24},"end":{"line":29,"column":25}},"loc":{"start":{"line":29,"column":37},"end":{"line":33,"column":1}},"line":29}},"branchMap":{"0":{"loc":{"start":{"line":8,"column":12},"end":{"line":8,"column":49}},"type":"binary-expr","locations":[{"start":{"line":8,"column":12},"end":{"line":8,"column":32}},{"start":{"line":8,"column":36},"end":{"line":8,"column":49}}],"line":8},"1":{"loc":{"start":{"line":13,"column":0},"end":{"line":17,"column":1}},"type":"if","locations":[{"start":{"line":13,"column":0},"end":{"line":17,"column":1}},{"start":{"line":15,"column":7},"end":{"line":17,"column":1}}],"line":13},"2":{"loc":{"start":{"line":22,"column":11},"end":{"line":22,"column":89}},"type":"binary-expr","locations":[{"start":{"line":22,"column":12},"end":{"line":22,"column":35}},{"start":{"line":22,"column":41},"end":{"line":22,"column":58}},{"start":{"line":22,"column":64},"end":{"line":22,"column":88}}],"line":22},"3":{"loc":{"start":{"line":30,"column":2},"end":{"line":32,"column":3}},"type":"if","locations":[{"start":{"line":30,"column":2},"end":{"line":32,"column":3}},{"start":{},"end":{}}],"line":30}},"s":{"0":5,"1":5,"2":5,"3":5,"4":5,"5":5,"6":5,"7":5,"8":5,"9":0,"10":5,"11":5,"12":30,"13":25,"14":25,"15":5,"16":25,"17":25,"18":5,"19":5,"20":5},"f":{"0":30,"1":25,"2":25},"b":{"0":[5,0],"1":[0,5],"2":[30,30,25],"3":[25,0]},"_coverageSchema":"1a1c01bbd47fc00a2c39e90264f33305004495a9","hash":"db392e9841bf534e61dd7a27837817bafbbcb8cd"}
,"D:\\NGODING\\Phincon training\\Week 7\\AL-meme\\server\\models\\like.js": {"path":"D:\\NGODING\\Phincon training\\Week 7\\AL-meme\\server\\models\\like.js","statementMap":{"0":{"start":{"line":4,"column":4},"end":{"line":4,"column":24}},"1":{"start":{"line":5,"column":0},"end":{"line":26,"column":2}},"2":{"start":{"line":14,"column":6},"end":{"line":14,"column":57}},"3":{"start":{"line":15,"column":6},"end":{"line":15,"column":57}},"4":{"start":{"line":18,"column":2},"end":{"line":24,"column":5}},"5":{"start":{"line":25,"column":2},"end":{"line":25,"column":14}}},"fnMap":{"0":{"name":"(anonymous_0)","decl":{"start":{"line":5,"column":17},"end":{"line":5,"column":18}},"loc":{"start":{"line":5,"column":43},"end":{"line":26,"column":1}},"line":5},"1":{"name":"(anonymous_1)","decl":{"start":{"line":12,"column":4},"end":{"line":12,"column":5}},"loc":{"start":{"line":12,"column":29},"end":{"line":16,"column":5}},"line":12}},"branchMap":{},"s":{"0":5,"1":5,"2":5,"3":5,"4":5,"5":5},"f":{"0":5,"1":5},"b":{},"_coverageSchema":"1a1c01bbd47fc00a2c39e90264f33305004495a9","hash":"db9afc509b6854203e140cc0698c32d587a3fa75"}
,"D:\\NGODING\\Phincon training\\Week 7\\AL-meme\\server\\models\\meme.js": {"path":"D:\\NGODING\\Phincon training\\Week 7\\AL-meme\\server\\models\\meme.js","statementMap":{"0":{"start":{"line":4,"column":4},"end":{"line":4,"column":24}},"1":{"start":{"line":5,"column":0},"end":{"line":38,"column":2}},"2":{"start":{"line":14,"column":6},"end":{"line":14,"column":57}},"3":{"start":{"line":15,"column":6},"end":{"line":15,"column":58}},"4":{"start":{"line":16,"column":6},"end":{"line":16,"column":55}},"5":{"start":{"line":19,"column":2},"end":{"line":36,"column":5}},"6":{"start":{"line":37,"column":2},"end":{"line":37,"column":14}}},"fnMap":{"0":{"name":"(anonymous_0)","decl":{"start":{"line":5,"column":17},"end":{"line":5,"column":18}},"loc":{"start":{"line":5,"column":43},"end":{"line":38,"column":1}},"line":5},"1":{"name":"(anonymous_1)","decl":{"start":{"line":12,"column":4},"end":{"line":12,"column":5}},"loc":{"start":{"line":12,"column":29},"end":{"line":17,"column":5}},"line":12}},"branchMap":{},"s":{"0":5,"1":5,"2":5,"3":5,"4":5,"5":5,"6":5},"f":{"0":5,"1":5},"b":{},"_coverageSchema":"1a1c01bbd47fc00a2c39e90264f33305004495a9","hash":"04b0e8d091c07dd21b469d201a75a276ef465760"}
,"D:\\NGODING\\Phincon training\\Week 7\\AL-meme\\server\\models\\mymeme.js": {"path":"D:\\NGODING\\Phincon training\\Week 7\\AL-meme\\server\\models\\mymeme.js","statementMap":{"0":{"start":{"line":4,"column":4},"end":{"line":4,"column":24}},"1":{"start":{"line":5,"column":0},"end":{"line":36,"column":2}},"2":{"start":{"line":14,"column":6},"end":{"line":14,"column":61}},"3":{"start":{"line":15,"column":6},"end":{"line":15,"column":61}},"4":{"start":{"line":18,"column":2},"end":{"line":34,"column":5}},"5":{"start":{"line":35,"column":2},"end":{"line":35,"column":16}}},"fnMap":{"0":{"name":"(anonymous_0)","decl":{"start":{"line":5,"column":17},"end":{"line":5,"column":18}},"loc":{"start":{"line":5,"column":43},"end":{"line":36,"column":1}},"line":5},"1":{"name":"(anonymous_1)","decl":{"start":{"line":12,"column":4},"end":{"line":12,"column":5}},"loc":{"start":{"line":12,"column":29},"end":{"line":16,"column":5}},"line":12}},"branchMap":{},"s":{"0":5,"1":5,"2":5,"3":5,"4":5,"5":5},"f":{"0":5,"1":5},"b":{},"_coverageSchema":"1a1c01bbd47fc00a2c39e90264f33305004495a9","hash":"d020cbc957c3648e696828d3e947706d0a9183cd"}
,"D:\\NGODING\\Phincon training\\Week 7\\AL-meme\\server\\models\\user.js": {"path":"D:\\NGODING\\Phincon training\\Week 7\\AL-meme\\server\\models\\user.js","statementMap":{"0":{"start":{"line":2,"column":17},"end":{"line":2,"column":44}},"1":{"start":{"line":3,"column":15},"end":{"line":3,"column":32}},"2":{"start":{"line":7,"column":4},"end":{"line":7,"column":24}},"3":{"start":{"line":8,"column":0},"end":{"line":71,"column":2}},"4":{"start":{"line":17,"column":6},"end":{"line":17,"column":57}},"5":{"start":{"line":18,"column":6},"end":{"line":18,"column":58}},"6":{"start":{"line":19,"column":6},"end":{"line":19,"column":55}},"7":{"start":{"line":22,"column":2},"end":{"line":64,"column":5}},"8":{"start":{"line":65,"column":2},"end":{"line":69,"column":4}},"9":{"start":{"line":66,"column":4},"end":{"line":66,"column":39}},"10":{"start":{"line":67,"column":4},"end":{"line":67,"column":23}},"11":{"start":{"line":68,"column":4},"end":{"line":68,"column":62}},"12":{"start":{"line":70,"column":2},"end":{"line":70,"column":14}}},"fnMap":{"0":{"name":"(anonymous_0)","decl":{"start":{"line":8,"column":17},"end":{"line":8,"column":18}},"loc":{"start":{"line":8,"column":43},"end":{"line":71,"column":1}},"line":8},"1":{"name":"(anonymous_1)","decl":{"start":{"line":15,"column":4},"end":{"line":15,"column":5}},"loc":{"start":{"line":15,"column":29},"end":{"line":20,"column":5}},"line":15},"2":{"name":"(anonymous_2)","decl":{"start":{"line":65,"column":20},"end":{"line":65,"column":21}},"loc":{"start":{"line":65,"column":30},"end":{"line":69,"column":3}},"line":65}},"branchMap":{},"s":{"0":5,"1":5,"2":5,"3":5,"4":5,"5":5,"6":5,"7":5,"8":5,"9":1,"10":1,"11":1,"12":5},"f":{"0":5,"1":5,"2":1},"b":{},"_coverageSchema":"1a1c01bbd47fc00a2c39e90264f33305004495a9","hash":"e147008330cf0235d5e13632cf7c72eec254fcc0"}
,"D:\\NGODING\\Phincon training\\Week 7\\AL-meme\\server\\router\\commentRouter.js": {"path":"D:\\NGODING\\Phincon training\\Week 7\\AL-meme\\server\\router\\commentRouter.js","statementMap":{"0":{"start":{"line":1,"column":16},"end":{"line":1,"column":34}},"1":{"start":{"line":2,"column":27},"end":{"line":2,"column":56}},"2":{"start":{"line":3,"column":53},"end":{"line":3,"column":96}},"3":{"start":{"line":4,"column":15},"end":{"line":4,"column":31}},"4":{"start":{"line":6,"column":0},"end":{"line":6,"column":26}},"5":{"start":{"line":7,"column":0},"end":{"line":7,"column":46}},"6":{"start":{"line":8,"column":0},"end":{"line":8,"column":48}},"7":{"start":{"line":9,"column":0},"end":{"line":9,"column":57}},"8":{"start":{"line":11,"column":0},"end":{"line":11,"column":23}}},"fnMap":{},"branchMap":{},"s":{"0":5,"1":5,"2":5,"3":5,"4":5,"5":5,"6":5,"7":5,"8":5},"f":{},"b":{},"_coverageSchema":"1a1c01bbd47fc00a2c39e90264f33305004495a9","hash":"13ba8dbf4d55505952d93b3f9af2c626f728ab1b"}
,"D:\\NGODING\\Phincon training\\Week 7\\AL-meme\\server\\router\\index.js": {"path":"D:\\NGODING\\Phincon training\\Week 7\\AL-meme\\server\\router\\index.js","statementMap":{"0":{"start":{"line":1,"column":16},"end":{"line":1,"column":34}},"1":{"start":{"line":2,"column":15},"end":{"line":2,"column":31}},"2":{"start":{"line":3,"column":19},"end":{"line":3,"column":41}},"3":{"start":{"line":4,"column":19},"end":{"line":4,"column":42}},"4":{"start":{"line":5,"column":21},"end":{"line":5,"column":46}},"5":{"start":{"line":6,"column":19},"end":{"line":6,"column":42}},"6":{"start":{"line":7,"column":22},"end":{"line":7,"column":48}},"7":{"start":{"line":9,"column":0},"end":{"line":9,"column":32}},"8":{"start":{"line":10,"column":0},"end":{"line":10,"column":32}},"9":{"start":{"line":11,"column":0},"end":{"line":11,"column":36}},"10":{"start":{"line":12,"column":0},"end":{"line":12,"column":32}},"11":{"start":{"line":13,"column":0},"end":{"line":13,"column":38}},"12":{"start":{"line":16,"column":0},"end":{"line":16,"column":23}}},"fnMap":{},"branchMap":{},"s":{"0":5,"1":5,"2":5,"3":5,"4":5,"5":5,"6":5,"7":5,"8":5,"9":5,"10":5,"11":5,"12":5},"f":{},"b":{},"_coverageSchema":"1a1c01bbd47fc00a2c39e90264f33305004495a9","hash":"8446c69f0cc42995448f3307fc2db88ab231f072"}
,"D:\\NGODING\\Phincon training\\Week 7\\AL-meme\\server\\router\\likeRouter.js": {"path":"D:\\NGODING\\Phincon training\\Week 7\\AL-meme\\server\\router\\likeRouter.js","statementMap":{"0":{"start":{"line":1,"column":16},"end":{"line":1,"column":34}},"1":{"start":{"line":2,"column":27},"end":{"line":2,"column":56}},"2":{"start":{"line":3,"column":41},"end":{"line":3,"column":81}},"3":{"start":{"line":4,"column":15},"end":{"line":4,"column":31}},"4":{"start":{"line":6,"column":0},"end":{"line":6,"column":26}},"5":{"start":{"line":7,"column":0},"end":{"line":7,"column":39}},"6":{"start":{"line":8,"column":0},"end":{"line":8,"column":40}},"7":{"start":{"line":9,"column":0},"end":{"line":9,"column":48}},"8":{"start":{"line":11,"column":0},"end":{"line":11,"column":23}}},"fnMap":{},"branchMap":{},"s":{"0":5,"1":5,"2":5,"3":5,"4":5,"5":5,"6":5,"7":5,"8":5},"f":{},"b":{},"_coverageSchema":"1a1c01bbd47fc00a2c39e90264f33305004495a9","hash":"0e23799333e8d1e9242d4ab352de07ffd4a7c357"}
,"D:\\NGODING\\Phincon training\\Week 7\\AL-meme\\server\\router\\memeRouter.js": {"path":"D:\\NGODING\\Phincon training\\Week 7\\AL-meme\\server\\router\\memeRouter.js","statementMap":{"0":{"start":{"line":1,"column":16},"end":{"line":1,"column":34}},"1":{"start":{"line":2,"column":64},"end":{"line":2,"column":104}},"2":{"start":{"line":3,"column":27},"end":{"line":3,"column":56}},"3":{"start":{"line":4,"column":15},"end":{"line":4,"column":31}},"4":{"start":{"line":6,"column":0},"end":{"line":6,"column":26}},"5":{"start":{"line":7,"column":0},"end":{"line":7,"column":27}},"6":{"start":{"line":8,"column":0},"end":{"line":8,"column":46}},"7":{"start":{"line":9,"column":0},"end":{"line":9,"column":46}},"8":{"start":{"line":10,"column":0},"end":{"line":10,"column":50}},"9":{"start":{"line":12,"column":0},"end":{"line":12,"column":23}}},"fnMap":{},"branchMap":{},"s":{"0":5,"1":5,"2":5,"3":5,"4":5,"5":5,"6":5,"7":5,"8":5,"9":5},"f":{},"b":{},"_coverageSchema":"1a1c01bbd47fc00a2c39e90264f33305004495a9","hash":"a863ada72bd04c3cf7aa719e73e58ca3c7f10c21"}
,"D:\\NGODING\\Phincon training\\Week 7\\AL-meme\\server\\router\\myMemeRouter.js": {"path":"D:\\NGODING\\Phincon training\\Week 7\\AL-meme\\server\\router\\myMemeRouter.js","statementMap":{"0":{"start":{"line":1,"column":16},"end":{"line":1,"column":34}},"1":{"start":{"line":2,"column":74},"end":{"line":2,"column":103}},"2":{"start":{"line":3,"column":74},"end":{"line":3,"column":116}},"3":{"start":{"line":4,"column":15},"end":{"line":4,"column":31}},"4":{"start":{"line":6,"column":0},"end":{"line":6,"column":26}},"5":{"start":{"line":7,"column":0},"end":{"line":7,"column":26}},"6":{"start":{"line":8,"column":0},"end":{"line":8,"column":67}},"7":{"start":{"line":9,"column":0},"end":{"line":9,"column":70}},"8":{"start":{"line":10,"column":0},"end":{"line":10,"column":54}},"9":{"start":{"line":11,"column":0},"end":{"line":11,"column":39}},"10":{"start":{"line":13,"column":0},"end":{"line":13,"column":23}}},"fnMap":{},"branchMap":{},"s":{"0":5,"1":5,"2":5,"3":5,"4":5,"5":5,"6":5,"7":5,"8":5,"9":5,"10":5},"f":{},"b":{},"_coverageSchema":"1a1c01bbd47fc00a2c39e90264f33305004495a9","hash":"2b449131f2bcf06f37208fc7ff7abf29facc09d3"}
,"D:\\NGODING\\Phincon training\\Week 7\\AL-meme\\server\\router\\userRoute.js": {"path":"D:\\NGODING\\Phincon training\\Week 7\\AL-meme\\server\\router\\userRoute.js","statementMap":{"0":{"start":{"line":1,"column":16},"end":{"line":1,"column":34}},"1":{"start":{"line":2,"column":15},"end":{"line":2,"column":46}},"2":{"start":{"line":3,"column":133},"end":{"line":3,"column":173}},"3":{"start":{"line":4,"column":27},"end":{"line":4,"column":56}},"4":{"start":{"line":5,"column":15},"end":{"line":5,"column":31}},"5":{"start":{"line":7,"column":0},"end":{"line":7,"column":61}},"6":{"start":{"line":8,"column":0},"end":{"line":8,"column":35}},"7":{"start":{"line":9,"column":0},"end":{"line":9,"column":28}},"8":{"start":{"line":10,"column":0},"end":{"line":10,"column":40}},"9":{"start":{"line":11,"column":0},"end":{"line":11,"column":26}},"10":{"start":{"line":12,"column":0},"end":{"line":12,"column":36}},"11":{"start":{"line":13,"column":0},"end":{"line":13,"column":38}},"12":{"start":{"line":14,"column":0},"end":{"line":14,"column":60}},"13":{"start":{"line":15,"column":0},"end":{"line":15,"column":45}},"14":{"start":{"line":16,"column":0},"end":{"line":16,"column":39}},"15":{"start":{"line":17,"column":0},"end":{"line":17,"column":46}},"16":{"start":{"line":19,"column":0},"end":{"line":19,"column":23}}},"fnMap":{},"branchMap":{},"s":{"0":5,"1":5,"2":5,"3":5,"4":5,"5":5,"6":5,"7":5,"8":5,"9":5,"10":5,"11":5,"12":5,"13":5,"14":5,"15":5,"16":5},"f":{},"b":{},"_coverageSchema":"1a1c01bbd47fc00a2c39e90264f33305004495a9","hash":"1d704b170d7bf82c4ab6b5c01fe27d36aa79267c"}
}
