TN:
SF:app.js
FN:16,(anonymous_0)
FNF:1
FNH:0
FNDA:0,(anonymous_0)
DA:1,5
DA:2,5
DA:3,5
DA:4,5
DA:5,5
DA:6,5
DA:8,5
DA:9,5
DA:10,5
DA:11,5
DA:12,5
DA:13,5
DA:15,5
DA:16,0
DA:17,0
DA:21,5
LF:16
LH:14
BRDA:15,0,0,0
BRDA:15,0,1,5
BRF:2
BRH:1
end_of_record
TN:
SF:controllers\commentController.js
FN:6,(anonymous_0)
FN:50,(anonymous_1)
FN:85,(anonymous_2)
FNF:3
FNH:3
FNDA:3,(anonymous_0)
FNDA:1,(anonymous_1)
FNDA:2,(anonymous_2)
DA:1,5
DA:2,5
DA:3,5
DA:4,5
DA:6,5
DA:7,3
DA:8,3
DA:9,3
DA:10,3
DA:13,3
DA:17,3
DA:19,3
DA:20,1
DA:23,2
DA:25,2
DA:26,1
DA:29,1
DA:35,1
DA:36,1
DA:38,1
DA:39,1
DA:40,1
DA:43,1
DA:45,0
DA:46,0
DA:50,5
DA:51,1
DA:52,1
DA:54,1
DA:55,1
DA:57,1
DA:58,0
DA:59,0
DA:62,1
DA:76,1
DA:78,1
DA:80,0
DA:81,0
DA:85,5
DA:86,2
DA:87,2
DA:88,2
DA:89,2
DA:101,2
DA:102,1
DA:105,1
DA:112,1
DA:113,1
DA:115,1
DA:116,0
DA:117,0
DA:120,1
DA:122,0
DA:123,0
LF:54
LH:44
BRDA:19,0,0,1
BRDA:19,0,1,2
BRDA:25,1,0,1
BRDA:25,1,1,1
BRDA:38,2,0,1
BRDA:38,2,1,0
BRDA:57,3,0,0
BRDA:57,3,1,1
BRDA:101,4,0,1
BRDA:101,4,1,1
BRDA:115,5,0,0
BRDA:115,5,1,1
BRF:12
BRH:9
end_of_record
TN:
SF:controllers\likeController.js
FN:5,(anonymous_0)
FN:43,(anonymous_1)
FN:86,(anonymous_2)
FNF:3
FNH:3
FNDA:1,(anonymous_0)
FNDA:3,(anonymous_1)
FNDA:3,(anonymous_2)
DA:1,5
DA:2,5
DA:3,5
DA:5,5
DA:6,1
DA:7,1
DA:9,1
DA:10,1
DA:12,1
DA:13,0
DA:14,0
DA:15,0
DA:22,1
DA:33,1
DA:35,1
DA:36,1
DA:38,0
DA:39,0
DA:43,5
DA:44,3
DA:45,3
DA:46,3
DA:48,3
DA:50,3
DA:51,1
DA:54,2
DA:61,2
DA:62,1
DA:65,1
DA:70,1
DA:72,1
DA:74,1
DA:75,0
DA:76,0
DA:79,1
DA:81,0
DA:82,0
DA:86,5
DA:87,3
DA:88,3
DA:89,3
DA:91,3
DA:93,3
DA:94,1
DA:97,2
DA:104,2
DA:106,1
DA:108,1
DA:110,1
DA:111,1
DA:112,1
DA:115,1
DA:117,1
DA:120,0
DA:121,0
LF:55
LH:44
BRDA:12,0,0,0
BRDA:12,0,1,1
BRDA:50,1,0,1
BRDA:50,1,1,2
BRDA:61,2,0,1
BRDA:61,2,1,1
BRDA:74,3,0,0
BRDA:74,3,1,1
BRDA:93,4,0,1
BRDA:93,4,1,2
BRDA:104,5,0,1
BRDA:104,5,1,1
BRDA:110,6,0,1
BRDA:110,6,1,0
BRF:14
BRH:11
end_of_record
TN:
SF:controllers\memeController.js
FN:6,(anonymous_0)
FN:54,(anonymous_1)
FN:71,(anonymous_2)
FNF:3
FNH:2
FNDA:1,(anonymous_0)
FNDA:2,(anonymous_1)
FNDA:0,(anonymous_2)
DA:1,5
DA:3,5
DA:4,5
DA:6,5
DA:7,1
DA:8,1
DA:9,1
DA:19,1
DA:21,1
DA:29,1
DA:36,1
DA:44,1
DA:49,0
DA:50,0
DA:54,5
DA:55,2
DA:56,2
DA:57,2
DA:59,2
DA:60,1
DA:63,1
DA:65,0
DA:66,0
DA:71,5
DA:72,0
DA:73,0
DA:74,0
DA:76,0
DA:77,0
DA:78,0
DA:80,0
DA:81,0
DA:83,0
DA:84,0
DA:86,0
DA:87,0
DA:89,0
DA:90,0
DA:92,0
DA:93,0
DA:95,0
DA:96,0
DA:100,0
DA:102,0
DA:104,0
DA:117,0
DA:118,0
DA:121,0
DA:122,0
LF:49
LH:20
BRDA:8,0,0,1
BRDA:8,0,1,0
BRDA:29,1,0,0
BRDA:29,1,1,1
BRDA:59,2,0,1
BRDA:59,2,1,1
BRDA:80,3,0,0
BRDA:80,3,1,0
BRDA:83,4,0,0
BRDA:83,4,1,0
BRDA:86,5,0,0
BRDA:86,5,1,0
BRDA:89,6,0,0
BRDA:89,6,1,0
BRDA:92,7,0,0
BRDA:92,7,1,0
BRDA:95,8,0,0
BRDA:95,8,1,0
BRF:18
BRH:4
end_of_record
TN:
SF:controllers\myMemeController.js
FN:5,(anonymous_0)
FN:24,(anonymous_1)
FN:52,(anonymous_2)
FN:90,(anonymous_3)
FN:142,(anonymous_4)
FNF:5
FNH:5
FNDA:1,(anonymous_0)
FNDA:2,(anonymous_1)
FNDA:3,(anonymous_2)
FNDA:3,(anonymous_3)
FNDA:2,(anonymous_4)
DA:1,5
DA:2,5
DA:3,5
DA:5,5
DA:6,1
DA:7,1
DA:17,1
DA:19,0
DA:20,0
DA:24,5
DA:25,2
DA:26,2
DA:27,2
DA:28,2
DA:40,2
DA:41,1
DA:44,1
DA:47,0
DA:48,0
DA:52,5
DA:53,3
DA:54,3
DA:55,3
DA:56,3
DA:58,3
DA:60,3
DA:61,1
DA:64,2
DA:69,2
DA:71,2
DA:72,1
DA:75,1
DA:82,1
DA:84,0
DA:85,0
DA:90,5
DA:91,3
DA:92,3
DA:93,3
DA:94,3
DA:96,3
DA:108,3
DA:109,1
DA:112,2
DA:117,2
DA:119,2
DA:120,1
DA:123,1
DA:134,1
DA:136,0
DA:137,0
DA:142,5
DA:143,2
DA:144,2
DA:145,2
DA:146,2
DA:148,2
DA:149,1
DA:152,1
DA:159,1
DA:161,0
DA:162,0
LF:62
LH:52
BRDA:40,0,0,1
BRDA:40,0,1,1
BRDA:60,1,0,1
BRDA:60,1,1,2
BRDA:71,2,0,1
BRDA:71,2,1,1
BRDA:108,3,0,1
BRDA:108,3,1,2
BRDA:119,4,0,1
BRDA:119,4,1,1
BRDA:148,5,0,1
BRDA:148,5,1,1
BRF:12
BRH:12
end_of_record
TN:
SF:controllers\userController.js
FN:11,(anonymous_0)
FN:56,(anonymous_1)
FN:76,(anonymous_2)
FN:122,(anonymous_3)
FN:154,(anonymous_4)
FN:166,(anonymous_5)
FN:182,(anonymous_6)
FN:240,(anonymous_7)
FN:278,(anonymous_8)
FN:351,(anonymous_9)
FNF:10
FNH:8
FNDA:3,(anonymous_0)
FNDA:0,(anonymous_1)
FNDA:3,(anonymous_2)
FNDA:1,(anonymous_3)
FNDA:1,(anonymous_4)
FNDA:1,(anonymous_5)
FNDA:2,(anonymous_6)
FNDA:4,(anonymous_7)
FNDA:0,(anonymous_8)
FNDA:1,(anonymous_9)
DA:1,5
DA:2,5
DA:3,5
DA:4,5
DA:5,5
DA:6,5
DA:7,5
DA:8,5
DA:9,5
DA:11,5
DA:12,3
DA:13,3
DA:15,3
DA:21,3
DA:23,3
DA:24,2
DA:27,1
DA:33,1
DA:34,0
DA:37,1
DA:39,1
DA:47,1
DA:49,1
DA:51,0
DA:52,0
DA:56,5
DA:57,0
DA:58,0
DA:59,0
DA:65,0
DA:66,0
DA:68,0
DA:69,0
DA:71,0
DA:72,0
DA:76,5
DA:77,3
DA:78,3
DA:80,3
DA:85,3
DA:87,3
DA:88,0
DA:91,3
DA:97,3
DA:98,1
DA:101,2
DA:102,0
DA:105,2
DA:107,2
DA:108,1
DA:111,1
DA:113,1
DA:115,1
DA:117,0
DA:118,0
DA:122,5
DA:123,1
DA:124,1
DA:126,1
DA:141,1
DA:147,1
DA:149,0
DA:150,0
DA:154,5
DA:155,1
DA:156,1
DA:159,1
DA:161,0
DA:162,0
DA:166,5
DA:167,1
DA:168,1
DA:169,1
DA:171,1
DA:172,0
DA:175,1
DA:177,0
DA:178,0
DA:182,5
DA:183,2
DA:184,2
DA:185,2
DA:187,2
DA:189,2
DA:190,0
DA:193,2
DA:195,2
DA:200,2
DA:202,2
DA:203,1
DA:206,1
DA:208,1
DA:218,1
DA:219,1
DA:220,1
DA:221,1
DA:223,1
DA:227,1
DA:231,0
DA:235,0
DA:236,0
DA:240,5
DA:241,4
DA:242,4
DA:243,4
DA:245,4
DA:247,4
DA:248,0
DA:251,4
DA:256,4
DA:258,4
DA:259,2
DA:262,2
DA:264,2
DA:265,1
DA:268,1
DA:269,1
DA:271,1
DA:273,0
DA:274,0
DA:278,5
DA:279,0
DA:280,0
DA:281,0
DA:283,0
DA:284,0
DA:287,0
DA:288,0
DA:289,0
DA:302,0
DA:304,0
DA:310,0
DA:311,0
DA:313,0
DA:316,0
DA:320,0
DA:333,0
DA:335,0
DA:341,0
DA:342,0
DA:344,0
DA:346,0
DA:347,0
DA:351,5
DA:352,1
DA:353,1
DA:354,1
DA:356,1
DA:357,0
DA:360,1
DA:361,0
DA:364,1
DA:369,1
DA:382,1
DA:383,1
DA:385,0
DA:386,0
LF:157
LH:101
BRDA:23,0,0,2
BRDA:23,0,1,1
BRDA:33,1,0,0
BRDA:33,1,1,1
BRDA:87,2,0,0
BRDA:87,2,1,3
BRDA:97,3,0,1
BRDA:97,3,1,2
BRDA:101,4,0,0
BRDA:101,4,1,2
BRDA:107,5,0,1
BRDA:107,5,1,1
BRDA:171,6,0,0
BRDA:171,6,1,1
BRDA:189,7,0,0
BRDA:189,7,1,2
BRDA:202,8,0,1
BRDA:202,8,1,1
BRDA:206,9,0,1
BRDA:206,9,1,0
BRDA:218,10,0,1
BRDA:218,10,1,0
BRDA:219,11,0,1
BRDA:219,11,1,0
BRDA:219,12,0,1
BRDA:219,12,1,1
BRDA:247,13,0,0
BRDA:247,13,1,4
BRDA:258,14,0,2
BRDA:258,14,1,2
BRDA:264,15,0,1
BRDA:264,15,1,1
BRDA:283,16,0,0
BRDA:283,16,1,0
BRDA:287,17,0,0
BRDA:287,17,1,0
BRDA:288,18,0,0
BRDA:288,18,1,0
BRDA:356,19,0,0
BRDA:356,19,1,1
BRDA:360,20,0,0
BRDA:360,20,1,1
BRF:42
BRH:25
end_of_record
TN:
SF:helper\bcrypt.js
FN:4,(anonymous_0)
FN:9,(anonymous_1)
FNF:2
FNH:2
FNDA:8,(anonymous_0)
FNDA:4,(anonymous_1)
DA:1,5
DA:3,5
DA:5,8
DA:6,8
DA:7,8
DA:10,4
LF:6
LH:6
BRF:0
BRH:0
end_of_record
TN:
SF:helper\errorHandler.js
FN:1,(anonymous_0)
FN:5,(anonymous_1)
FN:9,(anonymous_2)
FN:13,(anonymous_3)
FN:17,(anonymous_4)
FNF:5
FNH:4
FNDA:0,(anonymous_0)
FNDA:8,(anonymous_1)
FNDA:1,(anonymous_2)
FNDA:1,(anonymous_3)
FNDA:10,(anonymous_4)
DA:1,5
DA:2,0
DA:5,5
DA:6,8
DA:9,5
DA:10,1
DA:13,5
DA:14,1
DA:17,5
DA:18,10
LF:10
LH:9
BRF:0
BRH:0
end_of_record
TN:
SF:helper\jwt.js
FN:5,(anonymous_0)
FN:8,(anonymous_1)
FNF:2
FNH:2
FNDA:7,(anonymous_0)
FNDA:36,(anonymous_1)
DA:1,5
DA:2,5
DA:4,5
DA:6,7
DA:9,36
LF:5
LH:5
BRF:0
BRH:0
end_of_record
TN:
SF:helper\nodeMailerVerify.js
FN:3,sendEmail
FN:417,(anonymous_1)
FNF:2
FNH:1
FNDA:1,sendEmail
FNDA:0,(anonymous_1)
DA:1,5
DA:4,1
DA:12,1
DA:14,1
DA:16,1
DA:417,1
DA:418,0
DA:419,0
DA:421,0
DA:426,5
LF:10
LH:7
BRDA:418,0,0,0
BRDA:418,0,1,0
BRF:2
BRH:0
end_of_record
TN:
SF:helper\nodemailerNotifPremium.js
FN:3,(anonymous_0)
FNF:1
FNH:0
FNDA:0,(anonymous_0)
DA:1,5
DA:3,5
DA:4,0
DA:5,0
DA:13,0
DA:20,0
DA:21,0
DA:23,0
DA:27,5
LF:9
LH:3
BRF:0
BRH:0
end_of_record
TN:
SF:helper\redisClient.js
FN:8,(anonymous_0)
FN:12,(anonymous_1)
FNF:2
FNH:1
FNDA:5,(anonymous_0)
FNDA:0,(anonymous_1)
DA:1,5
DA:3,5
DA:8,5
DA:9,5
DA:12,5
DA:13,0
DA:17,5
LF:7
LH:6
BRF:0
BRH:0
end_of_record
TN:
SF:middleware\auth.js
FN:6,(anonymous_0)
FN:26,(anonymous_1)
FN:41,(anonymous_2)
FNF:3
FNH:3
FNDA:36,(anonymous_0)
FNDA:3,(anonymous_1)
FNDA:3,(anonymous_2)
DA:1,5
DA:2,5
DA:3,5
DA:6,5
DA:7,36
DA:8,36
DA:10,36
DA:11,0
DA:14,36
DA:15,36
DA:16,36
DA:18,36
DA:20,0
DA:21,0
DA:26,5
DA:27,3
DA:28,3
DA:30,3
DA:31,0
DA:34,3
DA:36,0
DA:37,0
DA:41,5
DA:42,3
DA:43,3
DA:45,3
DA:59,3
DA:60,0
DA:65,3
DA:68,0
DA:69,0
LF:31
LH:22
BRDA:10,0,0,0
BRDA:10,0,1,36
BRDA:30,1,0,0
BRDA:30,1,1,3
BRDA:59,2,0,0
BRDA:59,2,1,3
BRDA:59,3,0,3
BRDA:59,3,1,0
BRF:8
BRH:4
end_of_record
TN:
SF:middleware\multer.js
FN:5,(anonymous_0)
FN:9,(anonymous_1)
FN:15,(anonymous_2)
FNF:3
FNH:3
FNDA:5,(anonymous_0)
FNDA:5,(anonymous_1)
FNDA:5,(anonymous_2)
DA:1,5
DA:2,5
DA:4,5
DA:6,5
DA:10,5
DA:11,5
DA:15,5
DA:16,5
DA:17,5
DA:18,5
DA:20,5
DA:21,5
DA:23,0
DA:27,5
DA:29,5
LF:15
LH:14
BRDA:20,0,0,5
BRDA:20,0,1,0
BRDA:20,1,0,5
BRDA:20,1,1,5
BRF:4
BRH:3
end_of_record
TN:
SF:models\comment.js
FN:5,(anonymous_0)
FN:12,(anonymous_1)
FNF:2
FNH:2
FNDA:5,(anonymous_0)
FNDA:5,(anonymous_1)
DA:4,5
DA:5,5
DA:14,5
DA:15,5
DA:18,5
DA:26,5
LF:6
LH:6
BRF:0
BRH:0
end_of_record
TN:
SF:models\index.js
FN:21,(anonymous_0)
FN:24,(anonymous_1)
FN:29,(anonymous_2)
FNF:3
FNH:3
FNDA:30,(anonymous_0)
FNDA:25,(anonymous_1)
FNDA:25,(anonymous_2)
DA:3,5
DA:4,5
DA:5,5
DA:6,5
DA:7,5
DA:8,5
DA:9,5
DA:10,5
DA:13,5
DA:14,0
DA:16,5
DA:19,5
DA:22,30
DA:25,25
DA:26,25
DA:29,5
DA:30,25
DA:31,25
DA:35,5
DA:36,5
DA:38,5
LF:21
LH:20
BRDA:8,0,0,5
BRDA:8,0,1,0
BRDA:13,1,0,0
BRDA:13,1,1,5
BRDA:22,2,0,30
BRDA:22,2,1,30
BRDA:22,2,2,25
BRDA:30,3,0,25
BRDA:30,3,1,0
BRF:9
BRH:6
end_of_record
TN:
SF:models\like.js
FN:5,(anonymous_0)
FN:12,(anonymous_1)
FNF:2
FNH:2
FNDA:5,(anonymous_0)
FNDA:5,(anonymous_1)
DA:4,5
DA:5,5
DA:14,5
DA:15,5
DA:18,5
DA:25,5
LF:6
LH:6
BRF:0
BRH:0
end_of_record
TN:
SF:models\meme.js
FN:5,(anonymous_0)
FN:12,(anonymous_1)
FNF:2
FNH:2
FNDA:5,(anonymous_0)
FNDA:5,(anonymous_1)
DA:4,5
DA:5,5
DA:14,5
DA:15,5
DA:16,5
DA:19,5
DA:37,5
LF:7
LH:7
BRF:0
BRH:0
end_of_record
TN:
SF:models\mymeme.js
FN:5,(anonymous_0)
FN:12,(anonymous_1)
FNF:2
FNH:2
FNDA:5,(anonymous_0)
FNDA:5,(anonymous_1)
DA:4,5
DA:5,5
DA:14,5
DA:15,5
DA:18,5
DA:35,5
LF:6
LH:6
BRF:0
BRH:0
end_of_record
TN:
SF:models\user.js
FN:8,(anonymous_0)
FN:15,(anonymous_1)
FN:70,(anonymous_2)
FNF:3
FNH:3
FNDA:5,(anonymous_0)
FNDA:5,(anonymous_1)
FNDA:1,(anonymous_2)
DA:2,5
DA:3,5
DA:7,5
DA:8,5
DA:17,5
DA:18,5
DA:19,5
DA:22,5
DA:70,5
DA:71,1
DA:72,1
DA:73,1
DA:75,5
LF:13
LH:13
BRF:0
BRH:0
end_of_record
TN:
SF:router\commentRouter.js
FNF:0
FNH:0
DA:1,5
DA:2,5
DA:3,5
DA:4,5
DA:6,5
DA:7,5
DA:8,5
DA:9,5
DA:11,5
LF:9
LH:9
BRF:0
BRH:0
end_of_record
TN:
SF:router\index.js
FNF:0
FNH:0
DA:1,5
DA:2,5
DA:3,5
DA:4,5
DA:5,5
DA:6,5
DA:7,5
DA:9,5
DA:10,5
DA:11,5
DA:12,5
DA:13,5
DA:16,5
LF:13
LH:13
BRF:0
BRH:0
end_of_record
TN:
SF:router\likeRouter.js
FNF:0
FNH:0
DA:1,5
DA:2,5
DA:3,5
DA:4,5
DA:6,5
DA:7,5
DA:8,5
DA:9,5
DA:11,5
LF:9
LH:9
BRF:0
BRH:0
end_of_record
TN:
SF:router\memeRouter.js
FNF:0
FNH:0
DA:1,5
DA:2,5
DA:3,5
DA:4,5
DA:6,5
DA:7,5
DA:8,5
DA:9,5
DA:11,5
LF:9
LH:9
BRF:0
BRH:0
end_of_record
TN:
SF:router\myMemeRouter.js
FNF:0
FNH:0
DA:1,5
DA:2,5
DA:3,5
DA:4,5
DA:6,5
DA:7,5
DA:8,5
DA:9,5
DA:10,5
DA:11,5
DA:13,5
LF:11
LH:11
BRF:0
BRH:0
end_of_record
TN:
SF:router\userRoute.js
FNF:0
FNH:0
DA:1,5
DA:2,5
DA:3,5
DA:4,5
DA:5,5
DA:7,5
DA:8,5
DA:9,5
DA:10,5
DA:11,5
DA:12,5
DA:13,5
DA:14,5
DA:15,5
DA:16,5
DA:17,5
DA:19,5
LF:17
LH:17
BRF:0
BRH:0
end_of_record
