TN:
SF:app.js
FN:16,(anonymous_0)
FNF:1
FNH:0
FNDA:0,(anonymous_0)
DA:1,3
DA:2,3
DA:3,3
DA:4,3
DA:5,3
DA:6,3
DA:8,3
DA:9,3
DA:10,3
DA:11,3
DA:12,3
DA:13,3
DA:15,3
DA:16,0
DA:17,0
DA:21,3
LF:16
LH:14
BRDA:15,0,0,0
BRDA:15,0,1,3
BRF:2
BRH:1
end_of_record
TN:
SF:controllers\commentController.js
FN:5,(anonymous_0)
FN:40,(anonymous_1)
FN:64,(anonymous_2)
FNF:3
FNH:0
FNDA:0,(anonymous_0)
FNDA:0,(anonymous_1)
FNDA:0,(anonymous_2)
DA:1,3
DA:2,3
DA:3,3
DA:5,3
DA:6,0
DA:7,0
DA:8,0
DA:9,0
DA:11,0
DA:15,0
DA:17,0
DA:18,0
DA:21,0
DA:23,0
DA:24,0
DA:27,0
DA:33,0
DA:35,0
DA:36,0
DA:40,3
DA:41,0
DA:42,0
DA:43,0
DA:57,0
DA:59,0
DA:60,0
DA:64,3
DA:65,0
DA:66,0
DA:67,0
DA:69,0
DA:70,0
DA:73,0
DA:79,0
DA:81,0
DA:82,0
LF:36
LH:6
BRDA:17,0,0,0
BRDA:17,0,1,0
BRDA:23,1,0,0
BRDA:23,1,1,0
BRDA:69,2,0,0
BRDA:69,2,1,0
BRF:6
BRH:0
end_of_record
TN:
SF:controllers\likeController.js
FN:4,(anonymous_0)
FN:26,(anonymous_1)
FN:60,(anonymous_2)
FNF:3
FNH:0
FNDA:0,(anonymous_0)
FNDA:0,(anonymous_1)
FNDA:0,(anonymous_2)
DA:1,3
DA:2,3
DA:4,3
DA:5,0
DA:6,0
DA:7,0
DA:18,0
DA:19,0
DA:21,0
DA:22,0
DA:26,3
DA:27,0
DA:28,0
DA:29,0
DA:31,0
DA:33,0
DA:34,0
DA:37,0
DA:44,0
DA:45,0
DA:48,0
DA:53,0
DA:55,0
DA:56,0
DA:60,3
DA:61,0
DA:62,0
DA:63,0
DA:65,0
DA:67,0
DA:68,0
DA:71,0
DA:78,0
DA:79,0
DA:81,0
DA:84,0
DA:85,0
LF:37
LH:5
BRDA:33,0,0,0
BRDA:33,0,1,0
BRDA:44,1,0,0
BRDA:44,1,1,0
BRDA:67,2,0,0
BRDA:67,2,1,0
BRDA:78,3,0,0
BRDA:78,3,1,0
BRF:8
BRH:0
end_of_record
TN:
SF:controllers\memeController.js
FN:6,(anonymous_0)
FN:54,(anonymous_1)
FN:71,(anonymous_2)
FNF:3
FNH:2
FNDA:1,(anonymous_0)
FNDA:2,(anonymous_1)
FNDA:0,(anonymous_2)
DA:1,3
DA:3,3
DA:4,3
DA:6,3
DA:7,1
DA:8,1
DA:9,1
DA:19,1
DA:21,1
DA:29,1
DA:36,1
DA:44,1
DA:49,0
DA:50,0
DA:54,3
DA:55,2
DA:56,2
DA:57,2
DA:59,2
DA:60,1
DA:63,1
DA:65,0
DA:66,0
DA:71,3
DA:72,0
DA:73,0
DA:74,0
DA:76,0
DA:77,0
DA:78,0
DA:80,0
DA:81,0
DA:83,0
DA:84,0
DA:86,0
DA:87,0
DA:89,0
DA:90,0
DA:92,0
DA:93,0
DA:95,0
DA:96,0
DA:100,0
DA:102,0
DA:104,0
DA:117,0
DA:118,0
DA:121,0
DA:122,0
LF:49
LH:20
BRDA:8,0,0,1
BRDA:8,0,1,0
BRDA:29,1,0,0
BRDA:29,1,1,1
BRDA:59,2,0,1
BRDA:59,2,1,1
BRDA:80,3,0,0
BRDA:80,3,1,0
BRDA:83,4,0,0
BRDA:83,4,1,0
BRDA:86,5,0,0
BRDA:86,5,1,0
BRDA:89,6,0,0
BRDA:89,6,1,0
BRDA:92,7,0,0
BRDA:92,7,1,0
BRDA:95,8,0,0
BRDA:95,8,1,0
BRF:18
BRH:4
end_of_record
TN:
SF:controllers\myMemeController.js
FN:5,(anonymous_0)
FN:24,(anonymous_1)
FN:52,(anonymous_2)
FN:90,(anonymous_3)
FN:142,(anonymous_4)
FNF:5
FNH:5
FNDA:1,(anonymous_0)
FNDA:2,(anonymous_1)
FNDA:3,(anonymous_2)
FNDA:3,(anonymous_3)
FNDA:2,(anonymous_4)
DA:1,3
DA:2,3
DA:3,3
DA:5,3
DA:6,1
DA:7,1
DA:17,1
DA:19,0
DA:20,0
DA:24,3
DA:25,2
DA:26,2
DA:27,2
DA:28,2
DA:40,2
DA:41,1
DA:44,1
DA:47,0
DA:48,0
DA:52,3
DA:53,3
DA:54,3
DA:55,3
DA:56,3
DA:58,3
DA:60,3
DA:61,1
DA:64,2
DA:69,2
DA:71,2
DA:72,1
DA:75,1
DA:82,1
DA:84,0
DA:85,0
DA:90,3
DA:91,3
DA:92,3
DA:93,3
DA:94,3
DA:96,3
DA:108,3
DA:109,1
DA:112,2
DA:117,2
DA:119,2
DA:120,1
DA:123,1
DA:134,1
DA:136,0
DA:137,0
DA:142,3
DA:143,2
DA:144,2
DA:145,2
DA:146,2
DA:148,2
DA:149,1
DA:152,1
DA:159,1
DA:161,0
DA:162,0
LF:62
LH:52
BRDA:40,0,0,1
BRDA:40,0,1,1
BRDA:60,1,0,1
BRDA:60,1,1,2
BRDA:71,2,0,1
BRDA:71,2,1,1
BRDA:108,3,0,1
BRDA:108,3,1,2
BRDA:119,4,0,1
BRDA:119,4,1,1
BRDA:148,5,0,1
BRDA:148,5,1,1
BRF:12
BRH:12
end_of_record
TN:
SF:controllers\userController.js
FN:11,(anonymous_0)
FN:56,(anonymous_1)
FN:76,(anonymous_2)
FN:122,(anonymous_3)
FN:154,(anonymous_4)
FN:166,(anonymous_5)
FN:182,(anonymous_6)
FN:240,(anonymous_7)
FN:278,(anonymous_8)
FN:352,(anonymous_9)
FNF:10
FNH:5
FNDA:3,(anonymous_0)
FNDA:0,(anonymous_1)
FNDA:3,(anonymous_2)
FNDA:0,(anonymous_3)
FNDA:1,(anonymous_4)
FNDA:1,(anonymous_5)
FNDA:0,(anonymous_6)
FNDA:4,(anonymous_7)
FNDA:0,(anonymous_8)
FNDA:0,(anonymous_9)
DA:1,3
DA:2,3
DA:3,3
DA:4,3
DA:5,3
DA:6,3
DA:7,3
DA:8,3
DA:9,3
DA:11,3
DA:12,3
DA:13,3
DA:15,3
DA:21,3
DA:23,3
DA:24,2
DA:27,1
DA:33,1
DA:34,0
DA:37,1
DA:39,1
DA:47,1
DA:49,1
DA:51,0
DA:52,0
DA:56,3
DA:57,0
DA:58,0
DA:59,0
DA:65,0
DA:66,0
DA:68,0
DA:69,0
DA:71,0
DA:72,0
DA:76,3
DA:77,3
DA:78,3
DA:80,3
DA:85,3
DA:87,3
DA:88,0
DA:91,3
DA:97,3
DA:98,1
DA:101,2
DA:102,0
DA:105,2
DA:107,2
DA:108,1
DA:111,1
DA:113,1
DA:115,1
DA:117,0
DA:118,0
DA:122,3
DA:123,0
DA:124,0
DA:126,0
DA:141,0
DA:147,0
DA:149,0
DA:150,0
DA:154,3
DA:155,1
DA:156,1
DA:159,1
DA:161,0
DA:162,0
DA:166,3
DA:167,1
DA:168,1
DA:169,1
DA:171,1
DA:172,0
DA:175,1
DA:177,0
DA:178,0
DA:182,3
DA:183,0
DA:184,0
DA:185,0
DA:187,0
DA:189,0
DA:190,0
DA:193,0
DA:195,0
DA:200,0
DA:202,0
DA:203,0
DA:206,0
DA:208,0
DA:218,0
DA:219,0
DA:220,0
DA:221,0
DA:223,0
DA:227,0
DA:231,0
DA:235,0
DA:236,0
DA:240,3
DA:241,4
DA:242,4
DA:243,4
DA:245,4
DA:247,4
DA:248,0
DA:251,4
DA:256,4
DA:258,4
DA:259,2
DA:262,2
DA:264,2
DA:265,1
DA:268,1
DA:269,1
DA:271,1
DA:273,0
DA:274,0
DA:278,3
DA:279,0
DA:280,0
DA:281,0
DA:283,0
DA:284,0
DA:287,0
DA:288,0
DA:289,0
DA:302,0
DA:304,0
DA:310,0
DA:311,0
DA:313,0
DA:316,0
DA:321,0
DA:334,0
DA:336,0
DA:342,0
DA:343,0
DA:345,0
DA:347,0
DA:348,0
DA:352,3
DA:353,0
DA:354,0
DA:355,0
DA:357,0
DA:358,0
DA:361,0
DA:362,0
DA:365,0
DA:370,0
DA:383,0
DA:384,0
DA:386,0
DA:387,0
LF:157
LH:69
BRDA:23,0,0,2
BRDA:23,0,1,1
BRDA:33,1,0,0
BRDA:33,1,1,1
BRDA:87,2,0,0
BRDA:87,2,1,3
BRDA:97,3,0,1
BRDA:97,3,1,2
BRDA:101,4,0,0
BRDA:101,4,1,2
BRDA:107,5,0,1
BRDA:107,5,1,1
BRDA:171,6,0,0
BRDA:171,6,1,1
BRDA:189,7,0,0
BRDA:189,7,1,0
BRDA:202,8,0,0
BRDA:202,8,1,0
BRDA:206,9,0,0
BRDA:206,9,1,0
BRDA:218,10,0,0
BRDA:218,10,1,0
BRDA:219,11,0,0
BRDA:219,11,1,0
BRDA:219,12,0,0
BRDA:219,12,1,0
BRDA:247,13,0,0
BRDA:247,13,1,4
BRDA:258,14,0,2
BRDA:258,14,1,2
BRDA:264,15,0,1
BRDA:264,15,1,1
BRDA:283,16,0,0
BRDA:283,16,1,0
BRDA:287,17,0,0
BRDA:287,17,1,0
BRDA:288,18,0,0
BRDA:288,18,1,0
BRDA:357,19,0,0
BRDA:357,19,1,0
BRDA:361,20,0,0
BRDA:361,20,1,0
BRF:42
BRH:15
end_of_record
TN:
SF:helper\bcrypt.js
FN:4,(anonymous_0)
FN:9,(anonymous_1)
FNF:2
FNH:2
FNDA:5,(anonymous_0)
FNDA:4,(anonymous_1)
DA:1,3
DA:3,3
DA:5,5
DA:6,5
DA:7,5
DA:10,4
LF:6
LH:6
BRF:0
BRH:0
end_of_record
TN:
SF:helper\errorHandler.js
FN:1,(anonymous_0)
FN:5,(anonymous_1)
FN:9,(anonymous_2)
FN:13,(anonymous_3)
FN:17,(anonymous_4)
FNF:5
FNH:3
FNDA:0,(anonymous_0)
FNDA:6,(anonymous_1)
FNDA:0,(anonymous_2)
FNDA:1,(anonymous_3)
FNDA:6,(anonymous_4)
DA:1,3
DA:2,0
DA:5,3
DA:6,6
DA:9,3
DA:10,0
DA:13,3
DA:14,1
DA:17,3
DA:18,6
LF:10
LH:8
BRF:0
BRH:0
end_of_record
TN:
SF:helper\jwt.js
FN:5,(anonymous_0)
FN:8,(anonymous_1)
FNF:2
FNH:2
FNDA:3,(anonymous_0)
FNDA:20,(anonymous_1)
DA:1,3
DA:2,3
DA:4,3
DA:6,3
DA:9,20
LF:5
LH:5
BRF:0
BRH:0
end_of_record
TN:
SF:helper\nodeMailerVerify.js
FN:3,sendEmail
FN:417,(anonymous_1)
FNF:2
FNH:1
FNDA:1,sendEmail
FNDA:0,(anonymous_1)
DA:1,3
DA:4,1
DA:12,1
DA:14,1
DA:16,1
DA:417,1
DA:418,0
DA:419,0
DA:421,0
DA:426,3
LF:10
LH:7
BRDA:418,0,0,0
BRDA:418,0,1,0
BRF:2
BRH:0
end_of_record
TN:
SF:helper\nodemailerNotifPremium.js
FN:3,(anonymous_0)
FNF:1
FNH:0
FNDA:0,(anonymous_0)
DA:1,3
DA:3,3
DA:4,0
DA:5,0
DA:13,0
DA:20,0
DA:21,0
DA:23,0
DA:27,3
LF:9
LH:3
BRF:0
BRH:0
end_of_record
TN:
SF:middleware\auth.js
FN:6,(anonymous_0)
FN:26,(anonymous_1)
FN:41,(anonymous_2)
FNF:3
FNH:3
FNDA:20,(anonymous_0)
FNDA:3,(anonymous_1)
FNDA:3,(anonymous_2)
DA:1,3
DA:2,3
DA:3,3
DA:6,3
DA:7,20
DA:8,20
DA:10,20
DA:11,0
DA:14,20
DA:15,20
DA:16,20
DA:18,20
DA:20,0
DA:21,0
DA:26,3
DA:27,3
DA:28,3
DA:30,3
DA:31,0
DA:34,3
DA:36,0
DA:37,0
DA:41,3
DA:42,3
DA:43,3
DA:45,3
DA:59,3
DA:60,0
DA:65,3
DA:68,0
DA:69,0
LF:31
LH:22
BRDA:10,0,0,0
BRDA:10,0,1,20
BRDA:30,1,0,0
BRDA:30,1,1,3
BRDA:59,2,0,0
BRDA:59,2,1,3
BRDA:59,3,0,3
BRDA:59,3,1,0
BRF:8
BRH:4
end_of_record
TN:
SF:middleware\multer.js
FN:5,(anonymous_0)
FN:9,(anonymous_1)
FN:15,(anonymous_2)
FNF:3
FNH:3
FNDA:3,(anonymous_0)
FNDA:3,(anonymous_1)
FNDA:3,(anonymous_2)
DA:1,3
DA:2,3
DA:4,3
DA:6,3
DA:10,3
DA:11,3
DA:15,3
DA:16,3
DA:17,3
DA:18,3
DA:20,3
DA:21,3
DA:23,0
DA:27,3
DA:29,3
LF:15
LH:14
BRDA:20,0,0,3
BRDA:20,0,1,0
BRDA:20,1,0,3
BRDA:20,1,1,3
BRF:4
BRH:3
end_of_record
TN:
SF:models\comment.js
FN:5,(anonymous_0)
FN:12,(anonymous_1)
FNF:2
FNH:2
FNDA:3,(anonymous_0)
FNDA:3,(anonymous_1)
DA:4,3
DA:5,3
DA:14,3
DA:15,3
DA:18,3
DA:26,3
LF:6
LH:6
BRF:0
BRH:0
end_of_record
TN:
SF:models\index.js
FN:21,(anonymous_0)
FN:24,(anonymous_1)
FN:29,(anonymous_2)
FNF:3
FNH:3
FNDA:18,(anonymous_0)
FNDA:15,(anonymous_1)
FNDA:15,(anonymous_2)
DA:3,3
DA:4,3
DA:5,3
DA:6,3
DA:7,3
DA:8,3
DA:9,3
DA:10,3
DA:13,3
DA:14,0
DA:16,3
DA:19,3
DA:22,18
DA:25,15
DA:26,15
DA:29,3
DA:30,15
DA:31,15
DA:35,3
DA:36,3
DA:38,3
LF:21
LH:20
BRDA:8,0,0,3
BRDA:8,0,1,0
BRDA:13,1,0,0
BRDA:13,1,1,3
BRDA:22,2,0,18
BRDA:22,2,1,18
BRDA:22,2,2,15
BRDA:30,3,0,15
BRDA:30,3,1,0
BRF:9
BRH:6
end_of_record
TN:
SF:models\like.js
FN:5,(anonymous_0)
FN:12,(anonymous_1)
FNF:2
FNH:2
FNDA:3,(anonymous_0)
FNDA:3,(anonymous_1)
DA:4,3
DA:5,3
DA:14,3
DA:15,3
DA:18,3
DA:25,3
LF:6
LH:6
BRF:0
BRH:0
end_of_record
TN:
SF:models\meme.js
FN:5,(anonymous_0)
FN:12,(anonymous_1)
FNF:2
FNH:2
FNDA:3,(anonymous_0)
FNDA:3,(anonymous_1)
DA:4,3
DA:5,3
DA:14,3
DA:15,3
DA:16,3
DA:19,3
DA:37,3
LF:7
LH:7
BRF:0
BRH:0
end_of_record
TN:
SF:models\mymeme.js
FN:5,(anonymous_0)
FN:12,(anonymous_1)
FNF:2
FNH:2
FNDA:3,(anonymous_0)
FNDA:3,(anonymous_1)
DA:4,3
DA:5,3
DA:14,3
DA:15,3
DA:18,3
DA:35,3
LF:6
LH:6
BRF:0
BRH:0
end_of_record
TN:
SF:models\user.js
FN:8,(anonymous_0)
FN:15,(anonymous_1)
FN:70,(anonymous_2)
FNF:3
FNH:3
FNDA:3,(anonymous_0)
FNDA:3,(anonymous_1)
FNDA:1,(anonymous_2)
DA:2,3
DA:3,3
DA:7,3
DA:8,3
DA:17,3
DA:18,3
DA:19,3
DA:22,3
DA:70,3
DA:71,1
DA:72,1
DA:73,1
DA:75,3
LF:13
LH:13
BRF:0
BRH:0
end_of_record
TN:
SF:router\commentRouter.js
FNF:0
FNH:0
DA:1,3
DA:2,3
DA:3,3
DA:4,3
DA:6,3
DA:7,3
DA:8,3
DA:9,3
DA:11,3
LF:9
LH:9
BRF:0
BRH:0
end_of_record
TN:
SF:router\index.js
FNF:0
FNH:0
DA:1,3
DA:2,3
DA:3,3
DA:4,3
DA:5,3
DA:6,3
DA:7,3
DA:9,3
DA:10,3
DA:11,3
DA:12,3
DA:13,3
DA:16,3
LF:13
LH:13
BRF:0
BRH:0
end_of_record
TN:
SF:router\likeRouter.js
FNF:0
FNH:0
DA:1,3
DA:2,3
DA:3,3
DA:4,3
DA:6,3
DA:7,3
DA:8,3
DA:9,3
DA:11,3
LF:9
LH:9
BRF:0
BRH:0
end_of_record
TN:
SF:router\memeRouter.js
FNF:0
FNH:0
DA:1,3
DA:2,3
DA:3,3
DA:4,3
DA:6,3
DA:7,3
DA:8,3
DA:9,3
DA:11,3
LF:9
LH:9
BRF:0
BRH:0
end_of_record
TN:
SF:router\myMemeRouter.js
FNF:0
FNH:0
DA:1,3
DA:2,3
DA:3,3
DA:4,3
DA:6,3
DA:7,3
DA:8,3
DA:9,3
DA:10,3
DA:11,3
DA:13,3
LF:11
LH:11
BRF:0
BRH:0
end_of_record
TN:
SF:router\userRoute.js
FNF:0
FNH:0
DA:1,3
DA:2,3
DA:3,3
DA:4,3
DA:5,3
DA:7,3
DA:8,3
DA:9,3
DA:10,3
DA:11,3
DA:12,3
DA:13,3
DA:14,3
DA:15,3
DA:16,3
DA:17,3
DA:19,3
LF:17
LH:17
BRF:0
BRH:0
end_of_record
