<?xml version="1.0" encoding="UTF-8"?>
<coverage generated="1703728401738" clover="3.2.0">
  <project timestamp="1703728401738" name="All files">
    <metrics statements="5" coveredstatements="5" conditionals="2" coveredconditionals="1" methods="4" coveredmethods="4" elements="11" coveredelements="10" complexity="0" loc="5" ncloc="5" packages="1" files="1" classes="1"/>
    <file name="index.jsx" path="D:\NGODING\Phincon training\Week 7\AL-meme\client-nya\src\components\Card\index.jsx">
      <metrics statements="5" coveredstatements="5" conditionals="2" coveredconditionals="1" methods="4" coveredmethods="4"/>
      <line num="7" count="6" type="stmt"/>
      <line num="8" count="12" type="cond" truecount="1" falsecount="1"/>
      <line num="10" count="6" type="stmt"/>
      <line num="20" count="6" type="stmt"/>
      <line num="23" count="1" type="stmt"/>
    </file>
  </project>
</coverage>
