{"D:\\NGODING\\Phincon training\\Week 7\\AL-meme\\client-nya\\config\\development.js": {"path":"D:\\NGODING\\Phincon training\\Week 7\\AL-meme\\client-nya\\config\\development.js","statementMap":{},"fnMap":{},"branchMap":{},"s":{},"f":{},"b":{},"_coverageSchema":"1a1c01bbd47fc00a2c39e90264f33305004495a9","hash":"996a5bf33ac5acc7380bb886881df7b5c77f6f6d"}
,"D:\\NGODING\\Phincon training\\Week 7\\AL-meme\\client-nya\\config\\index.js": {"path":"D:\\NGODING\\Phincon training\\Week 7\\AL-meme\\client-nya\\config\\index.js","statementMap":{"0":{"start":{"line":5,"column":16},"end":{"line":5,"column":53}},"1":{"start":{"line":7,"column":12},"end":{"line":7,"column":54}},"2":{"start":{"line":9,"column":15},"end":{"line":13,"column":1}}},"fnMap":{},"branchMap":{"0":{"loc":{"start":{"line":5,"column":16},"end":{"line":5,"column":53}},"type":"binary-expr","locations":[{"start":{"line":5,"column":16},"end":{"line":5,"column":36}},{"start":{"line":5,"column":40},"end":{"line":5,"column":53}}],"line":5}},"s":{"0":1,"1":1,"2":1},"f":{},"b":{"0":[1,0]},"_coverageSchema":"1a1c01bbd47fc00a2c39e90264f33305004495a9","hash":"ca194148c58cc2c4aa52b4bb6798bd4bc1037d2c"}
,"D:\\NGODING\\Phincon training\\Week 7\\AL-meme\\client-nya\\config\\production.js": {"path":"D:\\NGODING\\Phincon training\\Week 7\\AL-meme\\client-nya\\config\\production.js","statementMap":{},"fnMap":{},"branchMap":{},"s":{},"f":{},"b":{},"_coverageSchema":"1a1c01bbd47fc00a2c39e90264f33305004495a9","hash":"2d8b74638f6edb1c896ffb88c4d8d3a841768a36"}
,"D:\\NGODING\\Phincon training\\Week 7\\AL-meme\\client-nya\\config\\test.env.js": {"path":"D:\\NGODING\\Phincon training\\Week 7\\AL-meme\\client-nya\\config\\test.env.js","statementMap":{},"fnMap":{},"branchMap":{},"s":{},"f":{},"b":{},"_coverageSchema":"1a1c01bbd47fc00a2c39e90264f33305004495a9","hash":"6210b3d891a74bd5ff0e7510aacfa5a46b8c3650"}
,"D:\\NGODING\\Phincon training\\Week 7\\AL-meme\\client-nya\\src\\components\\Navbar\\index.jsx": {"path":"D:\\NGODING\\Phincon training\\Week 7\\AL-meme\\client-nya\\src\\components\\Navbar\\index.jsx","statementMap":{"0":{"start":{"line":20,"column":15},"end":{"line":151,"column":1}},"1":{"start":{"line":21,"column":19},"end":{"line":21,"column":32}},"2":{"start":{"line":22,"column":19},"end":{"line":22,"column":32}},"3":{"start":{"line":23,"column":42},"end":{"line":23,"column":56}},"4":{"start":{"line":24,"column":15},"end":{"line":24,"column":36}},"5":{"start":{"line":26,"column":44},"end":{"line":26,"column":58}},"6":{"start":{"line":27,"column":30},"end":{"line":27,"column":52}},"7":{"start":{"line":29,"column":29},"end":{"line":31,"column":3}},"8":{"start":{"line":30,"column":4},"end":{"line":30,"column":42}},"9":{"start":{"line":33,"column":30},"end":{"line":35,"column":3}},"10":{"start":{"line":34,"column":4},"end":{"line":34,"column":27}},"11":{"start":{"line":37,"column":22},"end":{"line":39,"column":3}},"12":{"start":{"line":38,"column":4},"end":{"line":38,"column":41}},"13":{"start":{"line":41,"column":22},"end":{"line":43,"column":3}},"14":{"start":{"line":42,"column":4},"end":{"line":42,"column":26}},"15":{"start":{"line":45,"column":23},"end":{"line":50,"column":3}},"16":{"start":{"line":46,"column":4},"end":{"line":48,"column":5}},"17":{"start":{"line":47,"column":6},"end":{"line":47,"column":32}},"18":{"start":{"line":49,"column":4},"end":{"line":49,"column":18}},"19":{"start":{"line":52,"column":17},"end":{"line":54,"column":3}},"20":{"start":{"line":53,"column":4},"end":{"line":53,"column":18}},"21":{"start":{"line":56,"column":2},"end":{"line":150,"column":4}},"22":{"start":{"line":114,"column":35},"end":{"line":114,"column":55}},"23":{"start":{"line":123,"column":35},"end":{"line":123,"column":53}},"24":{"start":{"line":131,"column":35},"end":{"line":131,"column":53}},"25":{"start":{"line":139,"column":35},"end":{"line":139,"column":53}},"26":{"start":{"line":153,"column":0},"end":{"line":159,"column":2}}},"fnMap":{"0":{"name":"(anonymous_0)","decl":{"start":{"line":20,"column":15},"end":{"line":20,"column":16}},"loc":{"start":{"line":20,"column":51},"end":{"line":151,"column":1}},"line":20},"1":{"name":"(anonymous_1)","decl":{"start":{"line":29,"column":29},"end":{"line":29,"column":30}},"loc":{"start":{"line":29,"column":40},"end":{"line":31,"column":3}},"line":29},"2":{"name":"(anonymous_2)","decl":{"start":{"line":33,"column":30},"end":{"line":33,"column":31}},"loc":{"start":{"line":33,"column":36},"end":{"line":35,"column":3}},"line":33},"3":{"name":"(anonymous_3)","decl":{"start":{"line":37,"column":22},"end":{"line":37,"column":23}},"loc":{"start":{"line":37,"column":33},"end":{"line":39,"column":3}},"line":37},"4":{"name":"(anonymous_4)","decl":{"start":{"line":41,"column":22},"end":{"line":41,"column":23}},"loc":{"start":{"line":41,"column":28},"end":{"line":43,"column":3}},"line":41},"5":{"name":"(anonymous_5)","decl":{"start":{"line":45,"column":23},"end":{"line":45,"column":24}},"loc":{"start":{"line":45,"column":33},"end":{"line":50,"column":3}},"line":45},"6":{"name":"(anonymous_6)","decl":{"start":{"line":52,"column":17},"end":{"line":52,"column":18}},"loc":{"start":{"line":52,"column":23},"end":{"line":54,"column":3}},"line":52},"7":{"name":"(anonymous_7)","decl":{"start":{"line":114,"column":29},"end":{"line":114,"column":30}},"loc":{"start":{"line":114,"column":35},"end":{"line":114,"column":55}},"line":114},"8":{"name":"(anonymous_8)","decl":{"start":{"line":123,"column":29},"end":{"line":123,"column":30}},"loc":{"start":{"line":123,"column":35},"end":{"line":123,"column":53}},"line":123},"9":{"name":"(anonymous_9)","decl":{"start":{"line":131,"column":29},"end":{"line":131,"column":30}},"loc":{"start":{"line":131,"column":35},"end":{"line":131,"column":53}},"line":131},"10":{"name":"(anonymous_10)","decl":{"start":{"line":139,"column":29},"end":{"line":139,"column":30}},"loc":{"start":{"line":139,"column":35},"end":{"line":139,"column":53}},"line":139}},"branchMap":{"0":{"loc":{"start":{"line":46,"column":4},"end":{"line":48,"column":5}},"type":"if","locations":[{"start":{"line":46,"column":4},"end":{"line":48,"column":5}},{"start":{},"end":{}}],"line":46},"1":{"loc":{"start":{"line":64,"column":11},"end":{"line":72,"column":11}},"type":"binary-expr","locations":[{"start":{"line":64,"column":11},"end":{"line":64,"column":16}},{"start":{"line":65,"column":12},"end":{"line":71,"column":18}}],"line":64},"2":{"loc":{"start":{"line":66,"column":15},"end":{"line":70,"column":15}},"type":"cond-expr","locations":[{"start":{"line":67,"column":16},"end":{"line":67,"column":78}},{"start":{"line":69,"column":16},"end":{"line":69,"column":50}}],"line":66},"3":{"loc":{"start":{"line":66,"column":15},"end":{"line":66,"column":41}},"type":"binary-expr","locations":[{"start":{"line":66,"column":15},"end":{"line":66,"column":19}},{"start":{"line":66,"column":23},"end":{"line":66,"column":41}}],"line":66},"4":{"loc":{"start":{"line":74,"column":52},"end":{"line":74,"column":91}},"type":"cond-expr","locations":[{"start":{"line":74,"column":70},"end":{"line":74,"column":79}},{"start":{"line":74,"column":82},"end":{"line":74,"column":91}}],"line":74},"5":{"loc":{"start":{"line":118,"column":13},"end":{"line":120,"column":13}},"type":"binary-expr","locations":[{"start":{"line":118,"column":13},"end":{"line":118,"column":17}},{"start":{"line":119,"column":14},"end":{"line":119,"column":41}}],"line":118}},"s":{"0":1,"1":2,"2":2,"3":2,"4":2,"5":2,"6":2,"7":2,"8":0,"9":2,"10":0,"11":2,"12":0,"13":2,"14":0,"15":2,"16":0,"17":0,"18":0,"19":2,"20":0,"21":2,"22":0,"23":0,"24":0,"25":0,"26":1},"f":{"0":2,"1":0,"2":0,"3":0,"4":0,"5":0,"6":0,"7":0,"8":0,"9":0,"10":0},"b":{"0":[0,0],"1":[2,2],"2":[0,2],"3":[2,0],"4":[0,2],"5":[2,0]},"_coverageSchema":"1a1c01bbd47fc00a2c39e90264f33305004495a9","hash":"c0d1fe8fb7b20c969870ca72cb7bc0b070c4aff9"}
,"D:\\NGODING\\Phincon training\\Week 7\\AL-meme\\client-nya\\src\\containers\\App\\actions.js": {"path":"D:\\NGODING\\Phincon training\\Week 7\\AL-meme\\client-nya\\src\\containers\\App\\actions.js","statementMap":{"0":{"start":{"line":3,"column":25},"end":{"line":6,"column":2}},"1":{"start":{"line":3,"column":38},"end":{"line":6,"column":1}},"2":{"start":{"line":8,"column":24},"end":{"line":11,"column":2}},"3":{"start":{"line":8,"column":36},"end":{"line":11,"column":1}},"4":{"start":{"line":13,"column":25},"end":{"line":20,"column":2}},"5":{"start":{"line":13,"column":56},"end":{"line":20,"column":1}},"6":{"start":{"line":22,"column":25},"end":{"line":29,"column":2}},"7":{"start":{"line":22,"column":32},"end":{"line":29,"column":1}},"8":{"start":{"line":31,"column":26},"end":{"line":34,"column":2}},"9":{"start":{"line":31,"column":40},"end":{"line":34,"column":1}},"10":{"start":{"line":36,"column":20},"end":{"line":38,"column":2}},"11":{"start":{"line":36,"column":27},"end":{"line":38,"column":1}}},"fnMap":{"0":{"name":"(anonymous_0)","decl":{"start":{"line":3,"column":25},"end":{"line":3,"column":26}},"loc":{"start":{"line":3,"column":38},"end":{"line":6,"column":1}},"line":3},"1":{"name":"(anonymous_1)","decl":{"start":{"line":8,"column":24},"end":{"line":8,"column":25}},"loc":{"start":{"line":8,"column":36},"end":{"line":11,"column":1}},"line":8},"2":{"name":"(anonymous_2)","decl":{"start":{"line":13,"column":25},"end":{"line":13,"column":26}},"loc":{"start":{"line":13,"column":56},"end":{"line":20,"column":1}},"line":13},"3":{"name":"(anonymous_3)","decl":{"start":{"line":22,"column":25},"end":{"line":22,"column":26}},"loc":{"start":{"line":22,"column":32},"end":{"line":29,"column":1}},"line":22},"4":{"name":"(anonymous_4)","decl":{"start":{"line":31,"column":26},"end":{"line":31,"column":27}},"loc":{"start":{"line":31,"column":40},"end":{"line":34,"column":1}},"line":31},"5":{"name":"(anonymous_5)","decl":{"start":{"line":36,"column":20},"end":{"line":36,"column":21}},"loc":{"start":{"line":36,"column":27},"end":{"line":38,"column":1}},"line":36}},"branchMap":{"0":{"loc":{"start":{"line":13,"column":26},"end":{"line":13,"column":36}},"type":"default-arg","locations":[{"start":{"line":13,"column":34},"end":{"line":13,"column":36}}],"line":13},"1":{"loc":{"start":{"line":13,"column":38},"end":{"line":13,"column":50}},"type":"default-arg","locations":[{"start":{"line":13,"column":48},"end":{"line":13,"column":50}}],"line":13}},"s":{"0":1,"1":0,"2":1,"3":0,"4":1,"5":0,"6":1,"7":0,"8":1,"9":0,"10":1,"11":0},"f":{"0":0,"1":0,"2":0,"3":0,"4":0,"5":0},"b":{"0":[0],"1":[0]},"_coverageSchema":"1a1c01bbd47fc00a2c39e90264f33305004495a9","hash":"92cb6e941a5a267f5bc54c4f7d397a75fb4a0009"}
,"D:\\NGODING\\Phincon training\\Week 7\\AL-meme\\client-nya\\src\\containers\\App\\constants.js": {"path":"D:\\NGODING\\Phincon training\\Week 7\\AL-meme\\client-nya\\src\\containers\\App\\constants.js","statementMap":{"0":{"start":{"line":1,"column":25},"end":{"line":1,"column":40}},"1":{"start":{"line":2,"column":25},"end":{"line":2,"column":40}},"2":{"start":{"line":3,"column":25},"end":{"line":3,"column":40}},"3":{"start":{"line":4,"column":27},"end":{"line":4,"column":44}},"4":{"start":{"line":6,"column":20},"end":{"line":6,"column":30}}},"fnMap":{},"branchMap":{},"s":{"0":1,"1":1,"2":1,"3":1,"4":1},"f":{},"b":{},"_coverageSchema":"1a1c01bbd47fc00a2c39e90264f33305004495a9","hash":"fbf4f38ccbf2f7352200c71ac6cd72d906ee0c5d"}
,"D:\\NGODING\\Phincon training\\Week 7\\AL-meme\\client-nya\\src\\containers\\Client\\actions.js": {"path":"D:\\NGODING\\Phincon training\\Week 7\\AL-meme\\client-nya\\src\\containers\\Client\\actions.js","statementMap":{"0":{"start":{"line":3,"column":24},"end":{"line":6,"column":2}},"1":{"start":{"line":3,"column":36},"end":{"line":6,"column":1}},"2":{"start":{"line":8,"column":24},"end":{"line":11,"column":2}},"3":{"start":{"line":8,"column":36},"end":{"line":11,"column":1}},"4":{"start":{"line":14,"column":23},"end":{"line":17,"column":2}},"5":{"start":{"line":14,"column":34},"end":{"line":17,"column":1}},"6":{"start":{"line":19,"column":23},"end":{"line":22,"column":2}},"7":{"start":{"line":19,"column":34},"end":{"line":22,"column":1}},"8":{"start":{"line":24,"column":25},"end":{"line":27,"column":2}},"9":{"start":{"line":24,"column":36},"end":{"line":27,"column":1}},"10":{"start":{"line":29,"column":28},"end":{"line":33,"column":2}},"11":{"start":{"line":29,"column":49},"end":{"line":33,"column":1}},"12":{"start":{"line":35,"column":22},"end":{"line":37,"column":2}},"13":{"start":{"line":35,"column":29},"end":{"line":37,"column":1}},"14":{"start":{"line":39,"column":27},"end":{"line":41,"column":2}},"15":{"start":{"line":39,"column":34},"end":{"line":41,"column":1}}},"fnMap":{"0":{"name":"(anonymous_0)","decl":{"start":{"line":3,"column":24},"end":{"line":3,"column":25}},"loc":{"start":{"line":3,"column":36},"end":{"line":6,"column":1}},"line":3},"1":{"name":"(anonymous_1)","decl":{"start":{"line":8,"column":24},"end":{"line":8,"column":25}},"loc":{"start":{"line":8,"column":36},"end":{"line":11,"column":1}},"line":8},"2":{"name":"(anonymous_2)","decl":{"start":{"line":14,"column":23},"end":{"line":14,"column":24}},"loc":{"start":{"line":14,"column":34},"end":{"line":17,"column":1}},"line":14},"3":{"name":"(anonymous_3)","decl":{"start":{"line":19,"column":23},"end":{"line":19,"column":24}},"loc":{"start":{"line":19,"column":34},"end":{"line":22,"column":1}},"line":19},"4":{"name":"(anonymous_4)","decl":{"start":{"line":24,"column":25},"end":{"line":24,"column":26}},"loc":{"start":{"line":24,"column":36},"end":{"line":27,"column":1}},"line":24},"5":{"name":"(anonymous_5)","decl":{"start":{"line":29,"column":28},"end":{"line":29,"column":29}},"loc":{"start":{"line":29,"column":49},"end":{"line":33,"column":1}},"line":29},"6":{"name":"(anonymous_6)","decl":{"start":{"line":35,"column":22},"end":{"line":35,"column":23}},"loc":{"start":{"line":35,"column":29},"end":{"line":37,"column":1}},"line":35},"7":{"name":"(anonymous_7)","decl":{"start":{"line":39,"column":27},"end":{"line":39,"column":28}},"loc":{"start":{"line":39,"column":34},"end":{"line":41,"column":1}},"line":39}},"branchMap":{},"s":{"0":1,"1":0,"2":1,"3":0,"4":1,"5":0,"6":1,"7":0,"8":1,"9":0,"10":1,"11":0,"12":1,"13":0,"14":1,"15":0},"f":{"0":0,"1":0,"2":0,"3":0,"4":0,"5":0,"6":0,"7":0},"b":{},"_coverageSchema":"1a1c01bbd47fc00a2c39e90264f33305004495a9","hash":"27f03dc7b648cfcdce92bdb3a30528c8bf3ddcb3"}
,"D:\\NGODING\\Phincon training\\Week 7\\AL-meme\\client-nya\\src\\containers\\Client\\constants.js": {"path":"D:\\NGODING\\Phincon training\\Week 7\\AL-meme\\client-nya\\src\\containers\\Client\\constants.js","statementMap":{"0":{"start":{"line":1,"column":25},"end":{"line":1,"column":43}},"1":{"start":{"line":2,"column":25},"end":{"line":2,"column":43}},"2":{"start":{"line":3,"column":24},"end":{"line":3,"column":41}},"3":{"start":{"line":4,"column":24},"end":{"line":4,"column":41}},"4":{"start":{"line":5,"column":26},"end":{"line":5,"column":45}},"5":{"start":{"line":6,"column":29},"end":{"line":6,"column":51}},"6":{"start":{"line":7,"column":22},"end":{"line":7,"column":37}},"7":{"start":{"line":8,"column":28},"end":{"line":8,"column":49}}},"fnMap":{},"branchMap":{},"s":{"0":1,"1":1,"2":1,"3":1,"4":1,"5":1,"6":1,"7":1},"f":{},"b":{},"_coverageSchema":"1a1c01bbd47fc00a2c39e90264f33305004495a9","hash":"66b70267b0c23a09941e680a5bb738419bdc14ac"}
}
