{"D:\\NGODING\\Phincon training\\Week 7\\AL-meme\\client-nya\\config\\development.js": {"path":"D:\\NGODING\\Phincon training\\Week 7\\AL-meme\\client-nya\\config\\development.js","statementMap":{},"fnMap":{},"branchMap":{},"s":{},"f":{},"b":{},"_coverageSchema":"1a1c01bbd47fc00a2c39e90264f33305004495a9","hash":"996a5bf33ac5acc7380bb886881df7b5c77f6f6d"}
,"D:\\NGODING\\Phincon training\\Week 7\\AL-meme\\client-nya\\config\\index.js": {"path":"D:\\NGODING\\Phincon training\\Week 7\\AL-meme\\client-nya\\config\\index.js","statementMap":{"0":{"start":{"line":5,"column":16},"end":{"line":5,"column":53}},"1":{"start":{"line":7,"column":12},"end":{"line":7,"column":54}},"2":{"start":{"line":9,"column":15},"end":{"line":13,"column":1}}},"fnMap":{},"branchMap":{"0":{"loc":{"start":{"line":5,"column":16},"end":{"line":5,"column":53}},"type":"binary-expr","locations":[{"start":{"line":5,"column":16},"end":{"line":5,"column":36}},{"start":{"line":5,"column":40},"end":{"line":5,"column":53}}],"line":5}},"s":{"0":1,"1":1,"2":1},"f":{},"b":{"0":[1,0]},"_coverageSchema":"1a1c01bbd47fc00a2c39e90264f33305004495a9","hash":"ca194148c58cc2c4aa52b4bb6798bd4bc1037d2c"}
,"D:\\NGODING\\Phincon training\\Week 7\\AL-meme\\client-nya\\config\\production.js": {"path":"D:\\NGODING\\Phincon training\\Week 7\\AL-meme\\client-nya\\config\\production.js","statementMap":{},"fnMap":{},"branchMap":{},"s":{},"f":{},"b":{},"_coverageSchema":"1a1c01bbd47fc00a2c39e90264f33305004495a9","hash":"2d8b74638f6edb1c896ffb88c4d8d3a841768a36"}
,"D:\\NGODING\\Phincon training\\Week 7\\AL-meme\\client-nya\\config\\test.env.js": {"path":"D:\\NGODING\\Phincon training\\Week 7\\AL-meme\\client-nya\\config\\test.env.js","statementMap":{},"fnMap":{},"branchMap":{},"s":{},"f":{},"b":{},"_coverageSchema":"1a1c01bbd47fc00a2c39e90264f33305004495a9","hash":"6210b3d891a74bd5ff0e7510aacfa5a46b8c3650"}
,"D:\\NGODING\\Phincon training\\Week 7\\AL-meme\\client-nya\\src\\configureStore.js": {"path":"D:\\NGODING\\Phincon training\\Week 7\\AL-meme\\client-nya\\src\\configureStore.js","statementMap":{"0":{"start":{"line":9,"column":18},"end":{"line":9,"column":20}},"1":{"start":{"line":12,"column":23},"end":{"line":34,"column":1}},"2":{"start":{"line":13,"column":25},"end":{"line":13,"column":32}},"3":{"start":{"line":14,"column":34},"end":{"line":16,"column":3}},"4":{"start":{"line":18,"column":2},"end":{"line":20,"column":3}},"5":{"start":{"line":19,"column":4},"end":{"line":19,"column":120}},"6":{"start":{"line":19,"column":53},"end":{"line":19,"column":120}},"7":{"start":{"line":22,"column":27},"end":{"line":22,"column":72}},"8":{"start":{"line":23,"column":25},"end":{"line":23,"column":70}},"9":{"start":{"line":24,"column":22},"end":{"line":24,"column":38}},"10":{"start":{"line":25,"column":20},"end":{"line":25,"column":53}},"11":{"start":{"line":27,"column":16},"end":{"line":27,"column":91}},"12":{"start":{"line":29,"column":2},"end":{"line":29,"column":37}},"13":{"start":{"line":32,"column":2},"end":{"line":32,"column":26}},"14":{"start":{"line":33,"column":2},"end":{"line":33,"column":15}},"15":{"start":{"line":36,"column":14},"end":{"line":36,"column":39}},"16":{"start":{"line":39,"column":25},"end":{"line":39,"column":44}}},"fnMap":{"0":{"name":"(anonymous_0)","decl":{"start":{"line":12,"column":23},"end":{"line":12,"column":24}},"loc":{"start":{"line":12,"column":46},"end":{"line":34,"column":1}},"line":12}},"branchMap":{"0":{"loc":{"start":{"line":12,"column":24},"end":{"line":12,"column":41}},"type":"default-arg","locations":[{"start":{"line":12,"column":39},"end":{"line":12,"column":41}}],"line":12},"1":{"loc":{"start":{"line":18,"column":2},"end":{"line":20,"column":3}},"type":"if","locations":[{"start":{"line":18,"column":2},"end":{"line":20,"column":3}},{"start":{},"end":{}}],"line":18},"2":{"loc":{"start":{"line":18,"column":6},"end":{"line":18,"column":73}},"type":"binary-expr","locations":[{"start":{"line":18,"column":6},"end":{"line":18,"column":43}},{"start":{"line":18,"column":47},"end":{"line":18,"column":73}}],"line":18},"3":{"loc":{"start":{"line":19,"column":4},"end":{"line":19,"column":120}},"type":"if","locations":[{"start":{"line":19,"column":4},"end":{"line":19,"column":120}},{"start":{},"end":{}}],"line":19}},"s":{"0":1,"1":1,"2":1,"3":1,"4":1,"5":1,"6":0,"7":1,"8":1,"9":1,"10":1,"11":1,"12":1,"13":1,"14":1,"15":1,"16":1},"f":{"0":1},"b":{"0":[0],"1":[1,0],"2":[1,1],"3":[0,1]},"_coverageSchema":"1a1c01bbd47fc00a2c39e90264f33305004495a9","hash":"bb6cba105df681e76aae11d45d013c7898f7f33e"}
,"D:\\NGODING\\Phincon training\\Week 7\\AL-meme\\client-nya\\src\\persistence.js": {"path":"D:\\NGODING\\Phincon training\\Week 7\\AL-meme\\client-nya\\src\\persistence.js","statementMap":{"0":{"start":{"line":4,"column":28},"end":{"line":8,"column":1}},"1":{"start":{"line":10,"column":32},"end":{"line":22,"column":56}},"2":{"start":{"line":11,"column":2},"end":{"line":22,"column":56}},"3":{"start":{"line":12,"column":30},"end":{"line":21,"column":5}},"4":{"start":{"line":22,"column":27},"end":{"line":22,"column":51}}},"fnMap":{"0":{"name":"(anonymous_0)","decl":{"start":{"line":10,"column":32},"end":{"line":10,"column":33}},"loc":{"start":{"line":11,"column":2},"end":{"line":22,"column":56}},"line":11},"1":{"name":"(anonymous_1)","decl":{"start":{"line":12,"column":9},"end":{"line":12,"column":10}},"loc":{"start":{"line":12,"column":30},"end":{"line":21,"column":5}},"line":12},"2":{"name":"(anonymous_2)","decl":{"start":{"line":22,"column":12},"end":{"line":22,"column":13}},"loc":{"start":{"line":22,"column":27},"end":{"line":22,"column":51}},"line":22}},"branchMap":{},"s":{"0":1,"1":1,"2":1,"3":7,"4":7},"f":{"0":1,"1":7,"2":7},"b":{},"_coverageSchema":"1a1c01bbd47fc00a2c39e90264f33305004495a9","hash":"46a6c3d3b33bac7f3cdfb856449ab41ba1755321"}
,"D:\\NGODING\\Phincon training\\Week 7\\AL-meme\\client-nya\\src\\reducers.js": {"path":"D:\\NGODING\\Phincon training\\Week 7\\AL-meme\\client-nya\\src\\reducers.js","statementMap":{"0":{"start":{"line":14,"column":23},"end":{"line":22,"column":1}},"1":{"start":{"line":24,"column":26},"end":{"line":26,"column":1}},"2":{"start":{"line":28,"column":22},"end":{"line":35,"column":1}},"3":{"start":{"line":29,"column":22},"end":{"line":32,"column":4}},"4":{"start":{"line":33,"column":22},"end":{"line":33,"column":67}},"5":{"start":{"line":33,"column":41},"end":{"line":33,"column":67}},"6":{"start":{"line":34,"column":2},"end":{"line":34,"column":21}}},"fnMap":{"0":{"name":"(anonymous_0)","decl":{"start":{"line":28,"column":22},"end":{"line":28,"column":23}},"loc":{"start":{"line":28,"column":28},"end":{"line":35,"column":1}},"line":28},"1":{"name":"(anonymous_1)","decl":{"start":{"line":33,"column":22},"end":{"line":33,"column":23}},"loc":{"start":{"line":33,"column":41},"end":{"line":33,"column":67}},"line":33}},"branchMap":{},"s":{"0":1,"1":1,"2":1,"3":1,"4":1,"5":10,"6":1},"f":{"0":1,"1":10},"b":{},"_coverageSchema":"1a1c01bbd47fc00a2c39e90264f33305004495a9","hash":"1eede6c06f09784f11d1b312cb44ff215b2ae2a3"}
,"D:\\NGODING\\Phincon training\\Week 7\\AL-meme\\client-nya\\src\\rootSaga.js": {"path":"D:\\NGODING\\Phincon training\\Week 7\\AL-meme\\client-nya\\src\\rootSaga.js","statementMap":{"0":{"start":{"line":15,"column":2},"end":{"line":26,"column":5}}},"fnMap":{"0":{"name":"rootSaga","decl":{"start":{"line":14,"column":25},"end":{"line":14,"column":33}},"loc":{"start":{"line":14,"column":36},"end":{"line":27,"column":1}},"line":14}},"branchMap":{},"s":{"0":1},"f":{"0":1},"b":{},"_coverageSchema":"1a1c01bbd47fc00a2c39e90264f33305004495a9","hash":"0e5cbe8ca8f96b46cf12996108f4bbed3e86d146"}
,"D:\\NGODING\\Phincon training\\Week 7\\AL-meme\\client-nya\\src\\containers\\App\\actions.js": {"path":"D:\\NGODING\\Phincon training\\Week 7\\AL-meme\\client-nya\\src\\containers\\App\\actions.js","statementMap":{"0":{"start":{"line":3,"column":25},"end":{"line":6,"column":2}},"1":{"start":{"line":3,"column":38},"end":{"line":6,"column":1}},"2":{"start":{"line":8,"column":24},"end":{"line":11,"column":2}},"3":{"start":{"line":8,"column":36},"end":{"line":11,"column":1}},"4":{"start":{"line":13,"column":25},"end":{"line":20,"column":2}},"5":{"start":{"line":13,"column":56},"end":{"line":20,"column":1}},"6":{"start":{"line":22,"column":25},"end":{"line":29,"column":2}},"7":{"start":{"line":22,"column":32},"end":{"line":29,"column":1}},"8":{"start":{"line":31,"column":26},"end":{"line":34,"column":2}},"9":{"start":{"line":31,"column":40},"end":{"line":34,"column":1}},"10":{"start":{"line":36,"column":20},"end":{"line":38,"column":2}},"11":{"start":{"line":36,"column":27},"end":{"line":38,"column":1}}},"fnMap":{"0":{"name":"(anonymous_0)","decl":{"start":{"line":3,"column":25},"end":{"line":3,"column":26}},"loc":{"start":{"line":3,"column":38},"end":{"line":6,"column":1}},"line":3},"1":{"name":"(anonymous_1)","decl":{"start":{"line":8,"column":24},"end":{"line":8,"column":25}},"loc":{"start":{"line":8,"column":36},"end":{"line":11,"column":1}},"line":8},"2":{"name":"(anonymous_2)","decl":{"start":{"line":13,"column":25},"end":{"line":13,"column":26}},"loc":{"start":{"line":13,"column":56},"end":{"line":20,"column":1}},"line":13},"3":{"name":"(anonymous_3)","decl":{"start":{"line":22,"column":25},"end":{"line":22,"column":26}},"loc":{"start":{"line":22,"column":32},"end":{"line":29,"column":1}},"line":22},"4":{"name":"(anonymous_4)","decl":{"start":{"line":31,"column":26},"end":{"line":31,"column":27}},"loc":{"start":{"line":31,"column":40},"end":{"line":34,"column":1}},"line":31},"5":{"name":"(anonymous_5)","decl":{"start":{"line":36,"column":20},"end":{"line":36,"column":21}},"loc":{"start":{"line":36,"column":27},"end":{"line":38,"column":1}},"line":36}},"branchMap":{"0":{"loc":{"start":{"line":13,"column":26},"end":{"line":13,"column":36}},"type":"default-arg","locations":[{"start":{"line":13,"column":34},"end":{"line":13,"column":36}}],"line":13},"1":{"loc":{"start":{"line":13,"column":38},"end":{"line":13,"column":50}},"type":"default-arg","locations":[{"start":{"line":13,"column":48},"end":{"line":13,"column":50}}],"line":13}},"s":{"0":1,"1":0,"2":1,"3":0,"4":1,"5":0,"6":1,"7":0,"8":1,"9":0,"10":1,"11":0},"f":{"0":0,"1":0,"2":0,"3":0,"4":0,"5":0},"b":{"0":[0],"1":[0]},"_coverageSchema":"1a1c01bbd47fc00a2c39e90264f33305004495a9","hash":"92cb6e941a5a267f5bc54c4f7d397a75fb4a0009"}
,"D:\\NGODING\\Phincon training\\Week 7\\AL-meme\\client-nya\\src\\containers\\App\\constants.js": {"path":"D:\\NGODING\\Phincon training\\Week 7\\AL-meme\\client-nya\\src\\containers\\App\\constants.js","statementMap":{"0":{"start":{"line":1,"column":25},"end":{"line":1,"column":40}},"1":{"start":{"line":2,"column":25},"end":{"line":2,"column":40}},"2":{"start":{"line":3,"column":25},"end":{"line":3,"column":40}},"3":{"start":{"line":4,"column":27},"end":{"line":4,"column":44}},"4":{"start":{"line":6,"column":20},"end":{"line":6,"column":30}}},"fnMap":{},"branchMap":{},"s":{"0":1,"1":1,"2":1,"3":1,"4":1},"f":{},"b":{},"_coverageSchema":"1a1c01bbd47fc00a2c39e90264f33305004495a9","hash":"fbf4f38ccbf2f7352200c71ac6cd72d906ee0c5d"}
,"D:\\NGODING\\Phincon training\\Week 7\\AL-meme\\client-nya\\src\\containers\\App\\reducer.js": {"path":"D:\\NGODING\\Phincon training\\Week 7\\AL-meme\\client-nya\\src\\containers\\App\\reducer.js","statementMap":{"0":{"start":{"line":5,"column":28},"end":{"line":14,"column":1}},"1":{"start":{"line":16,"column":25},"end":{"line":16,"column":44}},"2":{"start":{"line":18,"column":19},"end":{"line":34,"column":4}},"3":{"start":{"line":19,"column":2},"end":{"line":34,"column":4}},"4":{"start":{"line":20,"column":4},"end":{"line":33,"column":5}},"5":{"start":{"line":22,"column":8},"end":{"line":22,"column":37}},"6":{"start":{"line":23,"column":8},"end":{"line":23,"column":14}},"7":{"start":{"line":25,"column":8},"end":{"line":25,"column":35}},"8":{"start":{"line":26,"column":8},"end":{"line":26,"column":14}},"9":{"start":{"line":28,"column":8},"end":{"line":28,"column":35}},"10":{"start":{"line":29,"column":8},"end":{"line":29,"column":14}},"11":{"start":{"line":31,"column":8},"end":{"line":31,"column":39}},"12":{"start":{"line":32,"column":8},"end":{"line":32,"column":14}}},"fnMap":{"0":{"name":"(anonymous_0)","decl":{"start":{"line":18,"column":19},"end":{"line":18,"column":20}},"loc":{"start":{"line":19,"column":2},"end":{"line":34,"column":4}},"line":19},"1":{"name":"(anonymous_1)","decl":{"start":{"line":19,"column":17},"end":{"line":19,"column":18}},"loc":{"start":{"line":19,"column":28},"end":{"line":34,"column":3}},"line":19}},"branchMap":{"0":{"loc":{"start":{"line":18,"column":20},"end":{"line":18,"column":40}},"type":"default-arg","locations":[{"start":{"line":18,"column":28},"end":{"line":18,"column":40}}],"line":18},"1":{"loc":{"start":{"line":20,"column":4},"end":{"line":33,"column":5}},"type":"switch","locations":[{"start":{"line":21,"column":6},"end":{"line":23,"column":14}},{"start":{"line":24,"column":6},"end":{"line":26,"column":14}},{"start":{"line":27,"column":6},"end":{"line":29,"column":14}},{"start":{"line":30,"column":6},"end":{"line":32,"column":14}}],"line":20}},"s":{"0":1,"1":1,"2":1,"3":12,"4":12,"5":0,"6":0,"7":0,"8":0,"9":0,"10":0,"11":0,"12":0},"f":{"0":12,"1":12},"b":{"0":[3],"1":[0,0,0,0]},"_coverageSchema":"1a1c01bbd47fc00a2c39e90264f33305004495a9","hash":"e8319c96bb64e4e82064c494fe200fcb3433e1e3"}
,"D:\\NGODING\\Phincon training\\Week 7\\AL-meme\\client-nya\\src\\containers\\App\\saga.js": {"path":"D:\\NGODING\\Phincon training\\Week 7\\AL-meme\\client-nya\\src\\containers\\App\\saga.js","statementMap":{"0":{"start":{"line":8,"column":2},"end":{"line":8,"column":30}},"1":{"start":{"line":9,"column":2},"end":{"line":13,"column":3}},"2":{"start":{"line":10,"column":4},"end":{"line":10,"column":21}},"3":{"start":{"line":12,"column":4},"end":{"line":12,"column":27}},"4":{"start":{"line":14,"column":2},"end":{"line":14,"column":31}},"5":{"start":{"line":18,"column":2},"end":{"line":18,"column":33}}},"fnMap":{"0":{"name":"doPing","decl":{"start":{"line":7,"column":10},"end":{"line":7,"column":16}},"loc":{"start":{"line":7,"column":19},"end":{"line":15,"column":1}},"line":7},"1":{"name":"appSaga","decl":{"start":{"line":17,"column":25},"end":{"line":17,"column":32}},"loc":{"start":{"line":17,"column":35},"end":{"line":19,"column":1}},"line":17}},"branchMap":{},"s":{"0":0,"1":0,"2":0,"3":0,"4":0,"5":1},"f":{"0":0,"1":1},"b":{},"_coverageSchema":"1a1c01bbd47fc00a2c39e90264f33305004495a9","hash":"10b742cf38e0ef653bd1cb50b737b699e2953389"}
,"D:\\NGODING\\Phincon training\\Week 7\\AL-meme\\client-nya\\src\\containers\\Client\\actions.js": {"path":"D:\\NGODING\\Phincon training\\Week 7\\AL-meme\\client-nya\\src\\containers\\Client\\actions.js","statementMap":{"0":{"start":{"line":3,"column":24},"end":{"line":6,"column":2}},"1":{"start":{"line":3,"column":36},"end":{"line":6,"column":1}},"2":{"start":{"line":8,"column":24},"end":{"line":11,"column":2}},"3":{"start":{"line":8,"column":36},"end":{"line":11,"column":1}},"4":{"start":{"line":14,"column":23},"end":{"line":17,"column":2}},"5":{"start":{"line":14,"column":34},"end":{"line":17,"column":1}},"6":{"start":{"line":19,"column":23},"end":{"line":22,"column":2}},"7":{"start":{"line":19,"column":34},"end":{"line":22,"column":1}},"8":{"start":{"line":24,"column":25},"end":{"line":27,"column":2}},"9":{"start":{"line":24,"column":36},"end":{"line":27,"column":1}},"10":{"start":{"line":29,"column":28},"end":{"line":33,"column":2}},"11":{"start":{"line":29,"column":49},"end":{"line":33,"column":1}},"12":{"start":{"line":35,"column":22},"end":{"line":37,"column":2}},"13":{"start":{"line":35,"column":29},"end":{"line":37,"column":1}},"14":{"start":{"line":39,"column":27},"end":{"line":41,"column":2}},"15":{"start":{"line":39,"column":34},"end":{"line":41,"column":1}}},"fnMap":{"0":{"name":"(anonymous_0)","decl":{"start":{"line":3,"column":24},"end":{"line":3,"column":25}},"loc":{"start":{"line":3,"column":36},"end":{"line":6,"column":1}},"line":3},"1":{"name":"(anonymous_1)","decl":{"start":{"line":8,"column":24},"end":{"line":8,"column":25}},"loc":{"start":{"line":8,"column":36},"end":{"line":11,"column":1}},"line":8},"2":{"name":"(anonymous_2)","decl":{"start":{"line":14,"column":23},"end":{"line":14,"column":24}},"loc":{"start":{"line":14,"column":34},"end":{"line":17,"column":1}},"line":14},"3":{"name":"(anonymous_3)","decl":{"start":{"line":19,"column":23},"end":{"line":19,"column":24}},"loc":{"start":{"line":19,"column":34},"end":{"line":22,"column":1}},"line":19},"4":{"name":"(anonymous_4)","decl":{"start":{"line":24,"column":25},"end":{"line":24,"column":26}},"loc":{"start":{"line":24,"column":36},"end":{"line":27,"column":1}},"line":24},"5":{"name":"(anonymous_5)","decl":{"start":{"line":29,"column":28},"end":{"line":29,"column":29}},"loc":{"start":{"line":29,"column":49},"end":{"line":33,"column":1}},"line":29},"6":{"name":"(anonymous_6)","decl":{"start":{"line":35,"column":22},"end":{"line":35,"column":23}},"loc":{"start":{"line":35,"column":29},"end":{"line":37,"column":1}},"line":35},"7":{"name":"(anonymous_7)","decl":{"start":{"line":39,"column":27},"end":{"line":39,"column":28}},"loc":{"start":{"line":39,"column":34},"end":{"line":41,"column":1}},"line":39}},"branchMap":{},"s":{"0":1,"1":0,"2":1,"3":0,"4":1,"5":0,"6":1,"7":0,"8":1,"9":0,"10":1,"11":0,"12":1,"13":0,"14":1,"15":0},"f":{"0":0,"1":0,"2":0,"3":0,"4":0,"5":0,"6":0,"7":0},"b":{},"_coverageSchema":"1a1c01bbd47fc00a2c39e90264f33305004495a9","hash":"27f03dc7b648cfcdce92bdb3a30528c8bf3ddcb3"}
,"D:\\NGODING\\Phincon training\\Week 7\\AL-meme\\client-nya\\src\\containers\\Client\\constants.js": {"path":"D:\\NGODING\\Phincon training\\Week 7\\AL-meme\\client-nya\\src\\containers\\Client\\constants.js","statementMap":{"0":{"start":{"line":1,"column":25},"end":{"line":1,"column":43}},"1":{"start":{"line":2,"column":25},"end":{"line":2,"column":43}},"2":{"start":{"line":3,"column":24},"end":{"line":3,"column":41}},"3":{"start":{"line":4,"column":24},"end":{"line":4,"column":41}},"4":{"start":{"line":5,"column":26},"end":{"line":5,"column":45}},"5":{"start":{"line":6,"column":29},"end":{"line":6,"column":51}},"6":{"start":{"line":7,"column":22},"end":{"line":7,"column":37}},"7":{"start":{"line":8,"column":28},"end":{"line":8,"column":49}}},"fnMap":{},"branchMap":{},"s":{"0":1,"1":1,"2":1,"3":1,"4":1,"5":1,"6":1,"7":1},"f":{},"b":{},"_coverageSchema":"1a1c01bbd47fc00a2c39e90264f33305004495a9","hash":"66b70267b0c23a09941e680a5bb738419bdc14ac"}
,"D:\\NGODING\\Phincon training\\Week 7\\AL-meme\\client-nya\\src\\containers\\Client\\reducer.js": {"path":"D:\\NGODING\\Phincon training\\Week 7\\AL-meme\\client-nya\\src\\containers\\Client\\reducer.js","statementMap":{"0":{"start":{"line":5,"column":28},"end":{"line":10,"column":1}},"1":{"start":{"line":12,"column":25},"end":{"line":12,"column":59}},"2":{"start":{"line":14,"column":22},"end":{"line":38,"column":4}},"3":{"start":{"line":15,"column":2},"end":{"line":38,"column":4}},"4":{"start":{"line":16,"column":4},"end":{"line":37,"column":5}},"5":{"start":{"line":18,"column":8},"end":{"line":18,"column":35}},"6":{"start":{"line":19,"column":8},"end":{"line":19,"column":14}},"7":{"start":{"line":21,"column":8},"end":{"line":21,"column":35}},"8":{"start":{"line":22,"column":8},"end":{"line":22,"column":14}},"9":{"start":{"line":24,"column":8},"end":{"line":24,"column":33}},"10":{"start":{"line":25,"column":8},"end":{"line":25,"column":14}},"11":{"start":{"line":27,"column":8},"end":{"line":27,"column":33}},"12":{"start":{"line":28,"column":8},"end":{"line":28,"column":14}},"13":{"start":{"line":30,"column":8},"end":{"line":30,"column":26}},"14":{"start":{"line":31,"column":8},"end":{"line":31,"column":27}},"15":{"start":{"line":32,"column":8},"end":{"line":32,"column":26}},"16":{"start":{"line":33,"column":8},"end":{"line":33,"column":28}},"17":{"start":{"line":34,"column":8},"end":{"line":34,"column":14}},"18":{"start":{"line":36,"column":8},"end":{"line":36,"column":14}}},"fnMap":{"0":{"name":"(anonymous_0)","decl":{"start":{"line":14,"column":22},"end":{"line":14,"column":23}},"loc":{"start":{"line":15,"column":2},"end":{"line":38,"column":4}},"line":15},"1":{"name":"(anonymous_1)","decl":{"start":{"line":15,"column":17},"end":{"line":15,"column":18}},"loc":{"start":{"line":15,"column":28},"end":{"line":38,"column":3}},"line":15}},"branchMap":{"0":{"loc":{"start":{"line":14,"column":23},"end":{"line":14,"column":43}},"type":"default-arg","locations":[{"start":{"line":14,"column":31},"end":{"line":14,"column":43}}],"line":14},"1":{"loc":{"start":{"line":16,"column":4},"end":{"line":37,"column":5}},"type":"switch","locations":[{"start":{"line":17,"column":6},"end":{"line":19,"column":14}},{"start":{"line":20,"column":6},"end":{"line":22,"column":14}},{"start":{"line":23,"column":6},"end":{"line":25,"column":14}},{"start":{"line":26,"column":6},"end":{"line":28,"column":14}},{"start":{"line":29,"column":6},"end":{"line":34,"column":14}},{"start":{"line":35,"column":6},"end":{"line":36,"column":14}}],"line":16}},"s":{"0":1,"1":1,"2":1,"3":12,"4":12,"5":0,"6":0,"7":0,"8":0,"9":0,"10":0,"11":0,"12":0,"13":0,"14":0,"15":0,"16":0,"17":0,"18":12},"f":{"0":12,"1":12},"b":{"0":[3],"1":[0,0,0,0,0,12]},"_coverageSchema":"1a1c01bbd47fc00a2c39e90264f33305004495a9","hash":"1f10145d5e92a58ed8095eec275855ef0176e236"}
,"D:\\NGODING\\Phincon training\\Week 7\\AL-meme\\client-nya\\src\\containers\\Language\\constants.js": {"path":"D:\\NGODING\\Phincon training\\Week 7\\AL-meme\\client-nya\\src\\containers\\Language\\constants.js","statementMap":{"0":{"start":{"line":1,"column":28},"end":{"line":1,"column":51}},"1":{"start":{"line":2,"column":30},"end":{"line":2,"column":34}}},"fnMap":{},"branchMap":{},"s":{"0":1,"1":1},"f":{},"b":{},"_coverageSchema":"1a1c01bbd47fc00a2c39e90264f33305004495a9","hash":"e363ba46d7e0a2633b6c7f765734f8a15dc2bc45"}
,"D:\\NGODING\\Phincon training\\Week 7\\AL-meme\\client-nya\\src\\containers\\Language\\reducer.js": {"path":"D:\\NGODING\\Phincon training\\Week 7\\AL-meme\\client-nya\\src\\containers\\Language\\reducer.js","statementMap":{"0":{"start":{"line":8,"column":28},"end":{"line":13,"column":1}},"1":{"start":{"line":15,"column":24},"end":{"line":22,"column":4}},"2":{"start":{"line":16,"column":2},"end":{"line":22,"column":4}},"3":{"start":{"line":17,"column":4},"end":{"line":21,"column":5}},"4":{"start":{"line":19,"column":8},"end":{"line":19,"column":41}},"5":{"start":{"line":20,"column":8},"end":{"line":20,"column":14}}},"fnMap":{"0":{"name":"(anonymous_0)","decl":{"start":{"line":15,"column":24},"end":{"line":15,"column":25}},"loc":{"start":{"line":16,"column":2},"end":{"line":22,"column":4}},"line":16},"1":{"name":"(anonymous_1)","decl":{"start":{"line":16,"column":17},"end":{"line":16,"column":18}},"loc":{"start":{"line":16,"column":28},"end":{"line":22,"column":3}},"line":16}},"branchMap":{"0":{"loc":{"start":{"line":15,"column":25},"end":{"line":15,"column":45}},"type":"default-arg","locations":[{"start":{"line":15,"column":33},"end":{"line":15,"column":45}}],"line":15},"1":{"loc":{"start":{"line":17,"column":4},"end":{"line":21,"column":5}},"type":"switch","locations":[{"start":{"line":18,"column":6},"end":{"line":20,"column":14}}],"line":17}},"s":{"0":1,"1":1,"2":12,"3":12,"4":0,"5":0},"f":{"0":12,"1":12},"b":{"0":[3],"1":[0]},"_coverageSchema":"1a1c01bbd47fc00a2c39e90264f33305004495a9","hash":"8bbc30a7ba02a1d73ac5169e12f60cfa6cf5522b"}
,"D:\\NGODING\\Phincon training\\Week 7\\AL-meme\\client-nya\\src\\domain\\api.js": {"path":"D:\\NGODING\\Phincon training\\Week 7\\AL-meme\\client-nya\\src\\domain\\api.js","statementMap":{"0":{"start":{"line":6,"column":13},"end":{"line":13,"column":1}},"1":{"start":{"line":15,"column":23},"end":{"line":33,"column":1}},"2":{"start":{"line":16,"column":24},"end":{"line":18,"column":3}},"3":{"start":{"line":20,"column":18},"end":{"line":20,"column":46}},"4":{"start":{"line":21,"column":18},"end":{"line":27,"column":3}},"5":{"start":{"line":29,"column":2},"end":{"line":32,"column":5}},"6":{"start":{"line":30,"column":24},"end":{"line":30,"column":37}},"7":{"start":{"line":31,"column":4},"end":{"line":31,"column":23}},"8":{"start":{"line":35,"column":20},"end":{"line":35,"column":51}},"9":{"start":{"line":35,"column":26},"end":{"line":35,"column":51}},"10":{"start":{"line":37,"column":21},"end":{"line":37,"column":83}},"11":{"start":{"line":37,"column":31},"end":{"line":37,"column":83}},"12":{"start":{"line":39,"column":24},"end":{"line":39,"column":89}},"13":{"start":{"line":39,"column":34},"end":{"line":39,"column":89}},"14":{"start":{"line":41,"column":24},"end":{"line":41,"column":72}},"15":{"start":{"line":41,"column":30},"end":{"line":41,"column":72}},"16":{"start":{"line":43,"column":24},"end":{"line":43,"column":88}},"17":{"start":{"line":43,"column":34},"end":{"line":43,"column":88}},"18":{"start":{"line":45,"column":30},"end":{"line":45,"column":100}},"19":{"start":{"line":45,"column":40},"end":{"line":45,"column":100}},"20":{"start":{"line":47,"column":26},"end":{"line":47,"column":80}},"21":{"start":{"line":47,"column":36},"end":{"line":47,"column":80}},"22":{"start":{"line":49,"column":27},"end":{"line":49,"column":83}},"23":{"start":{"line":49,"column":35},"end":{"line":49,"column":83}},"24":{"start":{"line":51,"column":28},"end":{"line":51,"column":107}},"25":{"start":{"line":51,"column":42},"end":{"line":51,"column":107}},"26":{"start":{"line":53,"column":29},"end":{"line":53,"column":88}},"27":{"start":{"line":53,"column":37},"end":{"line":53,"column":88}},"28":{"start":{"line":55,"column":26},"end":{"line":55,"column":106}},"29":{"start":{"line":55,"column":40},"end":{"line":55,"column":106}},"30":{"start":{"line":57,"column":29},"end":{"line":57,"column":94}},"31":{"start":{"line":57,"column":37},"end":{"line":57,"column":94}},"32":{"start":{"line":59,"column":23},"end":{"line":59,"column":77}},"33":{"start":{"line":59,"column":31},"end":{"line":59,"column":77}},"34":{"start":{"line":61,"column":23},"end":{"line":61,"column":76}},"35":{"start":{"line":61,"column":31},"end":{"line":61,"column":76}},"36":{"start":{"line":63,"column":26},"end":{"line":63,"column":85}},"37":{"start":{"line":63,"column":34},"end":{"line":63,"column":85}},"38":{"start":{"line":65,"column":26},"end":{"line":65,"column":60}},"39":{"start":{"line":65,"column":32},"end":{"line":65,"column":60}},"40":{"start":{"line":67,"column":25},"end":{"line":67,"column":103}},"41":{"start":{"line":67,"column":39},"end":{"line":67,"column":103}},"42":{"start":{"line":69,"column":28},"end":{"line":69,"column":91}},"43":{"start":{"line":69,"column":36},"end":{"line":69,"column":91}},"44":{"start":{"line":71,"column":26},"end":{"line":71,"column":105}},"45":{"start":{"line":71,"column":40},"end":{"line":71,"column":105}},"46":{"start":{"line":73,"column":29},"end":{"line":73,"column":76}},"47":{"start":{"line":73,"column":37},"end":{"line":73,"column":76}},"48":{"start":{"line":75,"column":31},"end":{"line":75,"column":85}},"49":{"start":{"line":75,"column":39},"end":{"line":75,"column":85}},"50":{"start":{"line":77,"column":32},"end":{"line":77,"column":82}},"51":{"start":{"line":77,"column":38},"end":{"line":77,"column":82}},"52":{"start":{"line":79,"column":27},"end":{"line":79,"column":95}},"53":{"start":{"line":79,"column":37},"end":{"line":79,"column":95}}},"fnMap":{"0":{"name":"(anonymous_0)","decl":{"start":{"line":15,"column":23},"end":{"line":15,"column":24}},"loc":{"start":{"line":15,"column":88},"end":{"line":33,"column":1}},"line":15},"1":{"name":"(anonymous_1)","decl":{"start":{"line":29,"column":31},"end":{"line":29,"column":32}},"loc":{"start":{"line":29,"column":45},"end":{"line":32,"column":3}},"line":29},"2":{"name":"(anonymous_2)","decl":{"start":{"line":35,"column":20},"end":{"line":35,"column":21}},"loc":{"start":{"line":35,"column":26},"end":{"line":35,"column":51}},"line":35},"3":{"name":"(anonymous_3)","decl":{"start":{"line":37,"column":21},"end":{"line":37,"column":22}},"loc":{"start":{"line":37,"column":31},"end":{"line":37,"column":83}},"line":37},"4":{"name":"(anonymous_4)","decl":{"start":{"line":39,"column":24},"end":{"line":39,"column":25}},"loc":{"start":{"line":39,"column":34},"end":{"line":39,"column":89}},"line":39},"5":{"name":"(anonymous_5)","decl":{"start":{"line":41,"column":24},"end":{"line":41,"column":25}},"loc":{"start":{"line":41,"column":30},"end":{"line":41,"column":72}},"line":41},"6":{"name":"(anonymous_6)","decl":{"start":{"line":43,"column":24},"end":{"line":43,"column":25}},"loc":{"start":{"line":43,"column":34},"end":{"line":43,"column":88}},"line":43},"7":{"name":"(anonymous_7)","decl":{"start":{"line":45,"column":30},"end":{"line":45,"column":31}},"loc":{"start":{"line":45,"column":40},"end":{"line":45,"column":100}},"line":45},"8":{"name":"(anonymous_8)","decl":{"start":{"line":47,"column":26},"end":{"line":47,"column":27}},"loc":{"start":{"line":47,"column":36},"end":{"line":47,"column":80}},"line":47},"9":{"name":"(anonymous_9)","decl":{"start":{"line":49,"column":27},"end":{"line":49,"column":28}},"loc":{"start":{"line":49,"column":35},"end":{"line":49,"column":83}},"line":49},"10":{"name":"(anonymous_10)","decl":{"start":{"line":51,"column":28},"end":{"line":51,"column":29}},"loc":{"start":{"line":51,"column":42},"end":{"line":51,"column":107}},"line":51},"11":{"name":"(anonymous_11)","decl":{"start":{"line":53,"column":29},"end":{"line":53,"column":30}},"loc":{"start":{"line":53,"column":37},"end":{"line":53,"column":88}},"line":53},"12":{"name":"(anonymous_12)","decl":{"start":{"line":55,"column":26},"end":{"line":55,"column":27}},"loc":{"start":{"line":55,"column":40},"end":{"line":55,"column":106}},"line":55},"13":{"name":"(anonymous_13)","decl":{"start":{"line":57,"column":29},"end":{"line":57,"column":30}},"loc":{"start":{"line":57,"column":37},"end":{"line":57,"column":94}},"line":57},"14":{"name":"(anonymous_14)","decl":{"start":{"line":59,"column":23},"end":{"line":59,"column":24}},"loc":{"start":{"line":59,"column":31},"end":{"line":59,"column":77}},"line":59},"15":{"name":"(anonymous_15)","decl":{"start":{"line":61,"column":23},"end":{"line":61,"column":24}},"loc":{"start":{"line":61,"column":31},"end":{"line":61,"column":76}},"line":61},"16":{"name":"(anonymous_16)","decl":{"start":{"line":63,"column":26},"end":{"line":63,"column":27}},"loc":{"start":{"line":63,"column":34},"end":{"line":63,"column":85}},"line":63},"17":{"name":"(anonymous_17)","decl":{"start":{"line":65,"column":26},"end":{"line":65,"column":27}},"loc":{"start":{"line":65,"column":32},"end":{"line":65,"column":60}},"line":65},"18":{"name":"(anonymous_18)","decl":{"start":{"line":67,"column":25},"end":{"line":67,"column":26}},"loc":{"start":{"line":67,"column":39},"end":{"line":67,"column":103}},"line":67},"19":{"name":"(anonymous_19)","decl":{"start":{"line":69,"column":28},"end":{"line":69,"column":29}},"loc":{"start":{"line":69,"column":36},"end":{"line":69,"column":91}},"line":69},"20":{"name":"(anonymous_20)","decl":{"start":{"line":71,"column":26},"end":{"line":71,"column":27}},"loc":{"start":{"line":71,"column":40},"end":{"line":71,"column":105}},"line":71},"21":{"name":"(anonymous_21)","decl":{"start":{"line":73,"column":29},"end":{"line":73,"column":30}},"loc":{"start":{"line":73,"column":37},"end":{"line":73,"column":76}},"line":73},"22":{"name":"(anonymous_22)","decl":{"start":{"line":75,"column":31},"end":{"line":75,"column":32}},"loc":{"start":{"line":75,"column":39},"end":{"line":75,"column":85}},"line":75},"23":{"name":"(anonymous_23)","decl":{"start":{"line":77,"column":32},"end":{"line":77,"column":33}},"loc":{"start":{"line":77,"column":38},"end":{"line":77,"column":82}},"line":77},"24":{"name":"(anonymous_24)","decl":{"start":{"line":79,"column":27},"end":{"line":79,"column":28}},"loc":{"start":{"line":79,"column":37},"end":{"line":79,"column":95}},"line":79}},"branchMap":{"0":{"loc":{"start":{"line":15,"column":48},"end":{"line":15,"column":59}},"type":"default-arg","locations":[{"start":{"line":15,"column":57},"end":{"line":15,"column":59}}],"line":15},"1":{"loc":{"start":{"line":15,"column":61},"end":{"line":15,"column":72}},"type":"default-arg","locations":[{"start":{"line":15,"column":70},"end":{"line":15,"column":72}}],"line":15},"2":{"loc":{"start":{"line":15,"column":74},"end":{"line":15,"column":83}},"type":"default-arg","locations":[{"start":{"line":15,"column":81},"end":{"line":15,"column":83}}],"line":15}},"s":{"0":1,"1":1,"2":0,"3":0,"4":0,"5":0,"6":0,"7":0,"8":1,"9":0,"10":1,"11":0,"12":1,"13":0,"14":1,"15":0,"16":1,"17":0,"18":1,"19":0,"20":1,"21":0,"22":1,"23":0,"24":1,"25":0,"26":1,"27":0,"28":1,"29":0,"30":1,"31":0,"32":1,"33":0,"34":1,"35":0,"36":1,"37":0,"38":1,"39":0,"40":1,"41":0,"42":1,"43":0,"44":1,"45":0,"46":1,"47":0,"48":1,"49":0,"50":1,"51":0,"52":1,"53":0},"f":{"0":0,"1":0,"2":0,"3":0,"4":0,"5":0,"6":0,"7":0,"8":0,"9":0,"10":0,"11":0,"12":0,"13":0,"14":0,"15":0,"16":0,"17":0,"18":0,"19":0,"20":0,"21":0,"22":0,"23":0,"24":0},"b":{"0":[0],"1":[0],"2":[0]},"_coverageSchema":"1a1c01bbd47fc00a2c39e90264f33305004495a9","hash":"5137a2cc89704fce8d1377dc4c11080cc094de88"}
,"D:\\NGODING\\Phincon training\\Week 7\\AL-meme\\client-nya\\src\\languages\\en.js": {"path":"D:\\NGODING\\Phincon training\\Week 7\\AL-meme\\client-nya\\src\\languages\\en.js","statementMap":{},"fnMap":{},"branchMap":{},"s":{},"f":{},"b":{},"_coverageSchema":"1a1c01bbd47fc00a2c39e90264f33305004495a9","hash":"0627006bab319ab13b16735b1c2597166538ae41"}
,"D:\\NGODING\\Phincon training\\Week 7\\AL-meme\\client-nya\\src\\languages\\id.js": {"path":"D:\\NGODING\\Phincon training\\Week 7\\AL-meme\\client-nya\\src\\languages\\id.js","statementMap":{},"fnMap":{},"branchMap":{},"s":{},"f":{},"b":{},"_coverageSchema":"1a1c01bbd47fc00a2c39e90264f33305004495a9","hash":"7f1a3d9101e92aa40d0e2b0f359e3f210890d479"}
,"D:\\NGODING\\Phincon training\\Week 7\\AL-meme\\client-nya\\src\\pages\\BePremium\\actions.js": {"path":"D:\\NGODING\\Phincon training\\Week 7\\AL-meme\\client-nya\\src\\pages\\BePremium\\actions.js","statementMap":{"0":{"start":{"line":3,"column":31},"end":{"line":6,"column":2}},"1":{"start":{"line":3,"column":47},"end":{"line":6,"column":1}},"2":{"start":{"line":8,"column":32},"end":{"line":11,"column":2}},"3":{"start":{"line":8,"column":52},"end":{"line":11,"column":1}},"4":{"start":{"line":13,"column":32},"end":{"line":16,"column":2}},"5":{"start":{"line":13,"column":47},"end":{"line":16,"column":1}}},"fnMap":{"0":{"name":"(anonymous_0)","decl":{"start":{"line":3,"column":31},"end":{"line":3,"column":32}},"loc":{"start":{"line":3,"column":47},"end":{"line":6,"column":1}},"line":3},"1":{"name":"(anonymous_1)","decl":{"start":{"line":8,"column":32},"end":{"line":8,"column":33}},"loc":{"start":{"line":8,"column":52},"end":{"line":11,"column":1}},"line":8},"2":{"name":"(anonymous_2)","decl":{"start":{"line":13,"column":32},"end":{"line":13,"column":33}},"loc":{"start":{"line":13,"column":47},"end":{"line":16,"column":1}},"line":13}},"branchMap":{},"s":{"0":1,"1":0,"2":1,"3":0,"4":1,"5":0},"f":{"0":0,"1":0,"2":0},"b":{},"_coverageSchema":"1a1c01bbd47fc00a2c39e90264f33305004495a9","hash":"006e13d60b0ca41e8b61f34ab891c730149d14e6"}
,"D:\\NGODING\\Phincon training\\Week 7\\AL-meme\\client-nya\\src\\pages\\BePremium\\constants.js": {"path":"D:\\NGODING\\Phincon training\\Week 7\\AL-meme\\client-nya\\src\\pages\\BePremium\\constants.js","statementMap":{"0":{"start":{"line":1,"column":32},"end":{"line":1,"column":50}},"1":{"start":{"line":2,"column":34},"end":{"line":2,"column":54}},"2":{"start":{"line":3,"column":34},"end":{"line":3,"column":54}}},"fnMap":{},"branchMap":{},"s":{"0":1,"1":1,"2":1},"f":{},"b":{},"_coverageSchema":"1a1c01bbd47fc00a2c39e90264f33305004495a9","hash":"bd4ec3173be2564141d31fa211cff0271999b176"}
,"D:\\NGODING\\Phincon training\\Week 7\\AL-meme\\client-nya\\src\\pages\\BePremium\\reducer.js": {"path":"D:\\NGODING\\Phincon training\\Week 7\\AL-meme\\client-nya\\src\\pages\\BePremium\\reducer.js","statementMap":{"0":{"start":{"line":4,"column":28},"end":{"line":6,"column":1}},"1":{"start":{"line":8,"column":25},"end":{"line":8,"column":27}},"2":{"start":{"line":10,"column":25},"end":{"line":19,"column":6}},"3":{"start":{"line":11,"column":4},"end":{"line":19,"column":6}},"4":{"start":{"line":12,"column":8},"end":{"line":18,"column":9}},"5":{"start":{"line":14,"column":16},"end":{"line":14,"column":58}},"6":{"start":{"line":15,"column":16},"end":{"line":15,"column":22}},"7":{"start":{"line":17,"column":16},"end":{"line":17,"column":22}}},"fnMap":{"0":{"name":"(anonymous_0)","decl":{"start":{"line":10,"column":25},"end":{"line":10,"column":26}},"loc":{"start":{"line":11,"column":4},"end":{"line":19,"column":6}},"line":11},"1":{"name":"(anonymous_1)","decl":{"start":{"line":11,"column":19},"end":{"line":11,"column":20}},"loc":{"start":{"line":11,"column":30},"end":{"line":19,"column":5}},"line":11}},"branchMap":{"0":{"loc":{"start":{"line":10,"column":26},"end":{"line":10,"column":46}},"type":"default-arg","locations":[{"start":{"line":10,"column":34},"end":{"line":10,"column":46}}],"line":10},"1":{"loc":{"start":{"line":12,"column":8},"end":{"line":18,"column":9}},"type":"switch","locations":[{"start":{"line":13,"column":12},"end":{"line":15,"column":22}},{"start":{"line":16,"column":12},"end":{"line":17,"column":22}}],"line":12}},"s":{"0":1,"1":1,"2":1,"3":12,"4":12,"5":0,"6":0,"7":12},"f":{"0":12,"1":12},"b":{"0":[3],"1":[0,12]},"_coverageSchema":"1a1c01bbd47fc00a2c39e90264f33305004495a9","hash":"ad9c2869075c0c4088b383bd7fc1663626273fb8"}
,"D:\\NGODING\\Phincon training\\Week 7\\AL-meme\\client-nya\\src\\pages\\BePremium\\saga.js": {"path":"D:\\NGODING\\Phincon training\\Week 7\\AL-meme\\client-nya\\src\\pages\\BePremium\\saga.js","statementMap":{"0":{"start":{"line":10,"column":4},"end":{"line":36,"column":5}},"1":{"start":{"line":11,"column":23},"end":{"line":11,"column":50}},"2":{"start":{"line":12,"column":8},"end":{"line":12,"column":49}},"3":{"start":{"line":14,"column":8},"end":{"line":27,"column":11}},"4":{"start":{"line":16,"column":16},"end":{"line":16,"column":40}},"5":{"start":{"line":19,"column":16},"end":{"line":19,"column":60}},"6":{"start":{"line":22,"column":16},"end":{"line":22,"column":57}},"7":{"start":{"line":25,"column":16},"end":{"line":25,"column":77}},"8":{"start":{"line":29,"column":8},"end":{"line":29,"column":43}},"9":{"start":{"line":30,"column":8},"end":{"line":35,"column":9}},"10":{"start":{"line":31,"column":33},"end":{"line":31,"column":92}},"11":{"start":{"line":32,"column":12},"end":{"line":32,"column":36}},"12":{"start":{"line":34,"column":12},"end":{"line":34,"column":40}},"13":{"start":{"line":40,"column":4},"end":{"line":40,"column":31}},"14":{"start":{"line":41,"column":4},"end":{"line":49,"column":5}},"15":{"start":{"line":42,"column":25},"end":{"line":42,"column":53}},"16":{"start":{"line":43,"column":8},"end":{"line":43,"column":36}},"17":{"start":{"line":44,"column":8},"end":{"line":44,"column":46}},"18":{"start":{"line":45,"column":8},"end":{"line":45,"column":50}},"19":{"start":{"line":46,"column":8},"end":{"line":46,"column":40}},"20":{"start":{"line":48,"column":8},"end":{"line":48,"column":27}},"21":{"start":{"line":50,"column":4},"end":{"line":50,"column":32}},"22":{"start":{"line":54,"column":4},"end":{"line":54,"column":57}},"23":{"start":{"line":55,"column":4},"end":{"line":55,"column":60}}},"fnMap":{"0":{"name":"doMidtransPayment","decl":{"start":{"line":9,"column":17},"end":{"line":9,"column":34}},"loc":{"start":{"line":9,"column":50},"end":{"line":37,"column":1}},"line":9},"1":{"name":"(anonymous_1)","decl":{"start":{"line":15,"column":23},"end":{"line":15,"column":24}},"loc":{"start":{"line":15,"column":29},"end":{"line":17,"column":13}},"line":15},"2":{"name":"(anonymous_2)","decl":{"start":{"line":18,"column":23},"end":{"line":18,"column":24}},"loc":{"start":{"line":18,"column":41},"end":{"line":20,"column":13}},"line":18},"3":{"name":"(anonymous_3)","decl":{"start":{"line":21,"column":21},"end":{"line":21,"column":22}},"loc":{"start":{"line":21,"column":39},"end":{"line":23,"column":13}},"line":21},"4":{"name":"(anonymous_4)","decl":{"start":{"line":24,"column":21},"end":{"line":24,"column":22}},"loc":{"start":{"line":24,"column":33},"end":{"line":26,"column":13}},"line":24},"5":{"name":"doUpdateStatusUser","decl":{"start":{"line":39,"column":17},"end":{"line":39,"column":35}},"loc":{"start":{"line":39,"column":50},"end":{"line":51,"column":1}},"line":39},"6":{"name":"bePremiumSaga","decl":{"start":{"line":53,"column":17},"end":{"line":53,"column":30}},"loc":{"start":{"line":53,"column":33},"end":{"line":56,"column":1}},"line":53}},"branchMap":{"0":{"loc":{"start":{"line":16,"column":16},"end":{"line":16,"column":40}},"type":"binary-expr","locations":[{"start":{"line":16,"column":16},"end":{"line":16,"column":25}},{"start":{"line":16,"column":29},"end":{"line":16,"column":40}}],"line":16},"1":{"loc":{"start":{"line":30,"column":8},"end":{"line":35,"column":9}},"type":"if","locations":[{"start":{"line":30,"column":8},"end":{"line":35,"column":9}},{"start":{"line":33,"column":15},"end":{"line":35,"column":9}}],"line":30},"2":{"loc":{"start":{"line":31,"column":33},"end":{"line":31,"column":92}},"type":"binary-expr","locations":[{"start":{"line":31,"column":33},"end":{"line":31,"column":60}},{"start":{"line":31,"column":64},"end":{"line":31,"column":92}}],"line":31}},"s":{"0":0,"1":0,"2":0,"3":0,"4":0,"5":0,"6":0,"7":0,"8":0,"9":0,"10":0,"11":0,"12":0,"13":0,"14":0,"15":0,"16":0,"17":0,"18":0,"19":0,"20":0,"21":0,"22":1,"23":1},"f":{"0":0,"1":0,"2":0,"3":0,"4":0,"5":0,"6":1},"b":{"0":[0,0],"1":[0,0],"2":[0,0]},"_coverageSchema":"1a1c01bbd47fc00a2c39e90264f33305004495a9","hash":"8fedc921d82b31c9b21d456081e60e7827781da3"}
,"D:\\NGODING\\Phincon training\\Week 7\\AL-meme\\client-nya\\src\\pages\\ChangePassword\\actions.js": {"path":"D:\\NGODING\\Phincon training\\Week 7\\AL-meme\\client-nya\\src\\pages\\ChangePassword\\actions.js","statementMap":{"0":{"start":{"line":3,"column":34},"end":{"line":7,"column":2}},"1":{"start":{"line":3,"column":55},"end":{"line":7,"column":1}}},"fnMap":{"0":{"name":"(anonymous_0)","decl":{"start":{"line":3,"column":34},"end":{"line":3,"column":35}},"loc":{"start":{"line":3,"column":55},"end":{"line":7,"column":1}},"line":3}},"branchMap":{},"s":{"0":1,"1":0},"f":{"0":0},"b":{},"_coverageSchema":"1a1c01bbd47fc00a2c39e90264f33305004495a9","hash":"594bfc6c3c1b000303025282b974253d30e48d7c"}
,"D:\\NGODING\\Phincon training\\Week 7\\AL-meme\\client-nya\\src\\pages\\ChangePassword\\constants.js": {"path":"D:\\NGODING\\Phincon training\\Week 7\\AL-meme\\client-nya\\src\\pages\\ChangePassword\\constants.js","statementMap":{"0":{"start":{"line":1,"column":36},"end":{"line":1,"column":58}}},"fnMap":{},"branchMap":{},"s":{"0":1},"f":{},"b":{},"_coverageSchema":"1a1c01bbd47fc00a2c39e90264f33305004495a9","hash":"1ea885d4d4cbd48f6fe2c6024acd3a65be5a9a1f"}
,"D:\\NGODING\\Phincon training\\Week 7\\AL-meme\\client-nya\\src\\pages\\ChangePassword\\index.jsx": {"path":"D:\\NGODING\\Phincon training\\Week 7\\AL-meme\\client-nya\\src\\pages\\ChangePassword\\index.jsx","statementMap":{"0":{"start":{"line":11,"column":19},"end":{"line":11,"column":32}},"1":{"start":{"line":12,"column":19},"end":{"line":12,"column":32}},"2":{"start":{"line":13,"column":40},"end":{"line":13,"column":52}},"3":{"start":{"line":14,"column":40},"end":{"line":14,"column":52}},"4":{"start":{"line":16,"column":23},"end":{"line":20,"column":3}},"5":{"start":{"line":17,"column":4},"end":{"line":17,"column":23}},"6":{"start":{"line":19,"column":4},"end":{"line":19,"column":73}},"7":{"start":{"line":22,"column":2},"end":{"line":70,"column":3}},"8":{"start":{"line":47,"column":31},"end":{"line":47,"column":61}},"9":{"start":{"line":60,"column":31},"end":{"line":60,"column":61}}},"fnMap":{"0":{"name":"ChangePassword","decl":{"start":{"line":10,"column":9},"end":{"line":10,"column":23}},"loc":{"start":{"line":10,"column":26},"end":{"line":71,"column":1}},"line":10},"1":{"name":"(anonymous_1)","decl":{"start":{"line":16,"column":23},"end":{"line":16,"column":24}},"loc":{"start":{"line":16,"column":30},"end":{"line":20,"column":3}},"line":16},"2":{"name":"(anonymous_2)","decl":{"start":{"line":47,"column":24},"end":{"line":47,"column":25}},"loc":{"start":{"line":47,"column":31},"end":{"line":47,"column":61}},"line":47},"3":{"name":"(anonymous_3)","decl":{"start":{"line":60,"column":24},"end":{"line":60,"column":25}},"loc":{"start":{"line":60,"column":31},"end":{"line":60,"column":61}},"line":60}},"branchMap":{},"s":{"0":8,"1":8,"2":8,"3":8,"4":8,"5":0,"6":0,"7":8,"8":1,"9":1},"f":{"0":8,"1":0,"2":1,"3":1},"b":{},"_coverageSchema":"1a1c01bbd47fc00a2c39e90264f33305004495a9","hash":"d60425f6b5c70e113a2324c32f72984e35df5ab1"}
,"D:\\NGODING\\Phincon training\\Week 7\\AL-meme\\client-nya\\src\\pages\\ChangePassword\\saga.js": {"path":"D:\\NGODING\\Phincon training\\Week 7\\AL-meme\\client-nya\\src\\pages\\ChangePassword\\saga.js","statementMap":{"0":{"start":{"line":6,"column":14},"end":{"line":16,"column":2}},"1":{"start":{"line":13,"column":8},"end":{"line":13,"column":44}},"2":{"start":{"line":14,"column":8},"end":{"line":14,"column":46}},"3":{"start":{"line":19,"column":4},"end":{"line":36,"column":5}},"4":{"start":{"line":20,"column":25},"end":{"line":20,"column":57}},"5":{"start":{"line":21,"column":8},"end":{"line":27,"column":9}},"6":{"start":{"line":22,"column":12},"end":{"line":25,"column":15}},"7":{"start":{"line":26,"column":12},"end":{"line":26,"column":44}},"8":{"start":{"line":29,"column":8},"end":{"line":29,"column":43}},"9":{"start":{"line":30,"column":8},"end":{"line":35,"column":9}},"10":{"start":{"line":31,"column":33},"end":{"line":31,"column":83}},"11":{"start":{"line":32,"column":12},"end":{"line":32,"column":36}},"12":{"start":{"line":34,"column":12},"end":{"line":34,"column":48}},"13":{"start":{"line":40,"column":4},"end":{"line":40,"column":64}}},"fnMap":{"0":{"name":"(anonymous_0)","decl":{"start":{"line":12,"column":13},"end":{"line":12,"column":14}},"loc":{"start":{"line":12,"column":24},"end":{"line":15,"column":5}},"line":12},"1":{"name":"doChangePasswordUser","decl":{"start":{"line":18,"column":17},"end":{"line":18,"column":37}},"loc":{"start":{"line":18,"column":58},"end":{"line":37,"column":1}},"line":18},"2":{"name":"changePasswordSaga","decl":{"start":{"line":39,"column":17},"end":{"line":39,"column":35}},"loc":{"start":{"line":39,"column":37},"end":{"line":41,"column":1}},"line":39}},"branchMap":{"0":{"loc":{"start":{"line":21,"column":8},"end":{"line":27,"column":9}},"type":"if","locations":[{"start":{"line":21,"column":8},"end":{"line":27,"column":9}},{"start":{},"end":{}}],"line":21},"1":{"loc":{"start":{"line":30,"column":8},"end":{"line":35,"column":9}},"type":"if","locations":[{"start":{"line":30,"column":8},"end":{"line":35,"column":9}},{"start":{"line":33,"column":15},"end":{"line":35,"column":9}}],"line":30},"2":{"loc":{"start":{"line":31,"column":33},"end":{"line":31,"column":83}},"type":"binary-expr","locations":[{"start":{"line":31,"column":33},"end":{"line":31,"column":60}},{"start":{"line":31,"column":64},"end":{"line":31,"column":83}}],"line":31}},"s":{"0":1,"1":0,"2":0,"3":0,"4":0,"5":0,"6":0,"7":0,"8":0,"9":0,"10":0,"11":0,"12":0,"13":1},"f":{"0":0,"1":0,"2":1},"b":{"0":[0,0],"1":[0,0],"2":[0,0]},"_coverageSchema":"1a1c01bbd47fc00a2c39e90264f33305004495a9","hash":"9b3c33f1ab363d39dd4f7ac7eb8a28e7f4632aef"}
,"D:\\NGODING\\Phincon training\\Week 7\\AL-meme\\client-nya\\src\\pages\\EditMeme\\actions.js": {"path":"D:\\NGODING\\Phincon training\\Week 7\\AL-meme\\client-nya\\src\\pages\\EditMeme\\actions.js","statementMap":{"0":{"start":{"line":3,"column":26},"end":{"line":8,"column":2}},"1":{"start":{"line":3,"column":51},"end":{"line":8,"column":1}},"2":{"start":{"line":10,"column":32},"end":{"line":14,"column":2}},"3":{"start":{"line":10,"column":47},"end":{"line":14,"column":1}},"4":{"start":{"line":16,"column":29},"end":{"line":19,"column":2}},"5":{"start":{"line":16,"column":38},"end":{"line":19,"column":1}},"6":{"start":{"line":21,"column":29},"end":{"line":24,"column":2}},"7":{"start":{"line":21,"column":44},"end":{"line":24,"column":1}},"8":{"start":{"line":26,"column":26},"end":{"line":29,"column":2}},"9":{"start":{"line":26,"column":40},"end":{"line":29,"column":1}},"10":{"start":{"line":31,"column":28},"end":{"line":34,"column":2}},"11":{"start":{"line":31,"column":44},"end":{"line":34,"column":1}}},"fnMap":{"0":{"name":"(anonymous_0)","decl":{"start":{"line":3,"column":26},"end":{"line":3,"column":27}},"loc":{"start":{"line":3,"column":51},"end":{"line":8,"column":1}},"line":3},"1":{"name":"(anonymous_1)","decl":{"start":{"line":10,"column":32},"end":{"line":10,"column":33}},"loc":{"start":{"line":10,"column":47},"end":{"line":14,"column":1}},"line":10},"2":{"name":"(anonymous_2)","decl":{"start":{"line":16,"column":29},"end":{"line":16,"column":30}},"loc":{"start":{"line":16,"column":38},"end":{"line":19,"column":1}},"line":16},"3":{"name":"(anonymous_3)","decl":{"start":{"line":21,"column":29},"end":{"line":21,"column":30}},"loc":{"start":{"line":21,"column":44},"end":{"line":24,"column":1}},"line":21},"4":{"name":"(anonymous_4)","decl":{"start":{"line":26,"column":26},"end":{"line":26,"column":27}},"loc":{"start":{"line":26,"column":40},"end":{"line":29,"column":1}},"line":26},"5":{"name":"(anonymous_5)","decl":{"start":{"line":31,"column":28},"end":{"line":31,"column":29}},"loc":{"start":{"line":31,"column":44},"end":{"line":34,"column":1}},"line":31}},"branchMap":{},"s":{"0":1,"1":0,"2":1,"3":0,"4":1,"5":0,"6":1,"7":0,"8":1,"9":0,"10":1,"11":0},"f":{"0":0,"1":0,"2":0,"3":0,"4":0,"5":0},"b":{},"_coverageSchema":"1a1c01bbd47fc00a2c39e90264f33305004495a9","hash":"dbd9dacd740a8ca646801607fc00cf1566920134"}
,"D:\\NGODING\\Phincon training\\Week 7\\AL-meme\\client-nya\\src\\pages\\EditMeme\\constants.js": {"path":"D:\\NGODING\\Phincon training\\Week 7\\AL-meme\\client-nya\\src\\pages\\EditMeme\\constants.js","statementMap":{"0":{"start":{"line":1,"column":25},"end":{"line":1,"column":45}},"1":{"start":{"line":2,"column":34},"end":{"line":2,"column":63}},"2":{"start":{"line":3,"column":33},"end":{"line":3,"column":61}},"3":{"start":{"line":4,"column":33},"end":{"line":4,"column":61}},"4":{"start":{"line":5,"column":28},"end":{"line":5,"column":51}},"5":{"start":{"line":6,"column":30},"end":{"line":6,"column":55}}},"fnMap":{},"branchMap":{},"s":{"0":1,"1":1,"2":1,"3":1,"4":1,"5":1},"f":{},"b":{},"_coverageSchema":"1a1c01bbd47fc00a2c39e90264f33305004495a9","hash":"7102c9064a90eb9f6e64dc9a396f8bec34b1d013"}
,"D:\\NGODING\\Phincon training\\Week 7\\AL-meme\\client-nya\\src\\pages\\EditMeme\\reducer.js": {"path":"D:\\NGODING\\Phincon training\\Week 7\\AL-meme\\client-nya\\src\\pages\\EditMeme\\reducer.js","statementMap":{"0":{"start":{"line":4,"column":28},"end":{"line":8,"column":1}},"1":{"start":{"line":10,"column":24},"end":{"line":25,"column":6}},"2":{"start":{"line":11,"column":4},"end":{"line":25,"column":6}},"3":{"start":{"line":12,"column":8},"end":{"line":24,"column":9}},"4":{"start":{"line":14,"column":16},"end":{"line":14,"column":49}},"5":{"start":{"line":15,"column":16},"end":{"line":15,"column":22}},"6":{"start":{"line":17,"column":16},"end":{"line":17,"column":47}},"7":{"start":{"line":18,"column":16},"end":{"line":18,"column":22}},"8":{"start":{"line":20,"column":16},"end":{"line":20,"column":51}},"9":{"start":{"line":21,"column":16},"end":{"line":21,"column":22}},"10":{"start":{"line":23,"column":16},"end":{"line":23,"column":22}}},"fnMap":{"0":{"name":"(anonymous_0)","decl":{"start":{"line":10,"column":24},"end":{"line":10,"column":25}},"loc":{"start":{"line":11,"column":4},"end":{"line":25,"column":6}},"line":11},"1":{"name":"(anonymous_1)","decl":{"start":{"line":11,"column":19},"end":{"line":11,"column":20}},"loc":{"start":{"line":11,"column":28},"end":{"line":25,"column":5}},"line":11}},"branchMap":{"0":{"loc":{"start":{"line":10,"column":25},"end":{"line":10,"column":45}},"type":"default-arg","locations":[{"start":{"line":10,"column":33},"end":{"line":10,"column":45}}],"line":10},"1":{"loc":{"start":{"line":12,"column":8},"end":{"line":24,"column":9}},"type":"switch","locations":[{"start":{"line":13,"column":12},"end":{"line":15,"column":22}},{"start":{"line":16,"column":12},"end":{"line":18,"column":22}},{"start":{"line":19,"column":12},"end":{"line":21,"column":22}},{"start":{"line":22,"column":12},"end":{"line":23,"column":22}}],"line":12}},"s":{"0":1,"1":1,"2":12,"3":12,"4":0,"5":0,"6":0,"7":0,"8":0,"9":0,"10":12},"f":{"0":12,"1":12},"b":{"0":[3],"1":[0,0,0,12]},"_coverageSchema":"1a1c01bbd47fc00a2c39e90264f33305004495a9","hash":"b9b4e118df3baf0b54a1ae0f0e7b787268843333"}
,"D:\\NGODING\\Phincon training\\Week 7\\AL-meme\\client-nya\\src\\pages\\EditMeme\\saga.js": {"path":"D:\\NGODING\\Phincon training\\Week 7\\AL-meme\\client-nya\\src\\pages\\EditMeme\\saga.js","statementMap":{"0":{"start":{"line":10,"column":4},"end":{"line":24,"column":5}},"1":{"start":{"line":11,"column":25},"end":{"line":11,"column":67}},"2":{"start":{"line":12,"column":8},"end":{"line":12,"column":38}},"3":{"start":{"line":13,"column":23},"end":{"line":13,"column":45}},"4":{"start":{"line":14,"column":8},"end":{"line":14,"column":37}},"5":{"start":{"line":15,"column":8},"end":{"line":15,"column":40}},"6":{"start":{"line":17,"column":8},"end":{"line":17,"column":43}},"7":{"start":{"line":18,"column":8},"end":{"line":23,"column":9}},"8":{"start":{"line":19,"column":33},"end":{"line":19,"column":92}},"9":{"start":{"line":20,"column":12},"end":{"line":20,"column":36}},"10":{"start":{"line":22,"column":12},"end":{"line":22,"column":45}},"11":{"start":{"line":28,"column":4},"end":{"line":28,"column":31}},"12":{"start":{"line":29,"column":4},"end":{"line":34,"column":5}},"13":{"start":{"line":30,"column":23},"end":{"line":30,"column":57}},"14":{"start":{"line":31,"column":8},"end":{"line":31,"column":48}},"15":{"start":{"line":33,"column":8},"end":{"line":33,"column":27}},"16":{"start":{"line":35,"column":4},"end":{"line":35,"column":32}},"17":{"start":{"line":40,"column":4},"end":{"line":40,"column":31}},"18":{"start":{"line":41,"column":4},"end":{"line":48,"column":5}},"19":{"start":{"line":42,"column":25},"end":{"line":42,"column":54}},"20":{"start":{"line":43,"column":8},"end":{"line":43,"column":42}},"21":{"start":{"line":44,"column":8},"end":{"line":44,"column":53}},"22":{"start":{"line":45,"column":8},"end":{"line":45,"column":50}},"23":{"start":{"line":47,"column":8},"end":{"line":47,"column":27}},"24":{"start":{"line":49,"column":4},"end":{"line":49,"column":32}},"25":{"start":{"line":53,"column":4},"end":{"line":53,"column":43}},"26":{"start":{"line":54,"column":4},"end":{"line":54,"column":56}},"27":{"start":{"line":55,"column":4},"end":{"line":55,"column":60}}},"fnMap":{"0":{"name":"doEditMeme","decl":{"start":{"line":9,"column":17},"end":{"line":9,"column":27}},"loc":{"start":{"line":9,"column":52},"end":{"line":25,"column":1}},"line":9},"1":{"name":"doGenerateEditMeme","decl":{"start":{"line":27,"column":17},"end":{"line":27,"column":35}},"loc":{"start":{"line":27,"column":50},"end":{"line":36,"column":1}},"line":27},"2":{"name":"doGetMyMemeById","decl":{"start":{"line":39,"column":17},"end":{"line":39,"column":32}},"loc":{"start":{"line":39,"column":41},"end":{"line":50,"column":1}},"line":39},"3":{"name":"editMemeSaga","decl":{"start":{"line":52,"column":17},"end":{"line":52,"column":29}},"loc":{"start":{"line":52,"column":32},"end":{"line":56,"column":1}},"line":52}},"branchMap":{"0":{"loc":{"start":{"line":18,"column":8},"end":{"line":23,"column":9}},"type":"if","locations":[{"start":{"line":18,"column":8},"end":{"line":23,"column":9}},{"start":{"line":21,"column":15},"end":{"line":23,"column":9}}],"line":18},"1":{"loc":{"start":{"line":19,"column":33},"end":{"line":19,"column":92}},"type":"binary-expr","locations":[{"start":{"line":19,"column":33},"end":{"line":19,"column":60}},{"start":{"line":19,"column":64},"end":{"line":19,"column":92}}],"line":19}},"s":{"0":0,"1":0,"2":0,"3":0,"4":0,"5":0,"6":0,"7":0,"8":0,"9":0,"10":0,"11":0,"12":0,"13":0,"14":0,"15":0,"16":0,"17":0,"18":0,"19":0,"20":0,"21":0,"22":0,"23":0,"24":0,"25":1,"26":1,"27":1},"f":{"0":0,"1":0,"2":0,"3":1},"b":{"0":[0,0],"1":[0,0]},"_coverageSchema":"1a1c01bbd47fc00a2c39e90264f33305004495a9","hash":"9dae4659bfea4d7196c8cac5af826a39ab6114ec"}
,"D:\\NGODING\\Phincon training\\Week 7\\AL-meme\\client-nya\\src\\pages\\EditProfile\\constants.js": {"path":"D:\\NGODING\\Phincon training\\Week 7\\AL-meme\\client-nya\\src\\pages\\EditProfile\\constants.js","statementMap":{"0":{"start":{"line":1,"column":25},"end":{"line":1,"column":45}}},"fnMap":{},"branchMap":{},"s":{"0":1},"f":{},"b":{},"_coverageSchema":"1a1c01bbd47fc00a2c39e90264f33305004495a9","hash":"7711588e4fbca6c7e089a55e38a46d7e42f1e113"}
,"D:\\NGODING\\Phincon training\\Week 7\\AL-meme\\client-nya\\src\\pages\\EditProfile\\saga.js": {"path":"D:\\NGODING\\Phincon training\\Week 7\\AL-meme\\client-nya\\src\\pages\\EditProfile\\saga.js","statementMap":{"0":{"start":{"line":9,"column":4},"end":{"line":24,"column":5}},"1":{"start":{"line":10,"column":25},"end":{"line":10,"column":51}},"2":{"start":{"line":11,"column":8},"end":{"line":11,"column":41}},"3":{"start":{"line":12,"column":23},"end":{"line":12,"column":43}},"4":{"start":{"line":13,"column":8},"end":{"line":13,"column":42}},"5":{"start":{"line":14,"column":8},"end":{"line":14,"column":41}},"6":{"start":{"line":15,"column":8},"end":{"line":15,"column":40}},"7":{"start":{"line":17,"column":8},"end":{"line":17,"column":43}},"8":{"start":{"line":18,"column":8},"end":{"line":23,"column":9}},"9":{"start":{"line":19,"column":33},"end":{"line":19,"column":92}},"10":{"start":{"line":20,"column":12},"end":{"line":20,"column":36}},"11":{"start":{"line":22,"column":12},"end":{"line":22,"column":45}},"12":{"start":{"line":28,"column":4},"end":{"line":28,"column":43}}},"fnMap":{"0":{"name":"doEditUser","decl":{"start":{"line":8,"column":17},"end":{"line":8,"column":27}},"loc":{"start":{"line":8,"column":48},"end":{"line":25,"column":1}},"line":8},"1":{"name":"editSaga","decl":{"start":{"line":27,"column":17},"end":{"line":27,"column":25}},"loc":{"start":{"line":27,"column":28},"end":{"line":29,"column":1}},"line":27}},"branchMap":{"0":{"loc":{"start":{"line":18,"column":8},"end":{"line":23,"column":9}},"type":"if","locations":[{"start":{"line":18,"column":8},"end":{"line":23,"column":9}},{"start":{"line":21,"column":15},"end":{"line":23,"column":9}}],"line":18},"1":{"loc":{"start":{"line":19,"column":33},"end":{"line":19,"column":92}},"type":"binary-expr","locations":[{"start":{"line":19,"column":33},"end":{"line":19,"column":60}},{"start":{"line":19,"column":64},"end":{"line":19,"column":92}}],"line":19}},"s":{"0":0,"1":0,"2":0,"3":0,"4":0,"5":0,"6":0,"7":0,"8":0,"9":0,"10":0,"11":0,"12":1},"f":{"0":0,"1":1},"b":{"0":[0,0],"1":[0,0]},"_coverageSchema":"1a1c01bbd47fc00a2c39e90264f33305004495a9","hash":"946c026a57e636667dd3960f8a05fd930e7217f4"}
,"D:\\NGODING\\Phincon training\\Week 7\\AL-meme\\client-nya\\src\\pages\\Home\\actions.js": {"path":"D:\\NGODING\\Phincon training\\Week 7\\AL-meme\\client-nya\\src\\pages\\Home\\actions.js","statementMap":{"0":{"start":{"line":3,"column":26},"end":{"line":6,"column":2}},"1":{"start":{"line":3,"column":37},"end":{"line":6,"column":1}},"2":{"start":{"line":8,"column":26},"end":{"line":11,"column":2}},"3":{"start":{"line":8,"column":38},"end":{"line":11,"column":1}},"4":{"start":{"line":13,"column":29},"end":{"line":16,"column":2}},"5":{"start":{"line":13,"column":46},"end":{"line":16,"column":1}}},"fnMap":{"0":{"name":"(anonymous_0)","decl":{"start":{"line":3,"column":26},"end":{"line":3,"column":27}},"loc":{"start":{"line":3,"column":37},"end":{"line":6,"column":1}},"line":3},"1":{"name":"(anonymous_1)","decl":{"start":{"line":8,"column":26},"end":{"line":8,"column":27}},"loc":{"start":{"line":8,"column":38},"end":{"line":11,"column":1}},"line":8},"2":{"name":"(anonymous_2)","decl":{"start":{"line":13,"column":29},"end":{"line":13,"column":30}},"loc":{"start":{"line":13,"column":46},"end":{"line":16,"column":1}},"line":13}},"branchMap":{},"s":{"0":1,"1":0,"2":1,"3":0,"4":1,"5":0},"f":{"0":0,"1":0,"2":0},"b":{},"_coverageSchema":"1a1c01bbd47fc00a2c39e90264f33305004495a9","hash":"0298976a5b4521c54e3b0d3648fe35f03e63ea35"}
,"D:\\NGODING\\Phincon training\\Week 7\\AL-meme\\client-nya\\src\\pages\\Home\\constants.js": {"path":"D:\\NGODING\\Phincon training\\Week 7\\AL-meme\\client-nya\\src\\pages\\Home\\constants.js","statementMap":{"0":{"start":{"line":1,"column":28},"end":{"line":1,"column":47}},"1":{"start":{"line":2,"column":28},"end":{"line":2,"column":47}},"2":{"start":{"line":3,"column":31},"end":{"line":3,"column":53}}},"fnMap":{},"branchMap":{},"s":{"0":1,"1":1,"2":1},"f":{},"b":{},"_coverageSchema":"1a1c01bbd47fc00a2c39e90264f33305004495a9","hash":"50f64e09ac5cabea6a248fc106956c89e9a8a1c5"}
,"D:\\NGODING\\Phincon training\\Week 7\\AL-meme\\client-nya\\src\\pages\\Home\\reducer.js": {"path":"D:\\NGODING\\Phincon training\\Week 7\\AL-meme\\client-nya\\src\\pages\\Home\\reducer.js","statementMap":{"0":{"start":{"line":4,"column":28},"end":{"line":7,"column":1}},"1":{"start":{"line":9,"column":25},"end":{"line":9,"column":27}},"2":{"start":{"line":11,"column":20},"end":{"line":23,"column":2}},"3":{"start":{"line":12,"column":0},"end":{"line":23,"column":2}},"4":{"start":{"line":13,"column":4},"end":{"line":22,"column":5}},"5":{"start":{"line":15,"column":12},"end":{"line":15,"column":38}},"6":{"start":{"line":16,"column":12},"end":{"line":16,"column":18}},"7":{"start":{"line":18,"column":12},"end":{"line":18,"column":48}},"8":{"start":{"line":19,"column":12},"end":{"line":19,"column":18}},"9":{"start":{"line":21,"column":12},"end":{"line":21,"column":18}}},"fnMap":{"0":{"name":"(anonymous_0)","decl":{"start":{"line":11,"column":20},"end":{"line":11,"column":21}},"loc":{"start":{"line":12,"column":0},"end":{"line":23,"column":2}},"line":12},"1":{"name":"(anonymous_1)","decl":{"start":{"line":12,"column":15},"end":{"line":12,"column":16}},"loc":{"start":{"line":12,"column":26},"end":{"line":23,"column":1}},"line":12}},"branchMap":{"0":{"loc":{"start":{"line":11,"column":21},"end":{"line":11,"column":41}},"type":"default-arg","locations":[{"start":{"line":11,"column":29},"end":{"line":11,"column":41}}],"line":11},"1":{"loc":{"start":{"line":13,"column":4},"end":{"line":22,"column":5}},"type":"switch","locations":[{"start":{"line":14,"column":8},"end":{"line":16,"column":18}},{"start":{"line":17,"column":8},"end":{"line":19,"column":18}},{"start":{"line":20,"column":8},"end":{"line":21,"column":18}}],"line":13}},"s":{"0":1,"1":1,"2":1,"3":12,"4":12,"5":0,"6":0,"7":0,"8":0,"9":12},"f":{"0":12,"1":12},"b":{"0":[3],"1":[0,0,12]},"_coverageSchema":"1a1c01bbd47fc00a2c39e90264f33305004495a9","hash":"5e6f38a34fb8db0c3c1991a28b43b105f84008ba"}
,"D:\\NGODING\\Phincon training\\Week 7\\AL-meme\\client-nya\\src\\pages\\Home\\saga.js": {"path":"D:\\NGODING\\Phincon training\\Week 7\\AL-meme\\client-nya\\src\\pages\\Home\\saga.js","statementMap":{"0":{"start":{"line":9,"column":4},"end":{"line":9,"column":33}},"1":{"start":{"line":11,"column":4},"end":{"line":11,"column":26}},"2":{"start":{"line":13,"column":4},"end":{"line":13,"column":33}},"3":{"start":{"line":17,"column":4},"end":{"line":17,"column":31}},"4":{"start":{"line":18,"column":4},"end":{"line":25,"column":5}},"5":{"start":{"line":19,"column":8},"end":{"line":19,"column":50}},"6":{"start":{"line":20,"column":25},"end":{"line":20,"column":53}},"7":{"start":{"line":21,"column":8},"end":{"line":21,"column":44}},"8":{"start":{"line":22,"column":8},"end":{"line":22,"column":48}},"9":{"start":{"line":24,"column":8},"end":{"line":24,"column":29}},"10":{"start":{"line":26,"column":4},"end":{"line":26,"column":32}},"11":{"start":{"line":30,"column":4},"end":{"line":30,"column":48}}},"fnMap":{"0":{"name":"setLoadingWithInterval","decl":{"start":{"line":8,"column":10},"end":{"line":8,"column":32}},"loc":{"start":{"line":8,"column":50},"end":{"line":14,"column":1}},"line":8},"1":{"name":"doGetAllMeme","decl":{"start":{"line":16,"column":10},"end":{"line":16,"column":22}},"loc":{"start":{"line":16,"column":33},"end":{"line":27,"column":1}},"line":16},"2":{"name":"homeSaga","decl":{"start":{"line":29,"column":17},"end":{"line":29,"column":25}},"loc":{"start":{"line":29,"column":28},"end":{"line":31,"column":1}},"line":29}},"branchMap":{},"s":{"0":0,"1":0,"2":0,"3":0,"4":0,"5":0,"6":0,"7":0,"8":0,"9":0,"10":0,"11":1},"f":{"0":0,"1":0,"2":1},"b":{},"_coverageSchema":"1a1c01bbd47fc00a2c39e90264f33305004495a9","hash":"03192357abaf01788ac18f53cfdafa3ba6418dc7"}
,"D:\\NGODING\\Phincon training\\Week 7\\AL-meme\\client-nya\\src\\pages\\Login\\saga.js": {"path":"D:\\NGODING\\Phincon training\\Week 7\\AL-meme\\client-nya\\src\\pages\\Login\\saga.js","statementMap":{"0":{"start":{"line":10,"column":14},"end":{"line":20,"column":2}},"1":{"start":{"line":17,"column":8},"end":{"line":17,"column":44}},"2":{"start":{"line":18,"column":8},"end":{"line":18,"column":46}},"3":{"start":{"line":23,"column":4},"end":{"line":23,"column":31}},"4":{"start":{"line":24,"column":4},"end":{"line":46,"column":5}},"5":{"start":{"line":25,"column":25},"end":{"line":25,"column":48}},"6":{"start":{"line":26,"column":8},"end":{"line":37,"column":9}},"7":{"start":{"line":27,"column":12},"end":{"line":27,"column":48}},"8":{"start":{"line":29,"column":12},"end":{"line":29,"column":40}},"9":{"start":{"line":30,"column":12},"end":{"line":30,"column":50}},"10":{"start":{"line":31,"column":12},"end":{"line":31,"column":54}},"11":{"start":{"line":32,"column":12},"end":{"line":32,"column":37}},"12":{"start":{"line":33,"column":12},"end":{"line":36,"column":15}},"13":{"start":{"line":39,"column":8},"end":{"line":39,"column":43}},"14":{"start":{"line":40,"column":8},"end":{"line":45,"column":9}},"15":{"start":{"line":41,"column":33},"end":{"line":41,"column":92}},"16":{"start":{"line":42,"column":12},"end":{"line":42,"column":36}},"17":{"start":{"line":44,"column":12},"end":{"line":44,"column":51}},"18":{"start":{"line":47,"column":4},"end":{"line":47,"column":32}},"19":{"start":{"line":51,"column":4},"end":{"line":78,"column":5}},"20":{"start":{"line":52,"column":21},"end":{"line":52,"column":33}},"21":{"start":{"line":53,"column":25},"end":{"line":53,"column":49}},"22":{"start":{"line":55,"column":23},"end":{"line":55,"column":72}},"23":{"start":{"line":55,"column":40},"end":{"line":55,"column":71}},"24":{"start":{"line":57,"column":21},"end":{"line":57,"column":32}},"25":{"start":{"line":59,"column":25},"end":{"line":62,"column":10}},"26":{"start":{"line":64,"column":8},"end":{"line":75,"column":9}},"27":{"start":{"line":65,"column":12},"end":{"line":65,"column":38}},"28":{"start":{"line":67,"column":12},"end":{"line":67,"column":41}},"29":{"start":{"line":68,"column":12},"end":{"line":68,"column":51}},"30":{"start":{"line":69,"column":12},"end":{"line":69,"column":55}},"31":{"start":{"line":70,"column":12},"end":{"line":70,"column":38}},"32":{"start":{"line":71,"column":12},"end":{"line":74,"column":15}},"33":{"start":{"line":77,"column":8},"end":{"line":77,"column":27}},"34":{"start":{"line":82,"column":4},"end":{"line":82,"column":41}},"35":{"start":{"line":83,"column":4},"end":{"line":83,"column":49}}},"fnMap":{"0":{"name":"(anonymous_0)","decl":{"start":{"line":16,"column":13},"end":{"line":16,"column":14}},"loc":{"start":{"line":16,"column":24},"end":{"line":19,"column":5}},"line":16},"1":{"name":"doLogin","decl":{"start":{"line":22,"column":10},"end":{"line":22,"column":17}},"loc":{"start":{"line":22,"column":28},"end":{"line":48,"column":1}},"line":22},"2":{"name":"doGoogleLogin","decl":{"start":{"line":50,"column":17},"end":{"line":50,"column":30}},"loc":{"start":{"line":50,"column":33},"end":{"line":79,"column":1}},"line":50},"3":{"name":"(anonymous_3)","decl":{"start":{"line":55,"column":34},"end":{"line":55,"column":35}},"loc":{"start":{"line":55,"column":40},"end":{"line":55,"column":71}},"line":55},"4":{"name":"loginSaga","decl":{"start":{"line":81,"column":17},"end":{"line":81,"column":26}},"loc":{"start":{"line":81,"column":29},"end":{"line":84,"column":1}},"line":81}},"branchMap":{"0":{"loc":{"start":{"line":26,"column":8},"end":{"line":37,"column":9}},"type":"if","locations":[{"start":{"line":26,"column":8},"end":{"line":37,"column":9}},{"start":{"line":28,"column":15},"end":{"line":37,"column":9}}],"line":26},"1":{"loc":{"start":{"line":40,"column":8},"end":{"line":45,"column":9}},"type":"if","locations":[{"start":{"line":40,"column":8},"end":{"line":45,"column":9}},{"start":{"line":43,"column":15},"end":{"line":45,"column":9}}],"line":40},"2":{"loc":{"start":{"line":41,"column":33},"end":{"line":41,"column":92}},"type":"binary-expr","locations":[{"start":{"line":41,"column":33},"end":{"line":41,"column":60}},{"start":{"line":41,"column":64},"end":{"line":41,"column":92}}],"line":41},"3":{"loc":{"start":{"line":64,"column":8},"end":{"line":75,"column":9}},"type":"if","locations":[{"start":{"line":64,"column":8},"end":{"line":75,"column":9}},{"start":{"line":66,"column":15},"end":{"line":75,"column":9}}],"line":64}},"s":{"0":1,"1":0,"2":0,"3":0,"4":0,"5":0,"6":0,"7":0,"8":0,"9":0,"10":0,"11":0,"12":0,"13":0,"14":0,"15":0,"16":0,"17":0,"18":0,"19":0,"20":0,"21":0,"22":0,"23":0,"24":0,"25":0,"26":0,"27":0,"28":0,"29":0,"30":0,"31":0,"32":0,"33":0,"34":1,"35":1},"f":{"0":0,"1":0,"2":0,"3":0,"4":1},"b":{"0":[0,0],"1":[0,0],"2":[0,0],"3":[0,0]},"_coverageSchema":"1a1c01bbd47fc00a2c39e90264f33305004495a9","hash":"ed27ac06d25d18797fa8251a08de7cf1ff81e0b4"}
,"D:\\NGODING\\Phincon training\\Week 7\\AL-meme\\client-nya\\src\\pages\\MemeDetail\\actions.js": {"path":"D:\\NGODING\\Phincon training\\Week 7\\AL-meme\\client-nya\\src\\pages\\MemeDetail\\actions.js","statementMap":{"0":{"start":{"line":3,"column":27},"end":{"line":6,"column":2}},"1":{"start":{"line":3,"column":36},"end":{"line":6,"column":1}},"2":{"start":{"line":8,"column":27},"end":{"line":11,"column":2}},"3":{"start":{"line":8,"column":38},"end":{"line":11,"column":1}},"4":{"start":{"line":13,"column":26},"end":{"line":16,"column":2}},"5":{"start":{"line":13,"column":36},"end":{"line":16,"column":1}},"6":{"start":{"line":18,"column":28},"end":{"line":21,"column":2}},"7":{"start":{"line":18,"column":44},"end":{"line":21,"column":1}},"8":{"start":{"line":23,"column":28},"end":{"line":27,"column":2}},"9":{"start":{"line":23,"column":43},"end":{"line":27,"column":1}},"10":{"start":{"line":29,"column":29},"end":{"line":32,"column":2}},"11":{"start":{"line":29,"column":38},"end":{"line":32,"column":1}},"12":{"start":{"line":34,"column":29},"end":{"line":37,"column":2}},"13":{"start":{"line":34,"column":44},"end":{"line":37,"column":1}},"14":{"start":{"line":39,"column":26},"end":{"line":43,"column":2}},"15":{"start":{"line":39,"column":41},"end":{"line":43,"column":1}},"16":{"start":{"line":45,"column":29},"end":{"line":49,"column":2}},"17":{"start":{"line":45,"column":53},"end":{"line":49,"column":1}},"18":{"start":{"line":51,"column":23},"end":{"line":54,"column":2}},"19":{"start":{"line":51,"column":32},"end":{"line":54,"column":1}},"20":{"start":{"line":56,"column":23},"end":{"line":59,"column":2}},"21":{"start":{"line":56,"column":35},"end":{"line":59,"column":1}},"22":{"start":{"line":61,"column":23},"end":{"line":64,"column":2}},"23":{"start":{"line":61,"column":32},"end":{"line":64,"column":1}},"24":{"start":{"line":66,"column":25},"end":{"line":69,"column":2}},"25":{"start":{"line":66,"column":34},"end":{"line":69,"column":1}},"26":{"start":{"line":71,"column":26},"end":{"line":76,"column":2}},"27":{"start":{"line":71,"column":51},"end":{"line":76,"column":1}}},"fnMap":{"0":{"name":"(anonymous_0)","decl":{"start":{"line":3,"column":27},"end":{"line":3,"column":28}},"loc":{"start":{"line":3,"column":36},"end":{"line":6,"column":1}},"line":3},"1":{"name":"(anonymous_1)","decl":{"start":{"line":8,"column":27},"end":{"line":8,"column":28}},"loc":{"start":{"line":8,"column":38},"end":{"line":11,"column":1}},"line":8},"2":{"name":"(anonymous_2)","decl":{"start":{"line":13,"column":26},"end":{"line":13,"column":27}},"loc":{"start":{"line":13,"column":36},"end":{"line":16,"column":1}},"line":13},"3":{"name":"(anonymous_3)","decl":{"start":{"line":18,"column":28},"end":{"line":18,"column":29}},"loc":{"start":{"line":18,"column":44},"end":{"line":21,"column":1}},"line":18},"4":{"name":"(anonymous_4)","decl":{"start":{"line":23,"column":28},"end":{"line":23,"column":29}},"loc":{"start":{"line":23,"column":43},"end":{"line":27,"column":1}},"line":23},"5":{"name":"(anonymous_5)","decl":{"start":{"line":29,"column":29},"end":{"line":29,"column":30}},"loc":{"start":{"line":29,"column":38},"end":{"line":32,"column":1}},"line":29},"6":{"name":"(anonymous_6)","decl":{"start":{"line":34,"column":29},"end":{"line":34,"column":30}},"loc":{"start":{"line":34,"column":44},"end":{"line":37,"column":1}},"line":34},"7":{"name":"(anonymous_7)","decl":{"start":{"line":39,"column":26},"end":{"line":39,"column":27}},"loc":{"start":{"line":39,"column":41},"end":{"line":43,"column":1}},"line":39},"8":{"name":"(anonymous_8)","decl":{"start":{"line":45,"column":29},"end":{"line":45,"column":30}},"loc":{"start":{"line":45,"column":53},"end":{"line":49,"column":1}},"line":45},"9":{"name":"(anonymous_9)","decl":{"start":{"line":51,"column":23},"end":{"line":51,"column":24}},"loc":{"start":{"line":51,"column":32},"end":{"line":54,"column":1}},"line":51},"10":{"name":"(anonymous_10)","decl":{"start":{"line":56,"column":23},"end":{"line":56,"column":24}},"loc":{"start":{"line":56,"column":35},"end":{"line":59,"column":1}},"line":56},"11":{"name":"(anonymous_11)","decl":{"start":{"line":61,"column":23},"end":{"line":61,"column":24}},"loc":{"start":{"line":61,"column":32},"end":{"line":64,"column":1}},"line":61},"12":{"name":"(anonymous_12)","decl":{"start":{"line":66,"column":25},"end":{"line":66,"column":26}},"loc":{"start":{"line":66,"column":34},"end":{"line":69,"column":1}},"line":66},"13":{"name":"(anonymous_13)","decl":{"start":{"line":71,"column":26},"end":{"line":71,"column":27}},"loc":{"start":{"line":71,"column":51},"end":{"line":76,"column":1}},"line":71}},"branchMap":{},"s":{"0":1,"1":0,"2":1,"3":0,"4":1,"5":0,"6":1,"7":0,"8":1,"9":0,"10":1,"11":0,"12":1,"13":0,"14":1,"15":0,"16":1,"17":0,"18":1,"19":0,"20":1,"21":0,"22":1,"23":0,"24":1,"25":0,"26":1,"27":0},"f":{"0":0,"1":0,"2":0,"3":0,"4":0,"5":0,"6":0,"7":0,"8":0,"9":0,"10":0,"11":0,"12":0,"13":0},"b":{},"_coverageSchema":"1a1c01bbd47fc00a2c39e90264f33305004495a9","hash":"0d5f9a2d4492a8e76c8e33315eca7bd897af1612"}
,"D:\\NGODING\\Phincon training\\Week 7\\AL-meme\\client-nya\\src\\pages\\MemeDetail\\constants.js": {"path":"D:\\NGODING\\Phincon training\\Week 7\\AL-meme\\client-nya\\src\\pages\\MemeDetail\\constants.js","statementMap":{"0":{"start":{"line":1,"column":30},"end":{"line":1,"column":53}},"1":{"start":{"line":2,"column":30},"end":{"line":2,"column":53}},"2":{"start":{"line":3,"column":28},"end":{"line":3,"column":49}},"3":{"start":{"line":4,"column":30},"end":{"line":4,"column":53}},"4":{"start":{"line":5,"column":29},"end":{"line":5,"column":51}},"5":{"start":{"line":6,"column":32},"end":{"line":6,"column":57}},"6":{"start":{"line":7,"column":32},"end":{"line":7,"column":57}},"7":{"start":{"line":8,"column":27},"end":{"line":8,"column":47}},"8":{"start":{"line":9,"column":30},"end":{"line":9,"column":53}},"9":{"start":{"line":10,"column":24},"end":{"line":10,"column":41}},"10":{"start":{"line":11,"column":24},"end":{"line":11,"column":41}},"11":{"start":{"line":12,"column":24},"end":{"line":12,"column":41}},"12":{"start":{"line":13,"column":27},"end":{"line":13,"column":47}},"13":{"start":{"line":14,"column":28},"end":{"line":14,"column":49}}},"fnMap":{},"branchMap":{},"s":{"0":1,"1":1,"2":1,"3":1,"4":1,"5":1,"6":1,"7":1,"8":1,"9":1,"10":1,"11":1,"12":1,"13":1},"f":{},"b":{},"_coverageSchema":"1a1c01bbd47fc00a2c39e90264f33305004495a9","hash":"b7d0940536667a6db8fe975fcb882527cc401de1"}
,"D:\\NGODING\\Phincon training\\Week 7\\AL-meme\\client-nya\\src\\pages\\MemeDetail\\reducer.js": {"path":"D:\\NGODING\\Phincon training\\Week 7\\AL-meme\\client-nya\\src\\pages\\MemeDetail\\reducer.js","statementMap":{"0":{"start":{"line":4,"column":28},"end":{"line":11,"column":1}},"1":{"start":{"line":13,"column":25},"end":{"line":13,"column":27}},"2":{"start":{"line":15,"column":26},"end":{"line":36,"column":6}},"3":{"start":{"line":16,"column":4},"end":{"line":36,"column":6}},"4":{"start":{"line":17,"column":8},"end":{"line":35,"column":9}},"5":{"start":{"line":19,"column":16},"end":{"line":19,"column":40}},"6":{"start":{"line":20,"column":16},"end":{"line":20,"column":22}},"7":{"start":{"line":22,"column":16},"end":{"line":22,"column":38}},"8":{"start":{"line":23,"column":16},"end":{"line":23,"column":22}},"9":{"start":{"line":25,"column":16},"end":{"line":25,"column":50}},"10":{"start":{"line":26,"column":16},"end":{"line":26,"column":22}},"11":{"start":{"line":28,"column":16},"end":{"line":28,"column":48}},"12":{"start":{"line":29,"column":16},"end":{"line":29,"column":22}},"13":{"start":{"line":31,"column":16},"end":{"line":31,"column":42}},"14":{"start":{"line":32,"column":16},"end":{"line":32,"column":22}},"15":{"start":{"line":34,"column":16},"end":{"line":34,"column":22}}},"fnMap":{"0":{"name":"(anonymous_0)","decl":{"start":{"line":15,"column":26},"end":{"line":15,"column":27}},"loc":{"start":{"line":16,"column":4},"end":{"line":36,"column":6}},"line":16},"1":{"name":"(anonymous_1)","decl":{"start":{"line":16,"column":19},"end":{"line":16,"column":20}},"loc":{"start":{"line":16,"column":30},"end":{"line":36,"column":5}},"line":16}},"branchMap":{"0":{"loc":{"start":{"line":15,"column":27},"end":{"line":15,"column":47}},"type":"default-arg","locations":[{"start":{"line":15,"column":35},"end":{"line":15,"column":47}}],"line":15},"1":{"loc":{"start":{"line":17,"column":8},"end":{"line":35,"column":9}},"type":"switch","locations":[{"start":{"line":18,"column":12},"end":{"line":20,"column":22}},{"start":{"line":21,"column":12},"end":{"line":23,"column":22}},{"start":{"line":24,"column":12},"end":{"line":26,"column":22}},{"start":{"line":27,"column":12},"end":{"line":29,"column":22}},{"start":{"line":30,"column":12},"end":{"line":32,"column":22}},{"start":{"line":33,"column":12},"end":{"line":34,"column":22}}],"line":17}},"s":{"0":1,"1":1,"2":1,"3":12,"4":12,"5":0,"6":0,"7":0,"8":0,"9":0,"10":0,"11":0,"12":0,"13":0,"14":0,"15":12},"f":{"0":12,"1":12},"b":{"0":[3],"1":[0,0,0,0,0,12]},"_coverageSchema":"1a1c01bbd47fc00a2c39e90264f33305004495a9","hash":"49d7669c58dd8e56e59f2fa6ac351156dd4e695a"}
[...]
104,"column":34}},"42":{"start":{"line":106,"column":8},"end":{"line":106,"column":27}},"43":{"start":{"line":111,"column":4},"end":{"line":117,"column":5}},"44":{"start":{"line":112,"column":8},"end":{"line":112,"column":34}},"45":{"start":{"line":113,"column":23},"end":{"line":113,"column":46}},"46":{"start":{"line":114,"column":8},"end":{"line":114,"column":34}},"47":{"start":{"line":116,"column":8},"end":{"line":116,"column":27}},"48":{"start":{"line":121,"column":4},"end":{"line":139,"column":5}},"49":{"start":{"line":122,"column":25},"end":{"line":122,"column":56}},"50":{"start":{"line":123,"column":8},"end":{"line":126,"column":11}},"51":{"start":{"line":128,"column":23},"end":{"line":128,"column":45}},"52":{"start":{"line":129,"column":8},"end":{"line":129,"column":37}},"53":{"start":{"line":130,"column":8},"end":{"line":130,"column":40}},"54":{"start":{"line":132,"column":8},"end":{"line":132,"column":36}},"55":{"start":{"line":133,"column":8},"end":{"line":138,"column":9}},"56":{"start":{"line":134,"column":33},"end":{"line":134,"column":88}},"57":{"start":{"line":135,"column":12},"end":{"line":135,"column":36}},"58":{"start":{"line":137,"column":12},"end":{"line":137,"column":44}},"59":{"start":{"line":144,"column":4},"end":{"line":144,"column":51}},"60":{"start":{"line":145,"column":4},"end":{"line":145,"column":51}},"61":{"start":{"line":146,"column":4},"end":{"line":146,"column":55}},"62":{"start":{"line":147,"column":4},"end":{"line":147,"column":47}},"63":{"start":{"line":148,"column":4},"end":{"line":148,"column":53}},"64":{"start":{"line":149,"column":4},"end":{"line":149,"column":41}},"65":{"start":{"line":150,"column":4},"end":{"line":150,"column":41}},"66":{"start":{"line":151,"column":4},"end":{"line":151,"column":47}},"67":{"start":{"line":152,"column":4},"end":{"line":152,"column":48}}},"fnMap":{"0":{"name":"(anonymous_0)","decl":{"start":{"line":15,"column":13},"end":{"line":15,"column":14}},"loc":{"start":{"line":15,"column":24},"end":{"line":18,"column":5}},"line":15},"1":{"name":"doGetMemeById","decl":{"start":{"line":21,"column":17},"end":{"line":21,"column":30}},"loc":{"start":{"line":21,"column":39},"end":{"line":32,"column":1}},"line":21},"2":{"name":"doGenerateMeme","decl":{"start":{"line":34,"column":17},"end":{"line":34,"column":31}},"loc":{"start":{"line":34,"column":46},"end":{"line":43,"column":1}},"line":34},"3":{"name":"doGetAllComment","decl":{"start":{"line":45,"column":17},"end":{"line":45,"column":32}},"loc":{"start":{"line":45,"column":41},"end":{"line":52,"column":1}},"line":45},"4":{"name":"doAddComment","decl":{"start":{"line":54,"column":17},"end":{"line":54,"column":29}},"loc":{"start":{"line":54,"column":44},"end":{"line":62,"column":1}},"line":54},"5":{"name":"doDeleteComment","decl":{"start":{"line":64,"column":17},"end":{"line":64,"column":32}},"loc":{"start":{"line":64,"column":56},"end":{"line":89,"column":1}},"line":64},"6":{"name":"doGetLike","decl":{"start":{"line":91,"column":17},"end":{"line":91,"column":26}},"loc":{"start":{"line":91,"column":35},"end":{"line":98,"column":1}},"line":91},"7":{"name":"doAddLike","decl":{"start":{"line":100,"column":17},"end":{"line":100,"column":26}},"loc":{"start":{"line":100,"column":35},"end":{"line":108,"column":1}},"line":100},"8":{"name":"doRemoveLike","decl":{"start":{"line":110,"column":17},"end":{"line":110,"column":29}},"loc":{"start":{"line":110,"column":38},"end":{"line":118,"column":1}},"line":110},"9":{"name":"doAddMyMemes","decl":{"start":{"line":120,"column":17},"end":{"line":120,"column":29}},"loc":{"start":{"line":120,"column":54},"end":{"line":140,"column":1}},"line":120},"10":{"name":"memeDetailSaga","decl":{"start":{"line":143,"column":17},"end":{"line":143,"column":31}},"loc":{"start":{"line":143,"column":34},"end":{"line":153,"column":1}},"line":143}},"branchMap":{"0":{"loc":{"start":{"line":76,"column":8},"end":{"line":85,"column":9}},"type":"if","locations":[{"start":{"line":76,"column":8},"end":{"line":85,"column":9}},{"start":{},"end":{}}],"line":76},"1":{"loc":{"start":{"line":133,"column":8},"end":{"line":138,"column":9}},"type":"if","locations":[{"start":{"line":133,"column":8},"end":{"line":138,"column":9}},{"start":{"line":136,"column":15},"end":{"line":138,"column":9}}],"line":133},"2":{"loc":{"start":{"line":134,"column":33},"end":{"line":134,"column":88}},"type":"binary-expr","locations":[{"start":{"line":134,"column":33},"end":{"line":134,"column":60}},{"start":{"line":134,"column":64},"end":{"line":134,"column":88}}],"line":134}},"s":{"0":1,"1":0,"2":0,"3":0,"4":0,"5":0,"6":0,"7":0,"8":0,"9":0,"10":0,"11":0,"12":0,"13":0,"14":0,"15":0,"16":0,"17":0,"18":0,"19":0,"20":0,"21":0,"22":0,"23":0,"24":0,"25":0,"26":0,"27":0,"28":0,"29":0,"30":0,"31":0,"32":0,"33":0,"34":0,"35":0,"36":0,"37":0,"38":0,"39":0,"40":0,"41":0,"42":0,"43":0,"44":0,"45":0,"46":0,"47":0,"48":0,"49":0,"50":0,"51":0,"52":0,"53":0,"54":0,"55":0,"56":0,"57":0,"58":0,"59":1,"60":1,"61":1,"62":1,"63":1,"64":1,"65":1,"66":1,"67":1},"f":{"0":0,"1":0,"2":0,"3":0,"4":0,"5":0,"6":0,"7":0,"8":0,"9":0,"10":1},"b":{"0":[0,0],"1":[0,0],"2":[0,0]},"_coverageSchema":"1a1c01bbd47fc00a2c39e90264f33305004495a9","hash":"d527f8aebfba03b74ed116b66bab5e87abf0d778"}
,"D:\\NGODING\\Phincon training\\Week 7\\AL-meme\\client-nya\\src\\pages\\Profile\\actions.js": {"path":"D:\\NGODING\\Phincon training\\Week 7\\AL-meme\\client-nya\\src\\pages\\Profile\\actions.js","statementMap":{"0":{"start":{"line":3,"column":30},"end":{"line":5,"column":2}},"1":{"start":{"line":3,"column":37},"end":{"line":5,"column":1}},"2":{"start":{"line":7,"column":30},"end":{"line":10,"column":2}},"3":{"start":{"line":7,"column":48},"end":{"line":10,"column":1}},"4":{"start":{"line":12,"column":26},"end":{"line":14,"column":2}},"5":{"start":{"line":12,"column":33},"end":{"line":14,"column":1}},"6":{"start":{"line":16,"column":26},"end":{"line":19,"column":2}},"7":{"start":{"line":16,"column":40},"end":{"line":19,"column":1}},"8":{"start":{"line":21,"column":28},"end":{"line":24,"column":2}},"9":{"start":{"line":21,"column":37},"end":{"line":24,"column":1}}},"fnMap":{"0":{"name":"(anonymous_0)","decl":{"start":{"line":3,"column":30},"end":{"line":3,"column":31}},"loc":{"start":{"line":3,"column":37},"end":{"line":5,"column":1}},"line":3},"1":{"name":"(anonymous_1)","decl":{"start":{"line":7,"column":30},"end":{"line":7,"column":31}},"loc":{"start":{"line":7,"column":48},"end":{"line":10,"column":1}},"line":7},"2":{"name":"(anonymous_2)","decl":{"start":{"line":12,"column":26},"end":{"line":12,"column":27}},"loc":{"start":{"line":12,"column":33},"end":{"line":14,"column":1}},"line":12},"3":{"name":"(anonymous_3)","decl":{"start":{"line":16,"column":26},"end":{"line":16,"column":27}},"loc":{"start":{"line":16,"column":40},"end":{"line":19,"column":1}},"line":16},"4":{"name":"(anonymous_4)","decl":{"start":{"line":21,"column":28},"end":{"line":21,"column":29}},"loc":{"start":{"line":21,"column":37},"end":{"line":24,"column":1}},"line":21}},"branchMap":{},"s":{"0":1,"1":0,"2":1,"3":0,"4":1,"5":0,"6":1,"7":0,"8":1,"9":0},"f":{"0":0,"1":0,"2":0,"3":0,"4":0},"b":{},"_coverageSchema":"1a1c01bbd47fc00a2c39e90264f33305004495a9","hash":"8c49cddb7a5928eafabf0cb0ce8ffdf46384a68d"}
,"D:\\NGODING\\Phincon training\\Week 7\\AL-meme\\client-nya\\src\\pages\\Profile\\constants.js": {"path":"D:\\NGODING\\Phincon training\\Week 7\\AL-meme\\client-nya\\src\\pages\\Profile\\constants.js","statementMap":{"0":{"start":{"line":1,"column":32},"end":{"line":1,"column":58}},"1":{"start":{"line":2,"column":32},"end":{"line":2,"column":58}},"2":{"start":{"line":3,"column":28},"end":{"line":3,"column":50}},"3":{"start":{"line":4,"column":28},"end":{"line":4,"column":50}},"4":{"start":{"line":5,"column":31},"end":{"line":5,"column":56}}},"fnMap":{},"branchMap":{},"s":{"0":1,"1":1,"2":1,"3":1,"4":1},"f":{},"b":{},"_coverageSchema":"1a1c01bbd47fc00a2c39e90264f33305004495a9","hash":"1b431520375185810ddb753c6084f294e40d833a"}
,"D:\\NGODING\\Phincon training\\Week 7\\AL-meme\\client-nya\\src\\pages\\Profile\\reducer.js": {"path":"D:\\NGODING\\Phincon training\\Week 7\\AL-meme\\client-nya\\src\\pages\\Profile\\reducer.js","statementMap":{"0":{"start":{"line":4,"column":28},"end":{"line":7,"column":1}},"1":{"start":{"line":9,"column":23},"end":{"line":21,"column":6}},"2":{"start":{"line":10,"column":4},"end":{"line":21,"column":6}},"3":{"start":{"line":11,"column":8},"end":{"line":20,"column":9}},"4":{"start":{"line":13,"column":16},"end":{"line":13,"column":55}},"5":{"start":{"line":14,"column":16},"end":{"line":14,"column":22}},"6":{"start":{"line":16,"column":16},"end":{"line":16,"column":47}},"7":{"start":{"line":17,"column":16},"end":{"line":17,"column":22}},"8":{"start":{"line":19,"column":16},"end":{"line":19,"column":22}}},"fnMap":{"0":{"name":"(anonymous_0)","decl":{"start":{"line":9,"column":23},"end":{"line":9,"column":24}},"loc":{"start":{"line":10,"column":4},"end":{"line":21,"column":6}},"line":10},"1":{"name":"(anonymous_1)","decl":{"start":{"line":10,"column":19},"end":{"line":10,"column":20}},"loc":{"start":{"line":10,"column":28},"end":{"line":21,"column":5}},"line":10}},"branchMap":{"0":{"loc":{"start":{"line":9,"column":24},"end":{"line":9,"column":44}},"type":"default-arg","locations":[{"start":{"line":9,"column":32},"end":{"line":9,"column":44}}],"line":9},"1":{"loc":{"start":{"line":11,"column":8},"end":{"line":20,"column":9}},"type":"switch","locations":[{"start":{"line":12,"column":12},"end":{"line":14,"column":22}},{"start":{"line":15,"column":12},"end":{"line":17,"column":22}},{"start":{"line":18,"column":12},"end":{"line":19,"column":22}}],"line":11}},"s":{"0":1,"1":1,"2":12,"3":12,"4":0,"5":0,"6":0,"7":0,"8":12},"f":{"0":12,"1":12},"b":{"0":[3],"1":[0,0,12]},"_coverageSchema":"1a1c01bbd47fc00a2c39e90264f33305004495a9","hash":"4e0b0aa9b468a06ebb703689321af86a66054542"}
,"D:\\NGODING\\Phincon training\\Week 7\\AL-meme\\client-nya\\src\\pages\\Profile\\saga.js": {"path":"D:\\NGODING\\Phincon training\\Week 7\\AL-meme\\client-nya\\src\\pages\\Profile\\saga.js","statementMap":{"0":{"start":{"line":8,"column":4},"end":{"line":13,"column":5}},"1":{"start":{"line":9,"column":25},"end":{"line":9,"column":45}},"2":{"start":{"line":10,"column":8},"end":{"line":10,"column":43}},"3":{"start":{"line":12,"column":8},"end":{"line":12,"column":27}},"4":{"start":{"line":17,"column":4},"end":{"line":22,"column":5}},"5":{"start":{"line":18,"column":25},"end":{"line":18,"column":47}},"6":{"start":{"line":19,"column":8},"end":{"line":19,"column":39}},"7":{"start":{"line":21,"column":8},"end":{"line":21,"column":27}},"8":{"start":{"line":26,"column":4},"end":{"line":49,"column":5}},"9":{"start":{"line":27,"column":23},"end":{"line":35,"column":10}},"10":{"start":{"line":37,"column":8},"end":{"line":46,"column":9}},"11":{"start":{"line":38,"column":12},"end":{"line":38,"column":41}},"12":{"start":{"line":39,"column":12},"end":{"line":43,"column":15}},"13":{"start":{"line":44,"column":29},"end":{"line":44,"column":51}},"14":{"start":{"line":45,"column":12},"end":{"line":45,"column":43}},"15":{"start":{"line":48,"column":8},"end":{"line":48,"column":27}},"16":{"start":{"line":53,"column":4},"end":{"line":53,"column":56}},"17":{"start":{"line":54,"column":4},"end":{"line":54,"column":48}},"18":{"start":{"line":55,"column":4},"end":{"line":55,"column":53}}},"fnMap":{"0":{"name":"doGetUserProfile","decl":{"start":{"line":7,"column":17},"end":{"line":7,"column":33}},"loc":{"start":{"line":7,"column":36},"end":{"line":14,"column":1}},"line":7},"1":{"name":"doGetMyMemes","decl":{"start":{"line":16,"column":17},"end":{"line":16,"column":29}},"loc":{"start":{"line":16,"column":32},"end":{"line":23,"column":1}},"line":16},"2":{"name":"doDeleteMyMeme","decl":{"start":{"line":25,"column":17},"end":{"line":25,"column":31}},"loc":{"start":{"line":25,"column":40},"end":{"line":50,"column":1}},"line":25},"3":{"name":"profileSaga","decl":{"start":{"line":52,"column":17},"end":{"line":52,"column":28}},"loc":{"start":{"line":52,"column":31},"end":{"line":56,"column":1}},"line":52}},"branchMap":{"0":{"loc":{"start":{"line":37,"column":8},"end":{"line":46,"column":9}},"type":"if","locations":[{"start":{"line":37,"column":8},"end":{"line":46,"column":9}},{"start":{},"end":{}}],"line":37}},"s":{"0":0,"1":0,"2":0,"3":0,"4":0,"5":0,"6":0,"7":0,"8":0,"9":0,"10":0,"11":0,"12":0,"13":0,"14":0,"15":0,"16":1,"17":1,"18":1},"f":{"0":0,"1":0,"2":0,"3":1},"b":{"0":[0,0]},"_coverageSchema":"1a1c01bbd47fc00a2c39e90264f33305004495a9","hash":"bedb5d987bad3f4f203081c6b813e713c95d5063"}
,"D:\\NGODING\\Phincon training\\Week 7\\AL-meme\\client-nya\\src\\pages\\Register\\saga.js": {"path":"D:\\NGODING\\Phincon training\\Week 7\\AL-meme\\client-nya\\src\\pages\\Register\\saga.js","statementMap":{"0":{"start":{"line":6,"column":14},"end":{"line":16,"column":2}},"1":{"start":{"line":13,"column":8},"end":{"line":13,"column":44}},"2":{"start":{"line":14,"column":8},"end":{"line":14,"column":46}},"3":{"start":{"line":19,"column":4},"end":{"line":38,"column":5}},"4":{"start":{"line":20,"column":25},"end":{"line":20,"column":51}},"5":{"start":{"line":21,"column":8},"end":{"line":29,"column":9}},"6":{"start":{"line":22,"column":12},"end":{"line":22,"column":64}},"7":{"start":{"line":24,"column":12},"end":{"line":27,"column":15}},"8":{"start":{"line":28,"column":12},"end":{"line":28,"column":42}},"9":{"start":{"line":31,"column":8},"end":{"line":31,"column":43}},"10":{"start":{"line":32,"column":8},"end":{"line":37,"column":9}},"11":{"start":{"line":33,"column":33},"end":{"line":33,"column":88}},"12":{"start":{"line":34,"column":12},"end":{"line":34,"column":36}},"13":{"start":{"line":36,"column":12},"end":{"line":36,"column":51}},"14":{"start":{"line":42,"column":4},"end":{"line":42,"column":47}}},"fnMap":{"0":{"name":"(anonymous_0)","decl":{"start":{"line":12,"column":13},"end":{"line":12,"column":14}},"loc":{"start":{"line":12,"column":24},"end":{"line":15,"column":5}},"line":12},"1":{"name":"doRegister","decl":{"start":{"line":18,"column":17},"end":{"line":18,"column":27}},"loc":{"start":{"line":18,"column":48},"end":{"line":39,"column":1}},"line":18},"2":{"name":"registerSaga","decl":{"start":{"line":41,"column":25},"end":{"line":41,"column":37}},"loc":{"start":{"line":41,"column":40},"end":{"line":44,"column":1}},"line":41}},"branchMap":{"0":{"loc":{"start":{"line":21,"column":8},"end":{"line":29,"column":9}},"type":"if","locations":[{"start":{"line":21,"column":8},"end":{"line":29,"column":9}},{"start":{"line":23,"column":15},"end":{"line":29,"column":9}}],"line":21},"1":{"loc":{"start":{"line":32,"column":8},"end":{"line":37,"column":9}},"type":"if","locations":[{"start":{"line":32,"column":8},"end":{"line":37,"column":9}},{"start":{"line":35,"column":15},"end":{"line":37,"column":9}}],"line":32},"2":{"loc":{"start":{"line":33,"column":33},"end":{"line":33,"column":88}},"type":"binary-expr","locations":[{"start":{"line":33,"column":33},"end":{"line":33,"column":60}},{"start":{"line":33,"column":64},"end":{"line":33,"column":88}}],"line":33}},"s":{"0":1,"1":0,"2":0,"3":0,"4":0,"5":0,"6":0,"7":0,"8":0,"9":0,"10":0,"11":0,"12":0,"13":0,"14":1},"f":{"0":0,"1":0,"2":1},"b":{"0":[0,0],"1":[0,0],"2":[0,0]},"_coverageSchema":"1a1c01bbd47fc00a2c39e90264f33305004495a9","hash":"2e134aa6d88d5a02e479da70baaba841b4b818e5"}
,"D:\\NGODING\\Phincon training\\Week 7\\AL-meme\\client-nya\\src\\utils\\firebaseeConfig.js": {"path":"D:\\NGODING\\Phincon training\\Week 7\\AL-meme\\client-nya\\src\\utils\\firebaseeConfig.js","statementMap":{"0":{"start":{"line":4,"column":23},"end":{"line":12,"column":1}},"1":{"start":{"line":14,"column":12},"end":{"line":14,"column":41}}},"fnMap":{},"branchMap":{},"s":{"0":1,"1":1},"f":{},"b":{},"_coverageSchema":"1a1c01bbd47fc00a2c39e90264f33305004495a9","hash":"df415706769b5e06368f6f4db096c3c14ef28077"}
,"D:\\NGODING\\Phincon training\\Week 7\\AL-meme\\client-nya\\src\\utils\\request.js": {"path":"D:\\NGODING\\Phincon training\\Week 7\\AL-meme\\client-nya\\src\\utils\\request.js","statementMap":{"0":{"start":{"line":5,"column":0},"end":{"line":12,"column":3}},"1":{"start":{"line":6,"column":16},"end":{"line":6,"column":32}},"2":{"start":{"line":7,"column":20},"end":{"line":7,"column":32}},"3":{"start":{"line":8,"column":2},"end":{"line":10,"column":3}},"4":{"start":{"line":9,"column":4},"end":{"line":9,"column":56}},"5":{"start":{"line":11,"column":2},"end":{"line":11,"column":19}},"6":{"start":{"line":14,"column":0},"end":{"line":17,"column":2}},"7":{"start":{"line":15,"column":16},"end":{"line":15,"column":24}},"8":{"start":{"line":16,"column":13},"end":{"line":16,"column":34}},"9":{"start":{"line":19,"column":16},"end":{"line":19,"column":43}},"10":{"start":{"line":19,"column":29},"end":{"line":19,"column":43}}},"fnMap":{"0":{"name":"(anonymous_0)","decl":{"start":{"line":5,"column":31},"end":{"line":5,"column":32}},"loc":{"start":{"line":5,"column":46},"end":{"line":12,"column":1}},"line":5},"1":{"name":"(anonymous_1)","decl":{"start":{"line":15,"column":2},"end":{"line":15,"column":3}},"loc":{"start":{"line":15,"column":16},"end":{"line":15,"column":24}},"line":15},"2":{"name":"(anonymous_2)","decl":{"start":{"line":16,"column":2},"end":{"line":16,"column":3}},"loc":{"start":{"line":16,"column":13},"end":{"line":16,"column":34}},"line":16},"3":{"name":"(anonymous_3)","decl":{"start":{"line":19,"column":16},"end":{"line":19,"column":17}},"loc":{"start":{"line":19,"column":29},"end":{"line":19,"column":43}},"line":19}},"branchMap":{"0":{"loc":{"start":{"line":8,"column":2},"end":{"line":10,"column":3}},"type":"if","locations":[{"start":{"line":8,"column":2},"end":{"line":10,"column":3}},{"start":{},"end":{}}],"line":8}},"s":{"0":1,"1":0,"2":0,"3":0,"4":0,"5":0,"6":1,"7":0,"8":0,"9":1,"10":0},"f":{"0":0,"1":0,"2":0,"3":0},"b":{"0":[0,0]},"_coverageSchema":"1a1c01bbd47fc00a2c39e90264f33305004495a9","hash":"864b67e0ab8fdeae94edc4067193c03f37a70850"}
,"D:\\NGODING\\Phincon training\\Week 7\\AL-meme\\client-nya\\src\\utils\\testHelper.js": {"path":"D:\\NGODING\\Phincon training\\Week 7\\AL-meme\\client-nya\\src\\utils\\testHelper.js","statementMap":{"0":{"start":{"line":13,"column":17},"end":{"line":16,"column":1}},"1":{"start":{"line":18,"column":20},"end":{"line":24,"column":1}},"2":{"start":{"line":19,"column":2},"end":{"line":23,"column":13}},"3":{"start":{"line":26,"column":0},"end":{"line":28,"column":2}},"4":{"start":{"line":30,"column":21},"end":{"line":30,"column":86}},"5":{"start":{"line":30,"column":38},"end":{"line":30,"column":86}},"6":{"start":{"line":32,"column":13},"end":{"line":32,"column":82}},"7":{"start":{"line":32,"column":23},"end":{"line":32,"column":82}},"8":{"start":{"line":32,"column":48},"end":{"line":32,"column":81}},"9":{"start":{"line":32,"column":65},"end":{"line":32,"column":74}}},"fnMap":{"0":{"name":"(anonymous_0)","decl":{"start":{"line":18,"column":20},"end":{"line":18,"column":21}},"loc":{"start":{"line":19,"column":2},"end":{"line":23,"column":13}},"line":19},"1":{"name":"(anonymous_1)","decl":{"start":{"line":30,"column":21},"end":{"line":30,"column":22}},"loc":{"start":{"line":30,"column":38},"end":{"line":30,"column":86}},"line":30},"2":{"name":"(anonymous_2)","decl":{"start":{"line":32,"column":13},"end":{"line":32,"column":14}},"loc":{"start":{"line":32,"column":23},"end":{"line":32,"column":82}},"line":32},"3":{"name":"(anonymous_3)","decl":{"start":{"line":32,"column":35},"end":{"line":32,"column":36}},"loc":{"start":{"line":32,"column":48},"end":{"line":32,"column":81}},"line":32},"4":{"name":"(anonymous_4)","decl":{"start":{"line":32,"column":59},"end":{"line":32,"column":60}},"loc":{"start":{"line":32,"column":65},"end":{"line":32,"column":74}},"line":32}},"branchMap":{},"s":{"0":1,"1":1,"2":6,"3":1,"4":1,"5":6,"6":1,"7":0,"8":0,"9":0},"f":{"0":6,"1":6,"2":0,"3":0,"4":0},"b":{},"_coverageSchema":"1a1c01bbd47fc00a2c39e90264f33305004495a9","hash":"ba97208c50b70ac437bc4aa51ce061ad0ae7ee55"}
}
