TN:
SF:src\components\Card\index.jsx
FN:5,Card
FN:7,(anonymous_1)
FN:18,(anonymous_2)
FN:22,(anonymous_3)
FNF:4
FNH:4
FNDA:6,Card
FNDA:12,(anonymous_1)
FNDA:6,(anonymous_2)
FNDA:1,(anonymous_3)
DA:6,6
DA:7,12
DA:9,6
DA:19,6
DA:22,1
LF:5
LH:5
BRDA:7,0,0,6
BRDA:7,0,1,0
BRF:2
BRH:1
end_of_record
TN:
SF:src\components\Comment\index.jsx
FN:14,Comment
FN:19,(anonymous_1)
FN:25,(anonymous_2)
FN:35,(anonymous_3)
FN:63,(anonymous_4)
FN:75,(anonymous_5)
FN:93,(anonymous_6)
FNF:7
FNH:3
FNDA:7,Comment
FNDA:0,(anonymous_1)
FNDA:0,(anonymous_2)
FNDA:7,(anonymous_3)
FNDA:7,(anonymous_4)
FNDA:0,(anonymous_5)
FNDA:0,(anonymous_6)
DA:15,7
DA:16,7
DA:17,7
DA:19,7
DA:20,0
DA:21,0
DA:22,0
DA:25,7
DA:26,0
DA:28,7
DA:36,7
DA:64,7
DA:65,7
DA:75,0
DA:93,0
LF:15
LH:9
BRDA:73,0,0,7
BRDA:73,0,1,7
BRF:2
BRH:2
end_of_record
TN:
SF:src\components\FormLogin\index.jsx
FN:11,FormLogin
FN:18,(anonymous_1)
FN:23,(anonymous_2)
FN:42,(anonymous_3)
FN:48,(anonymous_4)
FN:66,(anonymous_5)
FNF:6
FNH:4
FNDA:9,FormLogin
FNDA:0,(anonymous_1)
FNDA:0,(anonymous_2)
FNDA:1,(anonymous_3)
FNDA:1,(anonymous_4)
FNDA:1,(anonymous_5)
DA:12,9
DA:13,9
DA:15,9
DA:16,9
DA:18,9
DA:19,0
DA:20,0
DA:23,9
DA:24,0
DA:26,9
DA:42,1
DA:48,1
DA:66,1
LF:13
LH:10
BRF:0
BRH:0
end_of_record
TN:
SF:src\components\FormRegister\index.jsx
FN:10,FormRegister
FN:20,(anonymous_1)
FN:32,(anonymous_2)
FN:70,(anonymous_3)
FN:83,(anonymous_4)
FN:96,(anonymous_5)
FN:108,(anonymous_6)
FNF:7
FNH:5
FNDA:10,FormRegister
FNDA:0,(anonymous_1)
FNDA:0,(anonymous_2)
FNDA:1,(anonymous_3)
FNDA:1,(anonymous_4)
FNDA:1,(anonymous_5)
FNDA:1,(anonymous_6)
DA:11,10
DA:12,10
DA:14,10
DA:15,10
DA:16,10
DA:17,10
DA:18,10
DA:20,10
DA:21,0
DA:23,0
DA:24,0
DA:25,0
DA:26,0
DA:28,0
DA:32,10
DA:33,0
DA:35,0
DA:36,0
DA:37,0
DA:38,0
DA:39,0
DA:41,0
DA:44,10
DA:70,1
DA:83,1
DA:96,1
DA:108,1
LF:27
LH:14
BRDA:23,0,0,0
BRDA:23,0,1,0
BRDA:55,1,0,10
BRDA:55,1,1,10
BRF:4
BRH:2
end_of_record
TN:
SF:src\components\Like\index.jsx
FN:12,Like
FN:15,(anonymous_1)
FN:17,(anonymous_2)
FNF:3
FNH:1
FNDA:3,Like
FNDA:0,(anonymous_1)
FNDA:0,(anonymous_2)
DA:13,3
DA:14,3
DA:15,3
DA:17,3
DA:18,0
DA:19,0
DA:21,0
DA:25,3
LF:8
LH:5
BRDA:18,0,0,0
BRDA:18,0,1,0
BRDA:29,1,0,0
BRDA:29,1,1,3
BRF:4
BRH:1
end_of_record
TN:
SF:src\pages\BePremium\index.jsx
FN:11,BePremium
FN:15,(anonymous_1)
FN:17,(anonymous_2)
FNF:3
FNH:1
FNDA:5,BePremium
FNDA:0,(anonymous_1)
FNDA:0,(anonymous_2)
DA:12,5
DA:13,5
DA:15,5
DA:17,0
DA:18,0
DA:23,5
LF:6
LH:4
BRF:0
BRH:0
end_of_record
TN:
SF:src\pages\BePremium\saga.js
FN:9,doMidtransPayment
FN:15,(anonymous_1)
FN:18,(anonymous_2)
FN:21,(anonymous_3)
FN:24,(anonymous_4)
FN:39,doUpdateStatusUser
FN:53,bePremiumSaga
FNF:7
FNH:1
FNDA:0,doMidtransPayment
FNDA:0,(anonymous_1)
FNDA:0,(anonymous_2)
FNDA:0,(anonymous_3)
FNDA:0,(anonymous_4)
FNDA:0,doUpdateStatusUser
FNDA:6,bePremiumSaga
DA:10,0
DA:11,0
DA:12,0
DA:14,0
DA:16,0
DA:19,0
DA:22,0
DA:25,0
DA:29,0
DA:30,0
DA:31,0
DA:32,0
DA:34,0
DA:40,0
DA:41,0
DA:42,0
DA:43,0
DA:44,0
DA:45,0
DA:46,0
DA:48,0
DA:50,0
DA:54,6
DA:55,6
LF:24
LH:2
BRDA:16,0,0,0
BRDA:16,0,1,0
BRDA:30,1,0,0
BRDA:30,1,1,0
BRDA:31,2,0,0
BRDA:31,2,1,0
BRF:6
BRH:0
end_of_record
TN:
SF:src\pages\ChangePassword\index.jsx
FN:10,ChangePassword
FN:16,(anonymous_1)
FN:47,(anonymous_2)
FN:60,(anonymous_3)
FNF:4
FNH:3
FNDA:8,ChangePassword
FNDA:0,(anonymous_1)
FNDA:1,(anonymous_2)
FNDA:1,(anonymous_3)
DA:11,8
DA:12,8
DA:13,8
DA:14,8
DA:16,8
DA:17,0
DA:19,0
DA:22,8
DA:47,1
DA:60,1
LF:10
LH:8
BRF:0
BRH:0
end_of_record
TN:
SF:src\pages\EditMeme\saga.js
FN:9,doEditMeme
FN:27,doGenerateEditMeme
FN:39,doGetMyMemeById
FN:52,editMemeSaga
FNF:4
FNH:1
FNDA:0,doEditMeme
FNDA:0,doGenerateEditMeme
FNDA:0,doGetMyMemeById
FNDA:6,editMemeSaga
DA:10,0
DA:11,0
DA:12,0
DA:13,0
DA:14,0
DA:15,0
DA:17,0
DA:18,0
DA:19,0
DA:20,0
DA:22,0
DA:28,0
DA:29,0
DA:30,0
DA:31,0
DA:33,0
DA:35,0
DA:40,0
DA:41,0
DA:42,0
DA:43,0
DA:44,0
DA:45,0
DA:47,0
DA:49,0
DA:53,6
DA:54,6
DA:55,6
LF:28
LH:3
BRDA:18,0,0,0
BRDA:18,0,1,0
BRDA:19,1,0,0
BRDA:19,1,1,0
BRF:4
BRH:0
end_of_record
TN:
SF:src\pages\Profile\saga.js
FN:7,doGetUserProfile
FN:16,doGetMyMemes
FN:25,doDeleteMyMeme
FN:52,profileSaga
FNF:4
FNH:1
FNDA:0,doGetUserProfile
FNDA:0,doGetMyMemes
FNDA:0,doDeleteMyMeme
FNDA:6,profileSaga
DA:8,0
DA:9,0
DA:10,0
DA:12,0
DA:17,0
DA:18,0
DA:19,0
DA:21,0
DA:26,0
DA:27,0
DA:37,0
DA:38,0
DA:39,0
DA:44,0
DA:45,0
DA:48,0
DA:53,6
DA:54,6
DA:55,6
LF:19
LH:3
BRDA:37,0,0,0
BRDA:37,0,1,0
BRF:2
BRH:0
end_of_record
TN:
SF:src\utils\firebaseeConfig.js
FNF:0
FNH:0
DA:4,6
DA:14,6
LF:2
LH:2
BRF:0
BRH:0
end_of_record
TN:
SF:src\utils\request.js
FN:5,(anonymous_0)
FN:15,(anonymous_1)
FN:16,(anonymous_2)
FN:19,(anonymous_3)
FNF:4
FNH:0
FNDA:0,(anonymous_0)
FNDA:0,(anonymous_1)
FNDA:0,(anonymous_2)
FNDA:0,(anonymous_3)
DA:5,6
DA:6,0
DA:7,0
DA:8,0
DA:9,0
DA:11,0
DA:14,6
DA:15,0
DA:16,0
DA:19,6
LF:10
LH:3
BRDA:8,0,0,0
BRDA:8,0,1,0
BRF:2
BRH:0
end_of_record
TN:
SF:src\utils\testHelper.js
FN:18,(anonymous_0)
FN:30,(anonymous_1)
FN:32,(anonymous_2)
FN:32,(anonymous_3)
FN:32,(anonymous_4)
FNF:5
FNH:2
FNDA:35,(anonymous_0)
FNDA:35,(anonymous_1)
FNDA:0,(anonymous_2)
FNDA:0,(anonymous_3)
FNDA:0,(anonymous_4)
DA:13,6
DA:18,6
DA:19,35
DA:26,6
DA:30,35
DA:32,6
LF:6
LH:6
BRF:0
BRH:0
end_of_record
