TN:
SF:config\development.js
FNF:0
FNH:0
LF:0
LH:0
BRF:0
BRH:0
end_of_record
TN:
SF:config\index.js
FNF:0
FNH:0
DA:5,7
DA:7,7
DA:9,7
LF:3
LH:3
BRDA:5,0,0,7
BRDA:5,0,1,0
BRF:2
BRH:1
end_of_record
TN:
SF:config\test.env.js
FNF:0
FNH:0
LF:0
LH:0
BRF:0
BRH:0
end_of_record
TN:
SF:src\configureStore.js
FN:11,(anonymous_0)
FNF:1
FNH:1
FNDA:6,(anonymous_0)
DA:9,6
DA:11,6
DA:12,6
DA:13,6
DA:17,6
DA:18,6
DA:21,6
DA:22,6
DA:23,6
DA:24,6
DA:26,6
DA:28,6
DA:31,6
DA:32,6
DA:35,6
DA:38,6
LF:16
LH:16
BRDA:11,0,0,0
BRDA:17,1,0,6
BRDA:17,1,1,0
BRDA:17,2,0,6
BRDA:17,2,1,6
BRDA:18,3,0,0
BRDA:18,3,1,6
BRF:7
BRH:4
end_of_record
TN:
SF:src\components\FormRegister\index.jsx
FN:11,FormRegister
FN:21,(anonymous_1)
FN:33,(anonymous_2)
FN:74,(anonymous_3)
FN:87,(anonymous_4)
FN:100,(anonymous_5)
FN:112,(anonymous_6)
FNF:7
FNH:5
FNDA:10,FormRegister
FNDA:0,(anonymous_1)
FNDA:0,(anonymous_2)
FNDA:1,(anonymous_3)
FNDA:1,(anonymous_4)
FNDA:1,(anonymous_5)
FNDA:1,(anonymous_6)
DA:12,10
DA:13,10
DA:15,10
DA:16,10
DA:17,10
DA:18,10
DA:19,10
DA:21,10
DA:22,0
DA:24,0
DA:25,0
DA:26,0
DA:27,0
DA:29,0
DA:33,10
DA:34,0
DA:36,0
DA:37,0
DA:38,0
DA:39,0
DA:41,0
DA:42,0
DA:45,0
DA:48,10
DA:74,1
DA:87,1
DA:100,1
DA:112,1
LF:28
LH:14
BRDA:24,0,0,0
BRDA:24,0,1,0
BRDA:41,1,0,0
BRDA:41,1,1,0
BRF:4
BRH:0
end_of_record
TN:
SF:src\pages\BePremium\saga.js
FN:9,doMidtransPayment
FN:15,(anonymous_1)
FN:18,(anonymous_2)
FN:21,(anonymous_3)
FN:24,(anonymous_4)
FN:39,doUpdateStatusUser
FN:58,bePremiumSaga
FNF:7
FNH:1
FNDA:0,doMidtransPayment
FNDA:0,(anonymous_1)
FNDA:0,(anonymous_2)
FNDA:0,(anonymous_3)
FNDA:0,(anonymous_4)
FNDA:0,doUpdateStatusUser
FNDA:6,bePremiumSaga
DA:10,0
DA:11,0
DA:12,0
DA:14,0
DA:16,0
DA:19,0
DA:22,0
DA:25,0
DA:30,0
DA:31,0
DA:32,0
DA:34,0
DA:40,0
DA:41,0
DA:42,0
DA:43,0
DA:44,0
DA:45,0
DA:46,0
DA:48,0
DA:49,0
DA:50,0
DA:52,0
DA:55,0
DA:59,6
DA:60,6
LF:26
LH:2
BRDA:16,0,0,0
BRDA:16,0,1,0
BRDA:30,1,0,0
BRDA:30,1,1,0
BRDA:31,2,0,0
BRDA:31,2,1,0
BRDA:48,3,0,0
BRDA:48,3,1,0
BRDA:49,4,0,0
BRDA:49,4,1,0
BRF:10
BRH:0
end_of_record
TN:
SF:src\pages\ChangePassword\saga.js
FN:12,(anonymous_0)
FN:18,doChangePasswordUser
FN:38,changePasswordSaga
FNF:3
FNH:1
FNDA:0,(anonymous_0)
FNDA:0,doChangePasswordUser
FNDA:6,changePasswordSaga
DA:6,6
DA:13,0
DA:14,0
DA:19,0
DA:20,0
DA:21,0
DA:22,0
DA:26,0
DA:29,0
DA:30,0
DA:31,0
DA:33,0
DA:39,6
LF:13
LH:2
BRDA:21,0,0,0
BRDA:21,0,1,0
BRDA:29,1,0,0
BRDA:29,1,1,0
BRDA:30,2,0,0
BRDA:30,2,1,0
BRF:6
BRH:0
end_of_record
TN:
SF:src\pages\EditMeme\saga.js
FN:9,doEditMeme
FN:26,doGenerateEditMeme
FN:43,doGetMyMemeById
FN:61,editMemeSaga
FNF:4
FNH:1
FNDA:0,doEditMeme
FNDA:0,doGenerateEditMeme
FNDA:0,doGetMyMemeById
FNDA:6,editMemeSaga
DA:10,0
DA:11,0
DA:12,0
DA:13,0
DA:14,0
DA:15,0
DA:17,0
DA:18,0
DA:19,0
DA:21,0
DA:27,0
DA:28,0
DA:29,0
DA:30,0
DA:32,0
DA:33,0
DA:34,0
DA:36,0
DA:39,0
DA:44,0
DA:45,0
DA:46,0
DA:47,0
DA:48,0
DA:49,0
DA:51,0
DA:52,0
DA:53,0
DA:55,0
DA:58,0
DA:62,6
DA:63,6
DA:64,6
LF:33
LH:3
BRDA:17,0,0,0
BRDA:17,0,1,0
BRDA:18,1,0,0
BRDA:18,1,1,0
BRDA:32,2,0,0
BRDA:32,2,1,0
BRDA:33,3,0,0
BRDA:33,3,1,0
BRDA:51,4,0,0
BRDA:51,4,1,0
BRDA:52,5,0,0
BRDA:52,5,1,0
BRF:12
BRH:0
end_of_record
TN:
SF:src\pages\EditProfile\saga.js
FN:8,doEditUser
FN:26,editSaga
FNF:2
FNH:1
FNDA:0,doEditUser
FNDA:6,editSaga
DA:9,0
DA:10,0
DA:11,0
DA:12,0
DA:13,0
DA:14,0
DA:15,0
DA:17,0
DA:18,0
DA:19,0
DA:21,0
DA:27,6
LF:12
LH:1
BRDA:17,0,0,0
BRDA:17,0,1,0
BRDA:18,1,0,0
BRDA:18,1,1,0
BRF:4
BRH:0
end_of_record
TN:
SF:src\pages\Home\saga.js
FN:8,setLoadingWithInterval
FN:16,doGetAllMeme
FN:34,homeSaga
FNF:3
FNH:1
FNDA:0,setLoadingWithInterval
FNDA:0,doGetAllMeme
FNDA:6,homeSaga
DA:9,0
DA:11,0
DA:13,0
DA:17,0
DA:18,0
DA:19,0
DA:20,0
DA:21,0
DA:22,0
DA:24,0
DA:25,0
DA:26,0
DA:28,0
DA:31,0
DA:35,6
LF:15
LH:1
BRDA:24,0,0,0
BRDA:24,0,1,0
BRDA:25,1,0,0
BRDA:25,1,1,0
BRF:4
BRH:0
end_of_record
TN:
SF:src\pages\Login\saga.js
FN:18,(anonymous_0)
FN:24,doLogin
FN:54,doGoogleLogin
FN:59,(anonymous_3)
FN:90,loginSaga
FNF:5
FNH:1
FNDA:0,(anonymous_0)
FNDA:0,doLogin
FNDA:0,doGoogleLogin
FNDA:0,(anonymous_3)
FNDA:6,loginSaga
DA:12,6
DA:19,0
DA:20,0
DA:25,0
DA:26,0
DA:28,0
DA:30,0
DA:31,0
DA:32,0
DA:34,0
DA:35,0
DA:36,0
DA:37,0
DA:38,0
DA:44,0
DA:45,0
DA:46,0
DA:48,0
DA:51,0
DA:55,0
DA:56,0
DA:57,0
DA:59,0
DA:61,0
DA:63,0
DA:68,0
DA:69,0
DA:71,0
DA:72,0
DA:73,0
DA:74,0
DA:75,0
DA:81,0
DA:82,0
DA:83,0
DA:85,0
DA:91,6
DA:92,6
LF:38
LH:3
BRDA:31,0,0,0
BRDA:31,0,1,0
BRDA:44,1,0,0
BRDA:44,1,1,0
BRDA:44,2,0,0
BRDA:44,2,1,0
BRDA:45,3,0,0
BRDA:45,3,1,0
BRDA:68,4,0,0
BRDA:68,4,1,0
BRDA:81,5,0,0
BRDA:81,5,1,0
BRDA:82,6,0,0
BRDA:82,6,1,0
BRF:14
BRH:0
end_of_record
TN:
SF:src\pages\MemeDetail\saga.js
FN:15,(anonymous_0)
FN:21,doGetMemeById
FN:39,doGenerateMeme
FN:55,doGetAllComment
FN:69,doAddComment
FN:84,doDeleteComment
FN:116,doGetLike
FN:130,doAddLike
FN:145,doRemoveLike
FN:160,doAddMyMemes
FN:183,memeDetailSaga
FNF:11
FNH:1
FNDA:0,(anonymous_0)
FNDA:0,doGetMemeById
FNDA:0,doGenerateMeme
FNDA:0,doGetAllComment
FNDA:0,doAddComment
FNDA:0,doDeleteComment
FNDA:0,doGetLike
FNDA:0,doAddLike
FNDA:0,doRemoveLike
FNDA:0,doAddMyMemes
FNDA:6,memeDetailSaga
DA:9,6
DA:16,0
DA:17,0
DA:22,0
DA:23,0
DA:24,0
DA:25,0
DA:26,0
DA:27,0
DA:29,0
DA:30,0
DA:31,0
DA:33,0
DA:36,0
DA:40,0
DA:41,0
DA:42,0
DA:43,0
DA:45,0
DA:46,0
DA:47,0
DA:49,0
DA:52,0
DA:56,0
DA:57,0
DA:58,0
DA:60,0
DA:61,0
DA:62,0
DA:64,0
DA:70,0
DA:71,0
DA:72,0
DA:73,0
DA:75,0
DA:76,0
DA:77,0
DA:79,0
DA:85,0
DA:86,0
DA:96,0
DA:97,0
DA:98,0
DA:103,0
DA:104,0
DA:107,0
DA:108,0
DA:109,0
DA:111,0
DA:117,0
DA:118,0
DA:119,0
DA:121,0
DA:122,0
DA:123,0
DA:125,0
DA:131,0
DA:132,0
DA:133,0
DA:134,0
DA:136,0
DA:137,0
DA:138,0
DA:140,0
DA:146,0
DA:147,0
DA:148,0
DA:149,0
DA:151,0
DA:152,0
DA:153,0
DA:155,0
DA:161,0
DA:162,0
DA:163,0
DA:168,0
DA:169,0
DA:170,0
DA:173,0
DA:174,0
DA:175,0
DA:177,0
DA:184,6
DA:185,6
DA:186,6
DA:187,6
DA:188,6
DA:189,6
DA:190,6
DA:191,6
DA:192,6
LF:91
LH:10
BRDA:29,0,0,0
BRDA:29,0,1,0
BRDA:30,1,0,0
BRDA:30,1,1,0
BRDA:45,2,0,0
BRDA:45,2,1,0
BRDA:46,3,0,0
BRDA:46,3,1,0
BRDA:60,4,0,0
BRDA:60,4,1,0
BRDA:61,5,0,0
BRDA:61,5,1,0
BRDA:75,6,0,0
BRDA:75,6,1,0
BRDA:76,7,0,0
BRDA:76,7,1,0
BRDA:96,8,0,0
BRDA:96,8,1,0
BRDA:107,9,0,0
BRDA:107,9,1,0
BRDA:108,10,0,0
BRDA:108,10,1,0
BRDA:121,11,0,0
BRDA:121,11,1,0
BRDA:122,12,0,0
BRDA:122,12,1,0
BRDA:136,13,0,0
BRDA:136,13,1,0
BRDA:137,14,0,0
BRDA:137,14,1,0
BRDA:151,15,0,0
BRDA:151,15,1,0
BRDA:152,16,0,0
BRDA:152,16,1,0
BRDA:173,17,0,0
BRDA:173,17,1,0
BRDA:174,18,0,0
BRDA:174,18,1,0
BRF:38
BRH:0
end_of_record
TN:
SF:src\pages\Profile\saga.js
FN:7,doGetUserProfile
FN:21,doGetMyMemes
FN:35,doDeleteMyMeme
FN:67,profileSaga
FNF:4
FNH:1
FNDA:0,doGetUserProfile
FNDA:0,doGetMyMemes
FNDA:0,doDeleteMyMeme
FNDA:6,profileSaga
DA:8,0
DA:9,0
DA:10,0
DA:12,0
DA:13,0
DA:14,0
DA:16,0
DA:22,0
DA:23,0
DA:24,0
DA:26,0
DA:27,0
DA:28,0
DA:30,0
DA:36,0
DA:37,0
DA:47,0
DA:48,0
DA:49,0
DA:54,0
DA:55,0
DA:58,0
DA:59,0
DA:60,0
DA:62,0
DA:68,6
DA:69,6
DA:70,6
LF:28
LH:3
BRDA:12,0,0,0
BRDA:12,0,1,0
BRDA:13,1,0,0
BRDA:13,1,1,0
BRDA:26,2,0,0
BRDA:26,2,1,0
BRDA:27,3,0,0
BRDA:27,3,1,0
BRDA:47,4,0,0
BRDA:47,4,1,0
BRDA:58,5,0,0
BRDA:58,5,1,0
BRDA:59,6,0,0
BRDA:59,6,1,0
BRF:14
BRH:0
end_of_record
TN:
SF:src\pages\Register\saga.js
FN:14,(anonymous_0)
FN:20,doRegister
FN:45,registerSaga
FNF:3
FNH:1
FNDA:0,(anonymous_0)
FNDA:0,doRegister
FNDA:6,registerSaga
DA:8,6
DA:15,0
DA:16,0
DA:21,0
DA:22,0
DA:24,0
DA:25,0
DA:26,0
DA:28,0
DA:32,0
DA:36,0
DA:37,0
DA:38,0
DA:40,0
DA:46,6
LF:15
LH:2
BRDA:25,0,0,0
BRDA:25,0,1,0
BRDA:36,1,0,0
BRDA:36,1,1,0
BRDA:37,2,0,0
BRDA:37,2,1,0
BRF:6
BRH:0
end_of_record
TN:
SF:src\utils\firebaseeConfig.js
FNF:0
FNH:0
DA:4,6
DA:14,6
LF:2
LH:2
BRF:0
BRH:0
end_of_record
